(MainThread) 190618_12:35:05.976 INFO client.py:178 sent startApi
(MainThread) 190618_12:35:05.976 INFO client.py:88 REQUEST startApi {}
(MainThread) 190618_12:35:05.976 INFO client.py:77 SENDING startApi b'\x00\x00\x00\x0871\x002\x000\x00\x00'
(MainThread) 190618_12:35:05.978 INFO wrapper.py:48 ANSWER managedAccounts {'accountsList': 'U8071180'}
(MainThread) 190618_12:35:05.978 INFO wrapper.py:48 ANSWER nextValidId {'orderId': 60}
(MainThread) 190618_12:35:07.193 INFO client.py:88 REQUEST reqMatchingSymbols {'reqId': 200002, 'pattern': 'A'}
(MainThread) 190618_12:35:07.203 INFO client.py:77 SENDING reqMatchingSymbols b'\x00\x00\x00\x0c81\x00200002\x00A\x00'
(MainThread) 190618_12:35:08.235 INFO client.py:88 REQUEST reqMatchingSymbols {'reqId': 200003, 'pattern': 'B'}
(MainThread) 190618_12:35:08.236 INFO client.py:77 SENDING reqMatchingSymbols b'\x00\x00\x00\x0c81\x00200003\x00B\x00'
(MainThread) 190618_12:35:09.268 INFO client.py:88 REQUEST reqMatchingSymbols {'reqId': 200004, 'pattern': 'C'}
(MainThread) 190618_12:35:09.268 INFO client.py:77 SENDING reqMatchingSymbols b'\x00\x00\x00\x0c81\x00200004\x00C\x00'
(MainThread) 190618_12:35:10.298 INFO client.py:88 REQUEST reqMatchingSymbols {'reqId': 200005, 'pattern': 'D'}
(MainThread) 190618_12:35:10.298 INFO client.py:77 SENDING reqMatchingSymbols b'\x00\x00\x00\x0c81\x00200005\x00D\x00'
(MainThread) 190618_12:35:11.337 INFO client.py:88 REQUEST reqMatchingSymbols {'reqId': 200006, 'pattern': 'E'}
(MainThread) 190618_12:35:11.337 INFO client.py:77 SENDING reqMatchingSymbols b'\x00\x00\x00\x0c81\x00200006\x00E\x00'
(MainThread) 190618_12:35:12.365 INFO client.py:88 REQUEST reqMatchingSymbols {'reqId': 200007, 'pattern': 'F'}
(MainThread) 190618_12:35:12.365 INFO client.py:77 SENDING reqMatchingSymbols b'\x00\x00\x00\x0c81\x00200007\x00F\x00'
(MainThread) 190618_12:35:13.397 INFO client.py:88 REQUEST reqMatchingSymbols {'reqId': 200008, 'pattern': 'G'}
(MainThread) 190618_12:35:13.397 INFO client.py:77 SENDING reqMatchingSymbols b'\x00\x00\x00\x0c81\x00200008\x00G\x00'
(MainThread) 190618_12:35:14.429 INFO client.py:88 REQUEST reqMatchingSymbols {'reqId': 200009, 'pattern': 'H'}
(MainThread) 190618_12:35:14.429 INFO client.py:77 SENDING reqMatchingSymbols b'\x00\x00\x00\x0c81\x00200009\x00H\x00'
(MainThread) 190618_12:35:15.468 INFO client.py:88 REQUEST reqMatchingSymbols {'reqId': 200010, 'pattern': 'I'}
(MainThread) 190618_12:35:15.468 INFO client.py:77 SENDING reqMatchingSymbols b'\x00\x00\x00\x0c81\x00200010\x00I\x00'
(MainThread) 190618_12:35:16.509 INFO client.py:88 REQUEST reqMatchingSymbols {'reqId': 200011, 'pattern': 'J'}
(MainThread) 190618_12:35:16.509 INFO client.py:77 SENDING reqMatchingSymbols b'\x00\x00\x00\x0c81\x00200011\x00J\x00'
(MainThread) 190618_12:35:16.542 INFO wrapper.py:48 ANSWER symbolSamples {'reqId': 200002, 'contractDescriptions': [2631618850264: Object, 2631619116672: Object, 2631619116168: Object, 2631619253752: Object, 2631619252912: Object, 2631619255152: Object, 2631619255600: Object, 2631619255992: Object, 2631619273000: Object, 2631619273336: Object, 2631619273672: Object, 2631619274064: Object, 2631619274400: Object, 2631619274736: Object, 2631619275072: Object, 2631619275520: Object, 2631619275912: Object, 2631619276248: Object, 2631619285064: Object]}
(MainThread) 190618_12:35:16.723 INFO wrapper.py:48 ANSWER symbolSamples {'reqId': 200003, 'contractDescriptions': [2631618850264: Object, 2631619116616: Object, 2631619116168: Object, 2631619253752: Object, 2631619255152: Object, 2631619254592: Object, 2631619255656: Object, 2631619252296: Object, 2631619285232: Object, 2631619286408: Object, 2631619413216: Object, 2631619413552: Object, 2631619413888: Object, 2631619414336: Object, 2631619414728: Object, 2631619415344: Object, 2631619415680: Object, 2631619416016: Object]}
(MainThread) 190618_12:35:16.955 INFO wrapper.py:48 ANSWER symbolSamples {'reqId': 200004, 'contractDescriptions': [2631618850264: Object, 2631619116392: Object, 2631619116728: Object, 2631619285064: Object, 2631619286464: Object, 2631619253080: Object, 2631619252968: Object, 2631619255376: Object, 2631619253640: Object, 2631619256104: Object, 2631619252296: Object, 2631619413048: Object, 2631619413384: Object, 2631619413720: Object, 2631619414112: Object, 2631619414616: Object, 2631619415008: Object, 2631619415568: Object, 2631619415848: Object]}
(MainThread) 190618_12:35:17.172 INFO wrapper.py:48 ANSWER symbolSamples {'reqId': 200005, 'contractDescriptions': [2631618850264: Object, 2631619115104: Object, 2631619415792: Object, 2631619412656: Object, 2631619413216: Object, 2631619413608: Object, 2631619414392: Object, 2631619415120: Object, 2631619414448: Object, 2631619415344: Object, 2631619415736: Object, 2631619252800: Object, 2631619254144: Object, 2631619255488: Object, 2631619255936: Object, 2631619256048: Object]}
(MainThread) 190618_12:35:17.421 INFO wrapper.py:48 ANSWER symbolSamples {'reqId': 200006, 'contractDescriptions': [2631618850264: Object, 2631619412600: Object, 2631619413048: Object, 2631619413776: Object, 2631619414224: Object, 2631619414672: Object, 2631619414560: Object, 2631619414952: Object, 2631619415736: Object, 2631619256104: Object, 2631619255040: Object, 2631619255544: Object, 2631619254200: Object, 2631619116616: Object, 2631619115104: Object, 2631619285960: Object, 2631619286520: Object]}
(MainThread) 190618_12:35:17.679 INFO wrapper.py:48 ANSWER symbolSamples {'reqId': 200007, 'contractDescriptions': [2631613980288: Object, 2631619415848: Object, 2631619413216: Object, 2631619413440: Object, 2631619414392: Object, 2631619415176: Object, 2631619414560: Object, 2631619414952: Object, 2631619415456: Object, 2631619255600: Object, 2631619253080: Object, 2631619255488: Object, 2631619255544: Object, 2631619256160: Object, 2631619285288: Object, 2631619285232: Object, 2631619116784: Object, 2631619115552: Object]}
(MainThread) 190618_12:35:17.932 INFO wrapper.py:48 ANSWER symbolSamples {'reqId': 200008, 'contractDescriptions': [2631613980288: Object, 2631619415288: Object, 2631619413216: Object, 2631619414224: Object, 2631619414112: Object, 2631619415064: Object, 2631619415400: Object, 2631619415736: Object, 2631619415568: Object, 2631619255824: Object, 2631619253024: Object, 2631619255432: Object, 2631619253640: Object, 2631619255936: Object, 2631619115832: Object, 2631619116112: Object, 2631619286968: Object, 2631619287080: Object]}
(MainThread) 190618_12:35:18.111 INFO wrapper.py:48 ANSWER symbolSamples {'reqId': 200009, 'contractDescriptions': [2631613980288: Object, 2631619255824: Object, 2631619255152: Object, 2631619254144: Object, 2631619255320: Object, 2631618986280: Object, 2631619116392: Object, 2631619116056: Object, 2631619412992: Object, 2631619412600: Object, 2631619412544: Object, 2631619413888: Object, 2631619415064: Object, 2631619414616: Object, 2631619415736: Object, 2631619415456: Object, 2631619285960: Object]}
(MainThread) 190618_12:35:18.348 INFO wrapper.py:48 ANSWER symbolSamples {'reqId': 200010, 'contractDescriptions': [2631613980288: Object, 2631619256104: Object, 2631619256216: Object, 2631619255040: Object, 2631619252688: Object, 2631619255208: Object, 2631619116168: Object, 2631619116784: Object, 2631619412656: Object, 2631619413832: Object, 2631619412544: Object, 2631619413328: Object, 2631619413944: Object, 2631619414168: Object, 2631619414840: Object, 2631619415736: Object]}
(MainThread) 190618_12:35:18.575 INFO wrapper.py:48 ANSWER symbolSamples {'reqId': 200011, 'contractDescriptions': [2631613980288: Object, 2631619255768: Object, 2631619256216: Object, 2631619255040: Object, 2631619252688: Object, 2631619255208: Object, 2631619116672: Object, 2631619116000: Object, 2631619415960: Object, 2631619415792: Object, 2631619412992: Object, 2631619413272: Object, 2631619413328: Object, 2631619413944: Object, 2631619414616: Object]}
(Thread-7) 190618_12:35:19.685 INFO client.py:88 REQUEST reqMatchingSymbols {'reqId': 200013, 'pattern': 'A'}
(Thread-7) 190618_12:35:19.685 INFO client.py:77 SENDING reqMatchingSymbols b'\x00\x00\x00\x0c81\x00200013\x00A\x00'
(MainThread) 190618_12:35:19.862 INFO wrapper.py:48 ANSWER symbolSamples {'reqId': 200013, 'contractDescriptions': [2631619255152: Object, 2631619254200: Object, 2631619254144: Object, 2631619253640: Object, 2631619255376: Object, 2631619116616: Object, 2631619115104: Object, 2631619414896: Object, 2631619413608: Object, 2631619413104: Object, 2631619415288: Object, 2631619413832: Object, 2631619414392: Object, 2631619413328: Object, 2631619413944: Object, 2631618987176: Object, 2631619286800: Object, 2631619465344: Object, 2631619465904: Object]}
(Thread-7) 190618_12:35:20.718 INFO client.py:88 REQUEST reqMatchingSymbols {'reqId': 200014, 'pattern': 'B'}
(Thread-7) 190618_12:35:20.718 INFO client.py:77 SENDING reqMatchingSymbols b'\x00\x00\x00\x0c81\x00200014\x00B\x00'
(MainThread) 190618_12:35:20.895 INFO wrapper.py:48 ANSWER symbolSamples {'reqId': 200014, 'contractDescriptions': [2631619116056: Object, 2631619116616: Object, 2631619414448: Object, 2631619414000: Object, 2631619415568: Object, 2631619412600: Object, 2631619413272: Object, 2631619413496: Object, 2631619414056: Object, 2631619415232: Object, 2631619286912: Object, 2631619255768: Object, 2631619254200: Object, 2631619254144: Object, 2631619255320: Object, 2631619467584: Object, 2631619467080: Object, 2631619467136: Object]}
(Thread-7) 190618_12:35:21.760 INFO client.py:88 REQUEST reqMatchingSymbols {'reqId': 200015, 'pattern': 'C'}
(Thread-7) 190618_12:35:21.760 INFO client.py:77 SENDING reqMatchingSymbols b'\x00\x00\x00\x0c81\x00200015\x00C\x00'
(MainThread) 190618_12:35:21.930 INFO wrapper.py:48 ANSWER symbolSamples {'reqId': 200015, 'contractDescriptions': [2631618986616: Object, 2631619116168: Object, 2631619285232: Object, 2631619255824: Object, 2631619255152: Object, 2631619253080: Object, 2631619252744: Object, 2631619255600: Object, 2631619255432: Object, 2631619415456: Object, 2631619413104: Object, 2631619412992: Object, 2631619413832: Object, 2631619414728: Object, 2631619413216: Object, 2631619413776: Object, 2631619467472: Object, 2631619465736: Object, 2631619467136: Object]}
(Thread-7) 190618_12:35:22.798 INFO client.py:88 REQUEST reqMatchingSymbols {'reqId': 200016, 'pattern': 'D'}
(Thread-7) 190618_12:35:22.798 INFO client.py:77 SENDING reqMatchingSymbols b'\x00\x00\x00\x0c81\x00200016\x00D\x00'
(MainThread) 190618_12:35:22.962 INFO wrapper.py:48 ANSWER symbolSamples {'reqId': 200016, 'contractDescriptions': [2631619254144: Object, 2631619255824: Object, 2631619255600: Object, 2631619253752: Object, 2631619414616: Object, 2631619415568: Object, 2631619415288: Object, 2631619415904: Object, 2631619414392: Object, 2631619412936: Object, 2631619413720: Object, 2631619414112: Object, 2631619286520: Object, 2631619286800: Object, 2631619115552: Object, 2631619116168: Object]}
(Thread-7) 190618_12:35:23.839 INFO client.py:88 REQUEST reqMatchingSymbols {'reqId': 200017, 'pattern': 'E'}
(Thread-7) 190618_12:35:23.839 INFO client.py:77 SENDING reqMatchingSymbols b'\x00\x00\x00\x0c81\x00200017\x00E\x00'
(MainThread) 190618_12:35:24.009 INFO wrapper.py:48 ANSWER symbolSamples {'reqId': 200017, 'contractDescriptions': [2631619414784: Object, 2631619414448: Object, 2631619415288: Object, 2631619412600: Object, 2631619414392: Object, 2631619413496: Object, 2631619414168: Object, 2631619285176: Object, 2631619116168: Object, 2631619116392: Object, 2631619116000: Object, 2631619255040: Object, 2631619252856: Object, 2631619255936: Object, 2631619254592: Object, 2631619465512: Object, 2631619466576: Object]}
(Thread-7) 190618_12:35:24.876 INFO client.py:88 REQUEST reqMatchingSymbols {'reqId': 200018, 'pattern': 'F'}
(Thread-7) 190618_12:35:24.877 INFO client.py:77 SENDING reqMatchingSymbols b'\x00\x00\x00\x0c81\x00200018\x00F\x00'
(MainThread) 190618_12:35:25.042 INFO wrapper.py:48 ANSWER symbolSamples {'reqId': 200018, 'contractDescriptions': [2631619285848: Object, 2631619116672: Object, 2631619115608: Object, 2631619254144: Object, 2631619255824: Object, 2631619255320: Object, 2631619252912: Object, 2631619253752: Object, 2631619414616: Object, 2631619413552: Object, 2631619413832: Object, 2631619413664: Object, 2631619414392: Object, 2631619415232: Object, 2631619414168: Object, 2631619415736: Object, 2631619465512: Object, 2631619466016: Object]}
(Thread-7) 190618_12:35:25.915 INFO client.py:88 REQUEST reqMatchingSymbols {'reqId': 200019, 'pattern': 'G'}
(Thread-7) 190618_12:35:25.915 INFO client.py:77 SENDING reqMatchingSymbols b'\x00\x00\x00\x0c81\x00200019\x00G\x00'
(MainThread) 190618_12:35:26.080 INFO wrapper.py:48 ANSWER symbolSamples {'reqId': 200019, 'contractDescriptions': [2631619286632: Object, 2631619255768: Object, 2631619255208: Object, 2631619255600: Object, 2631619253752: Object, 2631619415456: Object, 2631619413552: Object, 2631619415624: Object, 2631619412656: Object, 2631619416016: Object, 2631619415008: Object, 2631619415232: Object, 2631619414056: Object, 2631619116672: Object, 2631619115832: Object, 2631619467976: Object, 2631619467920: Object, 2631619466296: Object]}
(Thread-7) 190618_12:35:26.951 INFO client.py:88 REQUEST reqMatchingSymbols {'reqId': 200020, 'pattern': 'H'}
(Thread-7) 190618_12:35:26.951 INFO client.py:77 SENDING reqMatchingSymbols b'\x00\x00\x00\x0c81\x00200020\x00H\x00'
(MainThread) 190618_12:35:27.112 INFO wrapper.py:48 ANSWER symbolSamples {'reqId': 200020, 'contractDescriptions': [2631619285960: Object, 2631619252800: Object, 2631619254424: Object, 2631619255712: Object, 2631619253752: Object, 2631619415456: Object, 2631619415512: Object, 2631619415624: Object, 2631619412656: Object, 2631619413496: Object, 2631619413776: Object, 2631619413888: Object, 2631619116672: Object, 2631619115832: Object, 2631619467416: Object, 2631619466408: Object, 2631619467360: Object]}
(Thread-7) 190618_12:35:27.995 INFO client.py:88 REQUEST reqMatchingSymbols {'reqId': 200021, 'pattern': 'I'}
(Thread-7) 190618_12:35:27.995 INFO client.py:77 SENDING reqMatchingSymbols b'\x00\x00\x00\x0c81\x00200021\x00I\x00'
(MainThread) 190618_12:35:28.165 INFO wrapper.py:48 ANSWER symbolSamples {'reqId': 200021, 'contractDescriptions': [2631619254424: Object, 2631619253024: Object, 2631619256048: Object, 2631619256104: Object, 2631619412992: Object, 2631619415288: Object, 2631619415960: Object, 2631619416016: Object, 2631619414728: Object, 2631619414280: Object, 2631619412544: Object, 2631619413944: Object, 2631619116672: Object, 2631619115832: Object, 2631619286800: Object, 2631619465288: Object]}
(Thread-7) 190618_12:35:29.029 INFO client.py:88 REQUEST reqMatchingSymbols {'reqId': 200022, 'pattern': 'J'}
(Thread-7) 190618_12:35:29.029 INFO client.py:77 SENDING reqMatchingSymbols b'\x00\x00\x00\x0c81\x00200022\x00J\x00'
(MainThread) 190618_12:35:29.193 INFO wrapper.py:48 ANSWER symbolSamples {'reqId': 200022, 'contractDescriptions': [2631618987064: Object, 2631619255432: Object, 2631619255600: Object, 2631619255376: Object, 2631619255656: Object, 2631619415064: Object, 2631619415288: Object, 2631619415960: Object, 2631619415792: Object, 2631619414504: Object, 2631619414896: Object, 2631619414224: Object, 2631619412544: Object, 2631619413944: Object, 2631619116056: Object]}
(Thread-8) 190618_12:35:32.239 INFO client.py:88 REQUEST reqMatchingSymbols {'reqId': 200024, 'pattern': 'A'}
(Thread-8) 190618_12:35:32.239 INFO client.py:77 SENDING reqMatchingSymbols b'\x00\x00\x00\x0c81\x00200024\x00A\x00'
(MainThread) 190618_12:35:32.406 INFO wrapper.py:48 ANSWER symbolSamples {'reqId': 200024, 'contractDescriptions': [2631619253304: Object, 2631619415400: Object, 2631619414000: Object, 2631619413104: Object, 2631619414616: Object, 2631619415120: Object, 2631619413776: Object, 2631619414952: Object, 2631619415232: Object, 2631619415736: Object, 2631619116168: Object, 2631619116728: Object, 2631619115104: Object, 2631619286464: Object, 2631619285344: Object, 2631619285624: Object, 2631619287248: Object, 2631619481952: Object, 2631619482512: Object]}
(Thread-8) 190618_12:35:33.271 INFO client.py:88 REQUEST reqMatchingSymbols {'reqId': 200025, 'pattern': 'B'}
(Thread-8) 190618_12:35:33.272 INFO client.py:77 SENDING reqMatchingSymbols b'\x00\x00\x00\x0c81\x00200025\x00B\x00'
(MainThread) 190618_12:35:33.435 INFO wrapper.py:48 ANSWER symbolSamples {'reqId': 200025, 'contractDescriptions': [2631619255880: Object, 2631619116168: Object, 2631619115776: Object, 2631619115104: Object, 2631619286744: Object, 2631619285176: Object, 2631619286800: Object, 2631619415064: Object, 2631619414784: Object, 2631619414616: Object, 2631619414504: Object, 2631619414896: Object, 2631619414952: Object, 2631619415008: Object, 2631619412544: Object, 2631619483800: Object, 2631619483240: Object, 2631619482736: Object]}
(Thread-8) 190618_12:35:34.312 INFO client.py:88 REQUEST reqMatchingSymbols {'reqId': 200026, 'pattern': 'C'}
(Thread-8) 190618_12:35:34.313 INFO client.py:77 SENDING reqMatchingSymbols b'\x00\x00\x00\x0c81\x00200026\x00C\x00'
(MainThread) 190618_12:35:34.480 INFO wrapper.py:48 ANSWER symbolSamples {'reqId': 200026, 'contractDescriptions': [2631619255992: Object, 2631619287080: Object, 2631619287136: Object, 2631619286744: Object, 2631619286800: Object, 2631619412880: Object, 2631619414784: Object, 2631619414616: Object, 2631619415680: Object, 2631619412656: Object, 2631619415848: Object, 2631619414280: Object, 2631619413384: Object, 2631619413944: Object, 2631619115608: Object, 2631619116616: Object, 2631619484360: Object, 2631619483688: Object, 2631619481672: Object]}
(Thread-8) 190618_12:35:35.349 INFO client.py:88 REQUEST reqMatchingSymbols {'reqId': 200027, 'pattern': 'D'}
(Thread-8) 190618_12:35:35.349 INFO client.py:77 SENDING reqMatchingSymbols b'\x00\x00\x00\x0c81\x00200027\x00D\x00'
(MainThread) 190618_12:35:35.510 INFO wrapper.py:48 ANSWER symbolSamples {'reqId': 200027, 'contractDescriptions': [2631619412880: Object, 2631619415400: Object, 2631619414504: Object, 2631619414896: Object, 2631619413496: Object, 2631619414672: Object, 2631619412544: Object, 2631619117008: Object, 2631619116392: Object, 2631619116000: Object, 2631619286856: Object, 2631619287136: Object, 2631619285288: Object, 2631619286968: Object, 2631619255040: Object, 2631619255376: Object]}
(Thread-8) 190618_12:35:36.436 INFO client.py:88 REQUEST reqMatchingSymbols {'reqId': 200028, 'pattern': 'E'}
(Thread-8) 190618_12:35:36.436 INFO client.py:77 SENDING reqMatchingSymbols b'\x00\x00\x00\x0c81\x00200028\x00E\x00'
(MainThread) 190618_12:35:36.602 INFO wrapper.py:48 ANSWER symbolSamples {'reqId': 200028, 'contractDescriptions': [2631619116784: Object, 2631619285064: Object, 2631619285344: Object, 2631619285848: Object, 2631619286968: Object, 2631619254200: Object, 2631619413608: Object, 2631619412880: Object, 2631619413832: Object, 2631619415120: Object, 2631619413272: Object, 2631619414280: Object, 2631619414672: Object, 2631619415008: Object, 2631619413720: Object, 2631619482680: Object, 2631619481728: Object]}
(Thread-8) 190618_12:35:37.479 INFO client.py:88 REQUEST reqMatchingSymbols {'reqId': 200029, 'pattern': 'F'}
(Thread-8) 190618_12:35:37.479 INFO client.py:77 SENDING reqMatchingSymbols b'\x00\x00\x00\x0c81\x00200029\x00F\x00'
(MainThread) 190618_12:35:37.649 INFO wrapper.py:48 ANSWER symbolSamples {'reqId': 200029, 'contractDescriptions': [2631619285176: Object, 2631619286744: Object, 2631619255880: Object, 2631619256160: Object, 2631619415456: Object, 2631619415288: Object, 2631619416016: Object, 2631619414448: Object, 2631619414728: Object, 2631619415904: Object, 2631619414952: Object, 2631619412376: Object, 2631619412936: Object, 2631619116728: Object, 2631619116672: Object, 2631619484360: Object, 2631619482400: Object, 2631619483240: Object]}
(Thread-8) 190618_12:35:38.519 INFO client.py:88 REQUEST reqMatchingSymbols {'reqId': 200030, 'pattern': 'G'}
(Thread-8) 190618_12:35:38.519 INFO client.py:77 SENDING reqMatchingSymbols b'\x00\x00\x00\x0c81\x00200030\x00G\x00'
(MainThread) 190618_12:35:38.685 INFO wrapper.py:48 ANSWER symbolSamples {'reqId': 200030, 'contractDescriptions': [2631619255768: Object, 2631619415512: Object, 2631619413832: Object, 2631619413552: Object, 2631619413776: Object, 2631619413216: Object, 2631619414952: Object, 2631619415176: Object, 2631619414560: Object, 2631619116112: Object, 2631619116728: Object, 2631619116672: Object, 2631619286800: Object, 2631619286744: Object, 2631619285120: Object, 2631619483968: Object, 2631619482904: Object, 2631619481896: Object]}
(Thread-8) 190618_12:35:39.556 INFO client.py:88 REQUEST reqMatchingSymbols {'reqId': 200031, 'pattern': 'H'}
(Thread-8) 190618_12:35:39.556 INFO client.py:77 SENDING reqMatchingSymbols b'\x00\x00\x00\x0c81\x00200031\x00H\x00'
(MainThread) 190618_12:35:39.730 INFO wrapper.py:48 ANSWER symbolSamples {'reqId': 200031, 'contractDescriptions': [2631619252800: Object, 2631619115608: Object, 2631619116784: Object, 2631619286856: Object, 2631619287080: Object, 2631619286968: Object, 2631619413440: Object, 2631619414000: Object, 2631619416016: Object, 2631619415120: Object, 2631619412320: Object, 2631619415848: Object, 2631619412376: Object, 2631619412936: Object, 2631619484472: Object, 2631619483800: Object, 2631619484360: Object]}
(Thread-8) 190618_12:35:40.589 INFO client.py:88 REQUEST reqMatchingSymbols {'reqId': 200032, 'pattern': 'I'}
(Thread-8) 190618_12:35:40.590 INFO client.py:77 SENDING reqMatchingSymbols b'\x00\x00\x00\x0c81\x00200032\x00I\x00'
(MainThread) 190618_12:35:40.760 INFO wrapper.py:48 ANSWER symbolSamples {'reqId': 200032, 'contractDescriptions': [2631619256160: Object, 2631619286912: Object, 2631619285960: Object, 2631619285064: Object, 2631619415400: Object, 2631619413832: Object, 2631619413496: Object, 2631619414616: Object, 2631619413328: Object, 2631619413888: Object, 2631619412600: Object, 2631619415008: Object, 2631619414840: Object, 2631619117008: Object, 2631619115552: Object, 2631619483520: Object]}
(Thread-8) 190618_12:35:41.632 INFO client.py:88 REQUEST reqMatchingSymbols {'reqId': 200033, 'pattern': 'J'}
(Thread-8) 190618_12:35:41.632 INFO client.py:77 SENDING reqMatchingSymbols b'\x00\x00\x00\x0c81\x00200033\x00J\x00'
(MainThread) 190618_12:35:41.802 INFO wrapper.py:48 ANSWER symbolSamples {'reqId': 200033, 'contractDescriptions': [2631619253640: Object, 2631619252856: Object, 2631619252688: Object, 2631619412992: Object, 2631619412656: Object, 2631619414392: Object, 2631619413048: Object, 2631619414504: Object, 2631619414224: Object, 2631619415904: Object, 2631619412376: Object, 2631619412936: Object, 2631619115048: Object, 2631619116000: Object, 2631619285176: Object]}
(Thread-9) 190618_12:35:44.866 INFO client.py:88 REQUEST reqMatchingSymbols {'reqId': 200035, 'pattern': 'A'}
(Thread-9) 190618_12:35:44.866 INFO client.py:77 SENDING reqMatchingSymbols b'\x00\x00\x00\x0c81\x00200035\x00A\x00'
(MainThread) 190618_12:35:45.046 INFO wrapper.py:48 ANSWER symbolSamples {'reqId': 200035, 'contractDescriptions': [2631619253752: Object, 2631619115832: Object, 2631619116056: Object, 2631619413104: Object, 2631619415344: Object, 2631619415792: Object, 2631619413048: Object, 2631619414728: Object, 2631619413888: Object, 2631619414896: Object, 2631619413720: Object, 2631619287192: Object, 2631619285960: Object, 2631619287248: Object, 2631619286744: Object, 2631619481896: Object, 2631619482288: Object, 2631619482624: Object, 2631619483184: Object]}
(Thread-9) 190618_12:35:45.892 INFO client.py:88 REQUEST reqMatchingSymbols {'reqId': 200036, 'pattern': 'B'}
(Thread-9) 190618_12:35:45.902 INFO client.py:77 SENDING reqMatchingSymbols b'\x00\x00\x00\x0c81\x00200036\x00B\x00'
(MainThread) 190618_12:35:46.069 INFO wrapper.py:48 ANSWER symbolSamples {'reqId': 200036, 'contractDescriptions': [2631619254592: Object, 2631619415400: Object, 2631619413496: Object, 2631619415568: Object, 2631619414448: Object, 2631619414224: Object, 2631619413384: Object, 2631619412880: Object, 2631619415456: Object, 2631619286632: Object, 2631619287248: Object, 2631619286744: Object, 2631619116392: Object, 2631619116728: Object, 2631619484976: Object, 2631619483408: Object, 2631619481672: Object, 2631619482064: Object]}
(Thread-9) 190618_12:35:46.980 INFO client.py:88 REQUEST reqMatchingSymbols {'reqId': 200037, 'pattern': 'C'}
(Thread-9) 190618_12:35:46.980 INFO client.py:77 SENDING reqMatchingSymbols b'\x00\x00\x00\x0c81\x00200037\x00C\x00'
(MainThread) 190618_12:35:47.158 INFO wrapper.py:48 ANSWER symbolSamples {'reqId': 200037, 'contractDescriptions': [2631619254592: Object, 2631619285960: Object, 2631619286464: Object, 2631619286520: Object, 2631619115832: Object, 2631619116672: Object, 2631619415344: Object, 2631619413440: Object, 2631619414616: Object, 2631619413552: Object, 2631619413216: Object, 2631619414056: Object, 2631619413888: Object, 2631619412376: Object, 2631619485088: Object, 2631619482624: Object, 2631619482512: Object, 2631619484584: Object, 2631619483240: Object]}
(Thread-9) 190618_12:35:48.032 INFO client.py:88 REQUEST reqMatchingSymbols {'reqId': 200038, 'pattern': 'D'}
(Thread-9) 190618_12:35:48.033 INFO client.py:77 SENDING reqMatchingSymbols b'\x00\x00\x00\x0c81\x00200038\x00D\x00'
(MainThread) 190618_12:35:48.199 INFO wrapper.py:48 ANSWER symbolSamples {'reqId': 200038, 'contractDescriptions': [2631619116728: Object, 2631619255824: Object, 2631619413496: Object, 2631619413776: Object, 2631619414336: Object, 2631619413216: Object, 2631619414672: Object, 2631619414112: Object, 2631619413944: Object, 2631619414840: Object, 2631619287080: Object, 2631619285120: Object, 2631619286576: Object, 2631619285624: Object, 2631619483352: Object, 2631619484696: Object]}
(Thread-9) 190618_12:35:49.098 INFO client.py:88 REQUEST reqMatchingSymbols {'reqId': 200039, 'pattern': 'E'}
(Thread-9) 190618_12:35:49.098 INFO client.py:77 SENDING reqMatchingSymbols b'\x00\x00\x00\x0c81\x00200039\x00E\x00'
(MainThread) 190618_12:35:49.265 INFO wrapper.py:48 ANSWER symbolSamples {'reqId': 200039, 'contractDescriptions': [2631619252744: Object, 2631619116056: Object, 2631619285176: Object, 2631619285120: Object, 2631619285064: Object, 2631619413608: Object, 2631619414392: Object, 2631619415792: Object, 2631619413552: Object, 2631619414560: Object, 2631619415904: Object, 2631619412936: Object, 2631619415512: Object, 2631619483688: Object, 2631619485144: Object, 2631619484248: Object, 2631619482232: Object]}
(Thread-9) 190618_12:35:50.126 INFO client.py:88 REQUEST reqMatchingSymbols {'reqId': 200040, 'pattern': 'F'}
(Thread-9) 190618_12:35:50.131 INFO client.py:77 SENDING reqMatchingSymbols b'\x00\x00\x00\x0c81\x00200040\x00F\x00'
(MainThread) 190618_12:35:50.293 INFO wrapper.py:48 ANSWER symbolSamples {'reqId': 200040, 'contractDescriptions': [2631619116728: Object, 2631619414000: Object, 2631619415792: Object, 2631619414616: Object, 2631619414504: Object, 2631619414224: Object, 2631619413888: Object, 2631619414112: Object, 2631619255992: Object, 2631619252296: Object, 2631619286632: Object, 2631619285232: Object, 2631619285064: Object, 2631619494184: Object, 2631619494520: Object, 2631619494856: Object, 2631619495192: Object, 2631619495696: Object]}
(Thread-9) 190618_12:35:51.161 INFO client.py:88 REQUEST reqMatchingSymbols {'reqId': 200041, 'pattern': 'G'}
(Thread-9) 190618_12:35:51.162 INFO client.py:77 SENDING reqMatchingSymbols b'\x00\x00\x00\x0c81\x00200041\x00G\x00'
(MainThread) 190618_12:35:51.325 INFO wrapper.py:48 ANSWER symbolSamples {'reqId': 200041, 'contractDescriptions': [2631619255824: Object, 2631619285848: Object, 2631619286856: Object, 2631619117008: Object, 2631619413832: Object, 2631619412320: Object, 2631619414784: Object, 2631619415848: Object, 2631619415680: Object, 2631619413664: Object, 2631619413720: Object, 2631619412600: Object, 2631619412936: Object, 2631619494184: Object, 2631619494520: Object, 2631619495024: Object, 2631619495360: Object, 2631619495696: Object]}
