(MainThread) 190618_11:04:52.676 INFO client.py:178 sent startApi
(MainThread) 190618_11:04:52.676 INFO client.py:88 REQUEST startApi {}
(MainThread) 190618_11:04:52.677 INFO client.py:77 SENDING startApi b'\x00\x00\x00\x0871\x002\x000\x00\x00'
(MainThread) 190618_11:04:52.678 INFO wrapper.py:48 ANSWER managedAccounts {'accountsList': 'U8071180'}
(MainThread) 190618_11:04:52.678 INFO wrapper.py:48 ANSWER nextValidId {'orderId': 60}
(MainThread) 190618_11:04:52.823 INFO client.py:88 REQUEST reqMatchingSymbols {'reqId': 200002, 'pattern': 'ZZZZ'}
(MainThread) 190618_11:04:52.823 INFO client.py:77 SENDING reqMatchingSymbols b'\x00\x00\x00\x0f81\x00200002\x00ZZZZ\x00'
(MainThread) 190618_11:04:54.827 INFO client.py:88 REQUEST reqMatchingSymbols {'reqId': 200003, 'pattern': 'ZZZY'}
(MainThread) 190618_11:04:54.827 INFO client.py:77 SENDING reqMatchingSymbols b'\x00\x00\x00\x0f81\x00200003\x00ZZZY\x00'
(MainThread) 190618_11:04:56.836 INFO client.py:88 REQUEST reqMatchingSymbols {'reqId': 200004, 'pattern': 'ZZZX'}
(MainThread) 190618_11:04:56.836 INFO client.py:77 SENDING reqMatchingSymbols b'\x00\x00\x00\x0f81\x00200004\x00ZZZX\x00'
(MainThread) 190618_11:04:58.837 INFO client.py:88 REQUEST reqMatchingSymbols {'reqId': 200005, 'pattern': 'ZZZW'}
(MainThread) 190618_11:04:58.837 INFO client.py:77 SENDING reqMatchingSymbols b'\x00\x00\x00\x0f81\x00200005\x00ZZZW\x00'
(MainThread) 190618_11:05:00.837 INFO client.py:88 REQUEST reqMatchingSymbols {'reqId': 200006, 'pattern': 'ZZZV'}
(MainThread) 190618_11:05:00.837 INFO client.py:77 SENDING reqMatchingSymbols b'\x00\x00\x00\x0f81\x00200006\x00ZZZV\x00'
(MainThread) 190618_11:05:02.839 INFO client.py:88 REQUEST reqMatchingSymbols {'reqId': 200007, 'pattern': 'ZZZU'}
(MainThread) 190618_11:05:02.840 INFO client.py:77 SENDING reqMatchingSymbols b'\x00\x00\x00\x0f81\x00200007\x00ZZZU\x00'
(MainThread) 190618_11:05:04.843 INFO client.py:88 REQUEST reqMatchingSymbols {'reqId': 200008, 'pattern': 'ZZZT'}
(MainThread) 190618_11:05:04.844 INFO client.py:77 SENDING reqMatchingSymbols b'\x00\x00\x00\x0f81\x00200008\x00ZZZT\x00'
(MainThread) 190618_11:05:06.847 INFO client.py:88 REQUEST reqMatchingSymbols {'reqId': 200009, 'pattern': 'ZZZS'}
(MainThread) 190618_11:05:06.847 INFO client.py:77 SENDING reqMatchingSymbols b'\x00\x00\x00\x0f81\x00200009\x00ZZZS\x00'
(MainThread) 190618_11:05:08.857 INFO client.py:88 REQUEST reqMatchingSymbols {'reqId': 200010, 'pattern': 'ZZZR'}
(MainThread) 190618_11:05:08.857 INFO client.py:77 SENDING reqMatchingSymbols b'\x00\x00\x00\x0f81\x00200010\x00ZZZR\x00'
(MainThread) 190618_11:05:10.867 INFO client.py:88 REQUEST reqMatchingSymbols {'reqId': 200011, 'pattern': 'ZZZQ'}
(MainThread) 190618_11:05:10.867 INFO client.py:77 SENDING reqMatchingSymbols b'\x00\x00\x00\x0f81\x00200011\x00ZZZQ\x00'
(MainThread) 190618_11:05:12.877 INFO wrapper.py:48 ANSWER symbolSamples {'reqId': 200002, 'contractDescriptions': []}
(MainThread) 190618_11:05:12.877 INFO wrapper.py:48 ANSWER symbolSamples {'reqId': 200003, 'contractDescriptions': []}
(MainThread) 190618_11:05:12.877 INFO wrapper.py:48 ANSWER symbolSamples {'reqId': 200004, 'contractDescriptions': []}
(MainThread) 190618_11:05:12.877 INFO wrapper.py:48 ANSWER symbolSamples {'reqId': 200005, 'contractDescriptions': []}
(MainThread) 190618_11:05:12.886 INFO wrapper.py:48 ANSWER symbolSamples {'reqId': 200006, 'contractDescriptions': []}
(MainThread) 190618_11:05:12.890 INFO wrapper.py:48 ANSWER symbolSamples {'reqId': 200007, 'contractDescriptions': []}
(MainThread) 190618_11:05:12.892 INFO wrapper.py:48 ANSWER symbolSamples {'reqId': 200008, 'contractDescriptions': []}
(MainThread) 190618_11:05:12.894 INFO wrapper.py:48 ANSWER symbolSamples {'reqId': 200009, 'contractDescriptions': []}
(MainThread) 190618_11:05:12.898 INFO wrapper.py:48 ANSWER symbolSamples {'reqId': 200010, 'contractDescriptions': []}
(MainThread) 190618_11:05:12.900 INFO wrapper.py:48 ANSWER symbolSamples {'reqId': 200011, 'contractDescriptions': []}
