(MainThread) 190618_12:37:25.865 INFO client.py:178 sent startApi
(MainThread) 190618_12:37:25.865 INFO client.py:88 REQUEST startApi {}
(MainThread) 190618_12:37:25.866 INFO client.py:77 SENDING startApi b'\x00\x00\x00\x0871\x002\x000\x00\x00'
(MainThread) 190618_12:37:25.867 INFO wrapper.py:48 ANSWER managedAccounts {'accountsList': 'U8071180'}
(MainThread) 190618_12:37:25.868 INFO wrapper.py:48 ANSWER nextValidId {'orderId': 60}
(MainThread) 190618_12:37:27.056 INFO client.py:88 REQUEST reqMatchingSymbols {'reqId': 200002, 'pattern': 'A'}
(MainThread) 190618_12:37:27.056 INFO client.py:77 SENDING reqMatchingSymbols b'\x00\x00\x00\x0c81\x00200002\x00A\x00'
(MainThread) 190618_12:37:28.087 INFO client.py:88 REQUEST reqMatchingSymbols {'reqId': 200003, 'pattern': 'B'}
(MainThread) 190618_12:37:28.087 INFO client.py:77 SENDING reqMatchingSymbols b'\x00\x00\x00\x0c81\x00200003\x00B\x00'
(MainThread) 190618_12:37:29.117 INFO client.py:88 REQUEST reqMatchingSymbols {'reqId': 200004, 'pattern': 'C'}
(MainThread) 190618_12:37:29.117 INFO client.py:77 SENDING reqMatchingSymbols b'\x00\x00\x00\x0c81\x00200004\x00C\x00'
(MainThread) 190618_12:37:30.145 INFO client.py:88 REQUEST reqMatchingSymbols {'reqId': 200005, 'pattern': 'D'}
(MainThread) 190618_12:37:30.145 INFO client.py:77 SENDING reqMatchingSymbols b'\x00\x00\x00\x0c81\x00200005\x00D\x00'
(MainThread) 190618_12:37:31.166 INFO client.py:88 REQUEST reqMatchingSymbols {'reqId': 200006, 'pattern': 'E'}
(MainThread) 190618_12:37:31.166 INFO client.py:77 SENDING reqMatchingSymbols b'\x00\x00\x00\x0c81\x00200006\x00E\x00'
(MainThread) 190618_12:37:32.201 INFO client.py:88 REQUEST reqMatchingSymbols {'reqId': 200007, 'pattern': 'F'}
(MainThread) 190618_12:37:32.201 INFO client.py:77 SENDING reqMatchingSymbols b'\x00\x00\x00\x0c81\x00200007\x00F\x00'
(MainThread) 190618_12:37:33.238 INFO client.py:88 REQUEST reqMatchingSymbols {'reqId': 200008, 'pattern': 'G'}
(MainThread) 190618_12:37:33.238 INFO client.py:77 SENDING reqMatchingSymbols b'\x00\x00\x00\x0c81\x00200008\x00G\x00'
(MainThread) 190618_12:37:34.268 INFO client.py:88 REQUEST reqMatchingSymbols {'reqId': 200009, 'pattern': 'H'}
(MainThread) 190618_12:37:34.268 INFO client.py:77 SENDING reqMatchingSymbols b'\x00\x00\x00\x0c81\x00200009\x00H\x00'
(MainThread) 190618_12:37:35.301 INFO client.py:88 REQUEST reqMatchingSymbols {'reqId': 200010, 'pattern': 'I'}
(MainThread) 190618_12:37:35.301 INFO client.py:77 SENDING reqMatchingSymbols b'\x00\x00\x00\x0c81\x00200010\x00I\x00'
(MainThread) 190618_12:37:36.336 INFO client.py:88 REQUEST reqMatchingSymbols {'reqId': 200011, 'pattern': 'J'}
(MainThread) 190618_12:37:36.336 INFO client.py:77 SENDING reqMatchingSymbols b'\x00\x00\x00\x0c81\x00200011\x00J\x00'
(MainThread) 190618_12:37:36.372 INFO wrapper.py:48 ANSWER symbolSamples {'reqId': 200002, 'contractDescriptions': [2156351445760: Object, 2156356545056: Object, 2156356546008: Object, 2156356670296: Object, 2156356669960: Object, 2156356671752: Object, 2156356673264: Object, 2156356722872: Object, 2156356723432: Object, 2156356723768: Object, 2156356724104: Object, 2156356724496: Object, 2156356724832: Object, 2156356725168: Object, 2156356725504: Object, 2156356725952: Object, 2156356726344: Object, 2156356726680: Object, 2156356702728: Object]}
(MainThread) 190618_12:37:36.541 INFO wrapper.py:48 ANSWER symbolSamples {'reqId': 200003, 'contractDescriptions': [2156351445760: Object, 2156356546512: Object, 2156356546008: Object, 2156356670296: Object, 2156356671752: Object, 2156356672536: Object, 2156356673488: Object, 2156356702840: Object, 2156356702336: Object, 2156356704296: Object, 2156356871952: Object, 2156356872120: Object, 2156356872456: Object, 2156356872904: Object, 2156356873296: Object, 2156356873912: Object, 2156356722816: Object, 2156356723320: Object]}
(MainThread) 190618_12:37:36.744 INFO wrapper.py:48 ANSWER symbolSamples {'reqId': 200004, 'contractDescriptions': [2156351445760: Object, 2156356670296: Object, 2156356669624: Object, 2156356669848: Object, 2156356673096: Object, 2156356672368: Object, 2156356871504: Object, 2156356871840: Object, 2156356872176: Object, 2156356872792: Object, 2156356872568: Object, 2156356873744: Object, 2156356873408: Object, 2156356874024: Object, 2156356545672: Object, 2156356702784: Object, 2156356702504: Object, 2156356704296: Object, 2156356723376: Object]}
(MainThread) 190618_12:37:36.958 INFO wrapper.py:48 ANSWER symbolSamples {'reqId': 200005, 'contractDescriptions': [2156351445760: Object, 2156356671080: Object, 2156356669960: Object, 2156356673096: Object, 2156356672368: Object, 2156356545504: Object, 2156356702448: Object, 2156356702896: Object, 2156356704744: Object, 2156356704632: Object, 2156356871168: Object, 2156356871112: Object, 2156356872064: Object, 2156356872344: Object, 2156356872512: Object, 2156356873688: Object]}
(MainThread) 190618_12:37:37.219 INFO wrapper.py:48 ANSWER symbolSamples {'reqId': 200006, 'contractDescriptions': [2156351445760: Object, 2156356546512: Object, 2156356546008: Object, 2156356702448: Object, 2156356702336: Object, 2156356704632: Object, 2156356670352: Object, 2156356670072: Object, 2156356672984: Object, 2156356672032: Object, 2156356872904: Object, 2156356871952: Object, 2156356872120: Object, 2156356872456: Object, 2156356872624: Object, 2156356873800: Object, 2156356723600: Object]}
(MainThread) 190618_12:37:37.429 INFO wrapper.py:48 ANSWER symbolSamples {'reqId': 200007, 'contractDescriptions': [2156351445760: Object, 2156356399792: Object, 2156356544888: Object, 2156356670800: Object, 2156356673096: Object, 2156356673488: Object, 2156356672928: Object, 2156356702784: Object, 2156356702336: Object, 2156356703176: Object, 2156356704912: Object, 2156356873856: Object, 2156356873128: Object, 2156356872288: Object, 2156356872680: Object, 2156356873016: Object, 2156356872568: Object, 2156356873464: Object]}
(MainThread) 190618_12:37:37.667 INFO wrapper.py:48 ANSWER symbolSamples {'reqId': 200008, 'contractDescriptions': [2156351445760: Object, 2156356546232: Object, 2156356544888: Object, 2156356670072: Object, 2156356670296: Object, 2156356673432: Object, 2156356873464: Object, 2156356872736: Object, 2156356871896: Object, 2156356872120: Object, 2156356872960: Object, 2156356872064: Object, 2156356874080: Object, 2156356872512: Object, 2156356702784: Object, 2156356702896: Object, 2156356702280: Object, 2156356704632: Object]}
(MainThread) 190618_12:37:37.837 INFO wrapper.py:48 ANSWER symbolSamples {'reqId': 200009, 'contractDescriptions': [2156351445760: Object, 2156356545560: Object, 2156356545896: Object, 2156356670016: Object, 2156356670352: Object, 2156356672088: Object, 2156356669568: Object, 2156356871616: Object, 2156356871784: Object, 2156356872120: Object, 2156356872288: Object, 2156356872848: Object, 2156356874136: Object, 2156356873520: Object, 2156356702952: Object, 2156356702448: Object, 2156356704296: Object]}
(MainThread) 190618_12:37:38.091 INFO wrapper.py:48 ANSWER symbolSamples {'reqId': 200010, 'contractDescriptions': [2156351446824: Object, 2156356545560: Object, 2156356669624: Object, 2156356670520: Object, 2156356673152: Object, 2156356673488: Object, 2156356672032: Object, 2156356873464: Object, 2156356873240: Object, 2156356872120: Object, 2156356871952: Object, 2156356871840: Object, 2156356874080: Object, 2156356873296: Object, 2156356704240: Object, 2156356702728: Object]}
(MainThread) 190618_12:37:38.291 INFO wrapper.py:48 ANSWER symbolSamples {'reqId': 200011, 'contractDescriptions': [2156351446824: Object, 2156356830096: Object, 2156356873464: Object, 2156356873240: Object, 2156356873688: Object, 2156356872960: Object, 2156356871840: Object, 2156356874080: Object, 2156356873296: Object, 2156356873800: Object, 2156356672816: Object, 2156356671472: Object, 2156356671752: Object, 2156356669848: Object, 2156356673376: Object]}
(Thread-7) 190618_12:37:39.569 INFO client.py:88 REQUEST reqMatchingSymbols {'reqId': 200013, 'pattern': 'K'}
(Thread-7) 190618_12:37:39.569 INFO client.py:77 SENDING reqMatchingSymbols b'\x00\x00\x00\x0c81\x00200013\x00K\x00'
(MainThread) 190618_12:37:39.744 INFO wrapper.py:48 ANSWER symbolSamples {'reqId': 200013, 'contractDescriptions': [2156356545560: Object, 2156356671080: Object, 2156356671024: Object, 2156356673096: Object, 2156356671752: Object, 2156356672368: Object, 2156356872904: Object, 2156356871896: Object, 2156356872120: Object, 2156356873632: Object, 2156356871448: Object, 2156356874024: Object, 2156356872624: Object, 2156356872568: Object, 2156356704632: Object, 2156356702728: Object, 2156356904664: Object, 2156356903320: Object, 2156356903936: Object]}
(Thread-7) 190618_12:37:40.608 INFO client.py:88 REQUEST reqMatchingSymbols {'reqId': 200014, 'pattern': 'L'}
(Thread-7) 190618_12:37:40.608 INFO client.py:77 SENDING reqMatchingSymbols b'\x00\x00\x00\x0c81\x00200014\x00L\x00'
(MainThread) 190618_12:37:40.781 INFO wrapper.py:48 ANSWER symbolSamples {'reqId': 200014, 'contractDescriptions': [2156351446824: Object, 2156356873464: Object, 2156356871168: Object, 2156356873016: Object, 2156356873184: Object, 2156356872624: Object, 2156356872568: Object, 2156356704912: Object, 2156356703008: Object, 2156356673264: Object, 2156356673208: Object, 2156356671976: Object, 2156356672984: Object, 2156356670296: Object, 2156356545672: Object, 2156356905280: Object, 2156356903096: Object]}
(Thread-7) 190618_12:37:41.651 INFO client.py:88 REQUEST reqMatchingSymbols {'reqId': 200015, 'pattern': 'M'}
(Thread-7) 190618_12:37:41.651 INFO client.py:77 SENDING reqMatchingSymbols b'\x00\x00\x00\x0c81\x00200015\x00M\x00'
(MainThread) 190618_12:37:41.821 INFO wrapper.py:48 ANSWER symbolSamples {'reqId': 200015, 'contractDescriptions': [2156356673432: Object, 2156356673096: Object, 2156356670800: Object, 2156356672368: Object, 2156356545672: Object, 2156356704912: Object, 2156356703008: Object, 2156356704296: Object, 2156356871504: Object, 2156356871784: Object, 2156356872120: Object, 2156356871952: Object, 2156356872680: Object, 2156356872064: Object, 2156356873800: Object, 2156356904272: Object, 2156356904160: Object, 2156356903432: Object]}
(Thread-7) 190618_12:37:42.697 INFO client.py:88 REQUEST reqMatchingSymbols {'reqId': 200016, 'pattern': 'N'}
(Thread-7) 190618_12:37:42.697 INFO client.py:77 SENDING reqMatchingSymbols b'\x00\x00\x00\x0c81\x00200016\x00N\x00'
(MainThread) 190618_12:37:42.868 INFO wrapper.py:48 ANSWER symbolSamples {'reqId': 200016, 'contractDescriptions': [2156356545672: Object, 2156356704128: Object, 2156356704856: Object, 2156356872736: Object, 2156356870888: Object, 2156356871112: Object, 2156356871952: Object, 2156356872456: Object, 2156356871840: Object, 2156356872792: Object, 2156356671472: Object, 2156356671080: Object, 2156356672928: Object, 2156356671976: Object, 2156356672368: Object, 2156356904608: Object]}
(Thread-7) 190618_12:37:43.738 INFO client.py:88 REQUEST reqMatchingSymbols {'reqId': 200017, 'pattern': 'O'}
(Thread-7) 190618_12:37:43.738 INFO client.py:77 SENDING reqMatchingSymbols b'\x00\x00\x00\x0c81\x00200017\x00O\x00'
(MainThread) 190618_12:37:43.909 INFO wrapper.py:48 ANSWER symbolSamples {'reqId': 200017, 'contractDescriptions': [2156356870888: Object, 2156356871112: Object, 2156356871560: Object, 2156356873296: Object, 2156356874080: Object, 2156356872008: Object, 2156356872568: Object, 2156356670072: Object, 2156356671752: Object, 2156356670016: Object, 2156356672984: Object, 2156356704184: Object, 2156356704296: Object, 2156356702560: Object, 2156356904328: Object, 2156356903152: Object]}
(Thread-7) 190618_12:37:44.778 INFO client.py:88 REQUEST reqMatchingSymbols {'reqId': 200018, 'pattern': 'P'}
(Thread-7) 190618_12:37:44.778 INFO client.py:77 SENDING reqMatchingSymbols b'\x00\x00\x00\x0c81\x00200018\x00P\x00'
(MainThread) 190618_12:37:44.948 INFO wrapper.py:48 ANSWER symbolSamples {'reqId': 200018, 'contractDescriptions': [2156356669568: Object, 2156356673208: Object, 2156356672816: Object, 2156356669960: Object, 2156356704240: Object, 2156356704632: Object, 2156356873856: Object, 2156356873744: Object, 2156356872120: Object, 2156356871896: Object, 2156356873184: Object, 2156356871448: Object, 2156356872176: Object, 2156356872792: Object, 2156356903376: Object]}
(Thread-7) 190618_12:37:45.818 INFO client.py:88 REQUEST reqMatchingSymbols {'reqId': 200019, 'pattern': 'Q'}
(Thread-7) 190618_12:37:45.818 INFO client.py:77 SENDING reqMatchingSymbols b'\x00\x00\x00\x0c81\x00200019\x00Q\x00'
(MainThread) 190618_12:37:45.989 INFO wrapper.py:48 ANSWER symbolSamples {'reqId': 200019, 'contractDescriptions': [2156356704912: Object, 2156356704520: Object, 2156356871616: Object, 2156356873128: Object, 2156356872120: Object, 2156356871896: Object, 2156356872344: Object, 2156356871448: Object, 2156356871672: Object, 2156356871224: Object, 2156356672536: Object, 2156356672032: Object, 2156356673208: Object, 2156356672816: Object, 2156356669960: Object, 2156356905056: Object]}
(Thread-7) 190618_12:37:46.848 INFO client.py:88 REQUEST reqMatchingSymbols {'reqId': 200020, 'pattern': 'R'}
(Thread-7) 190618_12:37:46.848 INFO client.py:77 SENDING reqMatchingSymbols b'\x00\x00\x00\x0c81\x00200020\x00R\x00'
(MainThread) 190618_12:37:47.022 INFO wrapper.py:48 ANSWER symbolSamples {'reqId': 200020, 'contractDescriptions': [2156356873632: Object, 2156356873128: Object, 2156356871728: Object, 2156356870944: Object, 2156356872512: Object, 2156356874136: Object, 2156356671472: Object, 2156356669568: Object, 2156356673152: Object, 2156356673488: Object, 2156356669792: Object, 2156356704184: Object, 2156356704128: Object, 2156356903376: Object, 2156356903432: Object, 2156356903096: Object, 2156356905504: Object]}
(Thread-7) 190618_12:37:47.898 INFO client.py:88 REQUEST reqMatchingSymbols {'reqId': 200021, 'pattern': 'S'}
(Thread-7) 190618_12:37:47.898 INFO client.py:77 SENDING reqMatchingSymbols b'\x00\x00\x00\x0c81\x00200021\x00S\x00'
(MainThread) 190618_12:37:48.068 INFO wrapper.py:48 ANSWER symbolSamples {'reqId': 200021, 'contractDescriptions': [2156356872288: Object, 2156356870888: Object, 2156356872456: Object, 2156356871728: Object, 2156356871952: Object, 2156356873912: Object, 2156356874024: Object, 2156356671024: Object, 2156356669736: Object, 2156356670800: Object, 2156356672984: Object, 2156356673096: Object, 2156356704520: Object, 2156356704408: Object, 2156356906400: Object, 2156356906120: Object, 2156356905616: Object, 2156356905392: Object, 2156356904776: Object]}
(Thread-7) 190618_12:37:48.938 INFO client.py:88 REQUEST reqMatchingSymbols {'reqId': 200022, 'pattern': 'T'}
(Thread-7) 190618_12:37:48.938 INFO client.py:77 SENDING reqMatchingSymbols b'\x00\x00\x00\x0c81\x00200022\x00T\x00'
(MainThread) 190618_12:37:49.101 INFO wrapper.py:48 ANSWER symbolSamples {'reqId': 200022, 'contractDescriptions': [2156345521712: Object, 2156356673320: Object, 2156356669680: Object, 2156356670800: Object, 2156356671248: Object, 2156356704576: Object, 2156356702616: Object, 2156356704352: Object, 2156356704912: Object, 2156356873968: Object, 2156356873856: Object, 2156356872232: Object, 2156356872680: Object, 2156356871728: Object, 2156356873072: Object, 2156356872064: Object, 2156356927560: Object, 2156356928064: Object]}
(Thread-8) 190618_12:37:52.163 INFO client.py:88 REQUEST reqMatchingSymbols {'reqId': 200024, 'pattern': 'U'}
(Thread-8) 190618_12:37:52.163 INFO client.py:77 SENDING reqMatchingSymbols b'\x00\x00\x00\x0c81\x00200024\x00U\x00'
(MainThread) 190618_12:37:52.341 INFO wrapper.py:48 ANSWER symbolSamples {'reqId': 200024, 'contractDescriptions': [2156356704632: Object, 2156356873632: Object, 2156356872288: Object, 2156356872344: Object, 2156356871952: Object, 2156356872792: Object, 2156356871840: Object, 2156356669792: Object, 2156356670912: Object, 2156356672088: Object, 2156356672032: Object, 2156356927560: Object, 2156356927896: Object, 2156356928400: Object, 2156356928792: Object, 2156356929408: Object]}
(Thread-8) 190618_12:37:53.208 INFO client.py:88 REQUEST reqMatchingSymbols {'reqId': 200025, 'pattern': 'V'}
(Thread-8) 190618_12:37:53.208 INFO client.py:77 SENDING reqMatchingSymbols b'\x00\x00\x00\x0c81\x00200025\x00V\x00'
(MainThread) 190618_12:37:53.378 INFO wrapper.py:48 ANSWER symbolSamples {'reqId': 200025, 'contractDescriptions': [2156356702896: Object, 2156356669736: Object, 2156356673096: Object, 2156356669680: Object, 2156356673264: Object, 2156356871616: Object, 2156356872960: Object, 2156356872512: Object, 2156356873520: Object, 2156356871168: Object, 2156356927616: Object, 2156356928232: Object, 2156356928736: Object, 2156356929072: Object, 2156356929408: Object, 2156356929744: Object]}
(Thread-8) 190618_12:37:54.247 INFO client.py:88 REQUEST reqMatchingSymbols {'reqId': 200026, 'pattern': 'W'}
(Thread-8) 190618_12:37:54.247 INFO client.py:77 SENDING reqMatchingSymbols b'\x00\x00\x00\x0c81\x00200026\x00W\x00'
(MainThread) 190618_12:37:54.422 INFO wrapper.py:48 ANSWER symbolSamples {'reqId': 200026, 'contractDescriptions': [2156356874080: Object, 2156356873128: Object, 2156356872680: Object, 2156356872624: Object, 2156356872904: Object, 2156356872064: Object, 2156356673320: Object, 2156356671864: Object, 2156356669960: Object, 2156356672032: Object, 2156356671248: Object, 2156356931144: Object, 2156356930304: Object, 2156356929912: Object, 2156356928064: Object, 2156356928232: Object]}
(Thread-8) 190618_12:37:55.289 INFO client.py:88 REQUEST reqMatchingSymbols {'reqId': 200027, 'pattern': 'X'}
(Thread-8) 190618_12:37:55.289 INFO client.py:77 SENDING reqMatchingSymbols b'\x00\x00\x00\x0c81\x00200027\x00X\x00'
(MainThread) 190618_12:37:55.469 INFO wrapper.py:48 ANSWER symbolSamples {'reqId': 200027, 'contractDescriptions': [2156356704912: Object, 2156356669736: Object, 2156356671640: Object, 2156356673432: Object, 2156356670912: Object, 2156356870944: Object, 2156356871728: Object, 2156356873296: Object, 2156356871952: Object, 2156356874024: Object, 2156356873912: Object, 2156356915384: Object, 2156356915720: Object, 2156356916056: Object, 2156356916392: Object, 2156356916952: Object, 2156356917288: Object, 2156356917792: Object]}
(Thread-8) 190618_12:37:56.338 INFO client.py:88 REQUEST reqMatchingSymbols {'reqId': 200028, 'pattern': 'Y'}
(Thread-8) 190618_12:37:56.338 INFO client.py:77 SENDING reqMatchingSymbols b'\x00\x00\x00\x0c81\x00200028\x00Y\x00'
(MainThread) 190618_12:37:56.505 INFO wrapper.py:48 ANSWER symbolSamples {'reqId': 200028, 'contractDescriptions': [2156356872176: Object, 2156356872680: Object, 2156356873352: Object, 2156356871952: Object, 2156356874024: Object, 2156356669792: Object, 2156356670800: Object, 2156356673376: Object, 2156356672928: Object, 2156356669512: Object, 2156356948096: Object, 2156356948432: Object, 2156356948768: Object, 2156356949272: Object, 2156356949608: Object, 2156356950112: Object, 2156356950448: Object]}
(Thread-8) 190618_12:37:57.376 INFO client.py:88 REQUEST reqMatchingSymbols {'reqId': 200029, 'pattern': 'Z'}
(Thread-8) 190618_12:37:57.376 INFO client.py:77 SENDING reqMatchingSymbols b'\x00\x00\x00\x0c81\x00200029\x00Z\x00'
(MainThread) 190618_12:37:57.549 INFO wrapper.py:48 ANSWER symbolSamples {'reqId': 200029, 'contractDescriptions': [2156356669960: Object, 2156356671024: Object, 2156356673488: Object, 2156356672928: Object, 2156356873072: Object, 2156356872176: Object, 2156356871560: Object, 2156356871224: Object, 2156356872792: Object, 2156356873240: Object, 2156356915440: Object, 2156356915776: Object, 2156356916112: Object, 2156356916616: Object, 2156356916952: Object, 2156356917288: Object, 2156356917736: Object]}
(Thread-8) 190618_12:37:58.409 INFO client.py:88 REQUEST reqMatchingSymbols {'reqId': 200030, 'pattern': 'AA'}
(Thread-8) 190618_12:37:58.409 INFO client.py:77 SENDING reqMatchingSymbols b'\x00\x00\x00\r81\x00200030\x00AA\x00'
(MainThread) 190618_12:37:58.587 INFO wrapper.py:48 ANSWER symbolSamples {'reqId': 200030, 'contractDescriptions': [2156356872680: Object, 2156356871224: Object, 2156356873520: Object, 2156356874136: Object, 2156356670072: Object, 2156356669960: Object, 2156356671024: Object, 2156356669512: Object, 2156356671472: Object, 2156356948264: Object, 2156356948600: Object, 2156356948936: Object, 2156356949272: Object, 2156356949776: Object, 2156356950336: Object, 2156356950672: Object, 2156356951232: Object]}
(Thread-8) 190618_12:37:59.457 INFO client.py:88 REQUEST reqMatchingSymbols {'reqId': 200031, 'pattern': 'AB'}
(Thread-8) 190618_12:37:59.457 INFO client.py:77 SENDING reqMatchingSymbols b'\x00\x00\x00\r81\x00200031\x00AB\x00'
(MainThread) 190618_12:37:59.620 INFO wrapper.py:48 ANSWER symbolSamples {'reqId': 200031, 'contractDescriptions': [2156356873744: Object, 2156356872344: Object, 2156356871840: Object, 2156356872792: Object, 2156356669568: Object, 2156356669680: Object, 2156356673152: Object, 2156356670128: Object, 2156356927616: Object, 2156356927952: Object, 2156356928288: Object, 2156356928624: Object, 2156356929240: Object, 2156356929576: Object, 2156356929968: Object, 2156356930528: Object, 2156356931032: Object]}
(Thread-8) 190618_12:38:00.486 INFO client.py:88 REQUEST reqMatchingSymbols {'reqId': 200032, 'pattern': 'AC'}
(Thread-8) 190618_12:38:00.486 INFO client.py:77 SENDING reqMatchingSymbols b'\x00\x00\x00\r81\x00200032\x00AC\x00'
(MainThread) 190618_12:38:00.657 INFO wrapper.py:48 ANSWER symbolSamples {'reqId': 200032, 'contractDescriptions': [2156356871560: Object, 2156356872904: Object, 2156356872512: Object, 2156356872064: Object, 2156356669960: Object, 2156356670800: Object, 2156356672088: Object, 2156356673432: Object, 2156356953312: Object, 2156356952528: Object, 2156356952864: Object, 2156356952696: Object, 2156356953872: Object, 2156356954432: Object, 2156356954768: Object, 2156356955104: Object, 2156356955552: Object, 2156356956000: Object, 2156356927728: Object, 2156356928064: Object]}
(Thread-8) 190618_12:38:01.516 INFO client.py:88 REQUEST reqMatchingSymbols {'reqId': 200033, 'pattern': 'AD'}
(Thread-8) 190618_12:38:01.516 INFO client.py:77 SENDING reqMatchingSymbols b'\x00\x00\x00\r81\x00200033\x00AD\x00'
(MainThread) 190618_12:38:01.678 INFO wrapper.py:48 ANSWER symbolSamples {'reqId': 200033, 'contractDescriptions': [2156356702616: Object, 2156356702672: Object, 2156356673152: Object, 2156356673320: Object, 2156356871728: Object, 2156356873744: Object, 2156356871224: Object, 2156356872848: Object, 2156356871840: Object, 2156356872344: Object, 2156356915552: Object, 2156356916112: Object, 2156356916448: Object, 2156356916784: Object, 2156356917120: Object, 2156356917456: Object, 2156356918016: Object]}
(Thread-9) 190618_12:38:04.706 INFO client.py:88 REQUEST reqMatchingSymbols {'reqId': 200035, 'pattern': 'AE'}
(Thread-9) 190618_12:38:04.706 INFO client.py:77 SENDING reqMatchingSymbols b'\x00\x00\x00\r81\x00200035\x00AE\x00'
(MainThread) 190618_12:38:04.887 INFO wrapper.py:48 ANSWER symbolSamples {'reqId': 200035, 'contractDescriptions': [2156356673376: Object, 2156356873632: Object, 2156356871672: Object, 2156356872512: Object, 2156356872456: Object, 2156356704408: Object, 2156356703512: Object, 2156356918408: Object, 2156356918016: Object, 2156356915272: Object, 2156356916000: Object, 2156356916112: Object, 2156356916448: Object, 2156356917008: Object, 2156356917344: Object, 2156356917904: Object, 2156356918464: Object]}
(Thread-9) 190618_12:38:05.746 INFO client.py:88 REQUEST reqMatchingSymbols {'reqId': 200036, 'pattern': 'AF'}
(Thread-9) 190618_12:38:05.746 INFO client.py:77 SENDING reqMatchingSymbols b'\x00\x00\x00\r81\x00200036\x00AF\x00'
(MainThread) 190618_12:38:05.922 INFO wrapper.py:48 ANSWER symbolSamples {'reqId': 200036, 'contractDescriptions': [2156356673376: Object, 2156356702952: Object, 2156356703512: Object, 2156356872008: Object, 2156356873520: Object, 2156356874136: Object, 2156356923464: Object, 2156356923800: Object, 2156356924304: Object, 2156356924864: Object, 2156356925256: Object, 2156356925592: Object, 2156356925928: Object, 2156356926264: Object, 2156356926600: Object, 2156356926936: Object, 2156356927328: Object, 2156356948208: Object]}
(Thread-9) 190618_12:38:06.783 INFO client.py:88 REQUEST reqMatchingSymbols {'reqId': 200037, 'pattern': 'AG'}
(Thread-9) 190618_12:38:06.783 INFO client.py:77 SENDING reqMatchingSymbols b'\x00\x00\x00\r81\x00200037\x00AG\x00'
(MainThread) 190618_12:38:06.949 INFO wrapper.py:48 ANSWER symbolSamples {'reqId': 200037, 'contractDescriptions': [2156356871672: Object, 2156356873240: Object, 2156356871168: Object, 2156356702616: Object, 2156356703288: Object, 2156356702840: Object, 2156356923744: Object, 2156356924080: Object, 2156356924528: Object, 2156356924864: Object, 2156356925200: Object, 2156356925536: Object, 2156356926040: Object, 2156356926656: Object, 2156356926992: Object, 2156356927440: Object]}
(Thread-9) 190618_12:38:07.823 INFO client.py:88 REQUEST reqMatchingSymbols {'reqId': 200038, 'pattern': 'AH'}
(Thread-9) 190618_12:38:07.823 INFO client.py:77 SENDING reqMatchingSymbols b'\x00\x00\x00\r81\x00200038\x00AH\x00'
(MainThread) 190618_12:38:07.994 INFO wrapper.py:48 ANSWER symbolSamples {'reqId': 200038, 'contractDescriptions': [2156356873968: Object, 2156356872008: Object, 2156356702616: Object, 2156356702896: Object, 2156356704464: Object, 2156356670296: Object, 2156356948096: Object, 2156356948432: Object, 2156356948768: Object, 2156356949160: Object, 2156356949608: Object, 2156356950056: Object, 2156356950392: Object, 2156356950728: Object, 2156356951064: Object]}
(Thread-9) 190618_12:38:08.854 INFO client.py:88 REQUEST reqMatchingSymbols {'reqId': 200039, 'pattern': 'AI'}
(Thread-9) 190618_12:38:08.854 INFO client.py:77 SENDING reqMatchingSymbols b'\x00\x00\x00\r81\x00200039\x00AI\x00'
(MainThread) 190618_12:38:09.025 INFO wrapper.py:48 ANSWER symbolSamples {'reqId': 200039, 'contractDescriptions': [2156356702896: Object, 2156356702728: Object, 2156356871168: Object, 2156356872792: Object, 2156356872456: Object, 2156356948208: Object, 2156356948544: Object, 2156356949160: Object, 2156356949496: Object, 2156356949832: Object, 2156356950168: Object, 2156356950504: Object, 2156356950840: Object, 2156356951176: Object, 2156356951512: Object, 2156356951848: Object, 2156356952248: Object, 2156356952584: Object, 2156356953032: Object]}
(Thread-9) 190618_12:38:09.885 INFO client.py:88 REQUEST reqMatchingSymbols {'reqId': 200040, 'pattern': 'AJ'}
(Thread-9) 190618_12:38:09.885 INFO client.py:77 SENDING reqMatchingSymbols b'\x00\x00\x00\r81\x00200040\x00AJ\x00'
(MainThread) 190618_12:38:10.060 INFO wrapper.py:48 ANSWER symbolSamples {'reqId': 200040, 'contractDescriptions': [2156356704296: Object, 2156356871672: Object, 2156356871840: Object, 2156356871728: Object, 2156356673096: Object, 2156356954096: Object, 2156356954992: Object, 2156356953088: Object, 2156356952136: Object, 2156356952584: Object, 2156356953368: Object, 2156356954936: Object, 2156356954488: Object, 2156356955272: Object, 2156356955608: Object]}
(Thread-9) 190618_12:38:10.920 INFO client.py:88 REQUEST reqMatchingSymbols {'reqId': 200041, 'pattern': 'AK'}
(Thread-9) 190618_12:38:10.930 INFO client.py:77 SENDING reqMatchingSymbols b'\x00\x00\x00\r81\x00200041\x00AK\x00'
(MainThread) 190618_12:38:11.100 INFO wrapper.py:48 ANSWER symbolSamples {'reqId': 200041, 'contractDescriptions': [2156356669568: Object, 2156356704576: Object, 2156356874136: Object, 2156356873072: Object, 2156356873632: Object, 2156356948208: Object, 2156356948824: Object, 2156356948880: Object, 2156356948712: Object, 2156356949776: Object, 2156356950112: Object, 2156356950672: Object, 2156356951008: Object, 2156356951400: Object, 2156356951736: Object]}
(Thread-9) 190618_12:38:11.971 INFO client.py:88 REQUEST reqMatchingSymbols {'reqId': 200042, 'pattern': 'AL'}
(Thread-9) 190618_12:38:11.971 INFO client.py:77 SENDING reqMatchingSymbols b'\x00\x00\x00\r81\x00200042\x00AL\x00'
(MainThread) 190618_12:38:12.139 INFO wrapper.py:48 ANSWER symbolSamples {'reqId': 200042, 'contractDescriptions': [2156356704296: Object, 2156356872008: Object, 2156356874024: Object, 2156356872680: Object, 2156356929240: Object, 2156356927784: Object, 2156356929128: Object, 2156356928288: Object, 2156356928848: Object, 2156356929688: Object, 2156356930024: Object, 2156356930584: Object, 2156356930920: Object, 2156356931256: Object, 2156356952136: Object, 2156356952696: Object, 2156356953032: Object]}
(Thread-9) 190618_12:38:13.000 INFO client.py:88 REQUEST reqMatchingSymbols {'reqId': 200043, 'pattern': 'AM'}
(Thread-9) 190618_12:38:13.000 INFO client.py:77 SENDING reqMatchingSymbols b'\x00\x00\x00\r81\x00200043\x00AM\x00'
(MainThread) 190618_12:38:13.180 INFO wrapper.py:48 ANSWER symbolSamples {'reqId': 200043, 'contractDescriptions': [2156356703288: Object, 2156356874136: Object, 2156356873576: Object, 2156356871728: Object, 2156356953648: Object, 2156356954712: Object, 2156356953200: Object, 2156356952640: Object, 2156356952696: Object, 2156356953480: Object, 2156356954320: Object, 2156356954096: Object, 2156356955664: Object, 2156356956000: Object, 2156356948432: Object, 2156356948936: Object, 2156356949384: Object]}
(Thread-9) 190618_12:38:14.030 INFO client.py:88 REQUEST reqMatchingSymbols {'reqId': 200044, 'pattern': 'AN'}
(Thread-9) 190618_12:38:14.040 INFO client.py:77 SENDING reqMatchingSymbols b'\x00\x00\x00\r81\x00200044\x00AN\x00'
(MainThread) 190618_12:38:14.209 INFO wrapper.py:48 ANSWER symbolSamples {'reqId': 200044, 'contractDescriptions': [2156356670296: Object, 2156356671472: Object, 2156356872792: Object, 2156356873072: Object, 2156356871952: Object, 2156356871504: Object, 2156356873240: Object, 2156356872344: Object, 2156356964648: Object, 2156356964984: Object, 2156356965488: Object, 2156356965936: Object, 2156356966272: Object, 2156356966608: Object, 2156356966944: Object, 2156356967280: Object, 2156356967840: Object]}
(Thread-10) 190618_12:38:17.256 INFO client.py:88 REQUEST reqMatchingSymbols {'reqId': 200046, 'pattern': 'AO'}
(Thread-10) 190618_12:38:17.256 INFO client.py:77 SENDING reqMatchingSymbols b'\x00\x00\x00\r81\x00200046\x00AO\x00'
(MainThread) 190618_12:38:17.422 INFO wrapper.py:48 ANSWER symbolSamples {'reqId': 200046, 'contractDescriptions': [2156356871616: Object, 2156356670072: Object, 2156356672088: Object, 2156356952304: Object, 2156356952640: Object, 2156356953144: Object, 2156356953480: Object, 2156356953816: Object, 2156356954152: Object, 2156356954488: Object, 2156356954992: Object, 2156356955328: Object, 2156356955720: Object, 2156356956056: Object, 2156356968800: Object, 2156356969192: Object]}
(Thread-10) 190618_12:38:18.293 INFO client.py:88 REQUEST reqMatchingSymbols {'reqId': 200047, 'pattern': 'AP'}
(Thread-10) 190618_12:38:18.293 INFO client.py:77 SENDING reqMatchingSymbols b'\x00\x00\x00\r81\x00200047\x00AP\x00'
(MainThread) 190618_12:38:18.463 INFO wrapper.py:48 ANSWER symbolSamples {'reqId': 200047, 'contractDescriptions': [2156356873744: Object, 2156356671976: Object, 2156356969808: Object, 2156356971208: Object, 2156356970312: Object, 2156356968688: Object, 2156356968856: Object, 2156356970424: Object, 2156356970368: Object, 2156356971600: Object, 2156356972104: Object, 2156356972440: Object, 2156356952640: Object, 2156356952864: Object, 2156356953312: Object, 2156356953872: Object, 2156356954432: Object]}
(Thread-10) 190618_12:38:19.333 INFO client.py:88 REQUEST reqMatchingSymbols {'reqId': 200048, 'pattern': 'AQ'}
(Thread-10) 190618_12:38:19.333 INFO client.py:77 SENDING reqMatchingSymbols b'\x00\x00\x00\r81\x00200048\x00AQ\x00'
(MainThread) 190618_12:38:19.494 INFO wrapper.py:48 ANSWER symbolSamples {'reqId': 200048, 'contractDescriptions': [2156356873912: Object, 2156356671472: Object, 2156356955216: Object, 2156356954544: Object, 2156356954488: Object, 2156356952528: Object, 2156356952248: Object, 2156356953368: Object, 2156356953312: Object, 2156356953760: Object, 2156356953928: Object, 2156356954656: Object, 2156356955384: Object, 2156356968632: Object, 2156356968968: Object, 2156356969304: Object, 2156356969696: Object]}
(Thread-10) 190618_12:38:20.370 INFO client.py:88 REQUEST reqMatchingSymbols {'reqId': 200049, 'pattern': 'AR'}
(Thread-10) 190618_12:38:20.370 INFO client.py:77 SENDING reqMatchingSymbols b'\x00\x00\x00\r81\x00200049\x00AR\x00'
(MainThread) 190618_12:38:20.540 INFO wrapper.py:48 ANSWER symbolSamples {'reqId': 200049, 'contractDescriptions': [2156356872848: Object, 2156356669512: Object, 2156356970144: Object, 2156356969640: Object, 2156356968576: Object, 2156356968800: Object, 2156356969136: Object, 2156356970424: Object, 2156356971600: Object, 2156356970088: Object, 2156356972048: Object, 2156356972384: Object, 2156356952472: Object, 2156356952808: Object, 2156356953256: Object, 2156356953760: Object, 2156356954096: Object]}
(Thread-10) 190618_12:38:21.410 INFO client.py:88 REQUEST reqMatchingSymbols {'reqId': 200050, 'pattern': 'AS'}
(Thread-10) 190618_12:38:21.410 INFO client.py:77 SENDING reqMatchingSymbols b'\x00\x00\x00\r81\x00200050\x00AS\x00'
(MainThread) 190618_12:38:21.578 INFO wrapper.py:48 ANSWER symbolSamples {'reqId': 200050, 'contractDescriptions': [2156356673320: Object, 2156356872848: Object, 2156356955944: Object, 2156356954320: Object, 2156356952248: Object, 2156356952696: Object, 2156356953200: Object, 2156356953592: Object, 2156356954040: Object, 2156356955160: Object, 2156356955664: Object, 2156356955272: Object, 2156356976880: Object, 2156356977216: Object, 2156356977720: Object]}
(Thread-10) 190618_12:38:22.446 INFO client.py:88 REQUEST reqMatchingSymbols {'reqId': 200051, 'pattern': 'AT'}
(Thread-10) 190618_12:38:22.446 INFO client.py:77 SENDING reqMatchingSymbols b'\x00\x00\x00\r81\x00200051\x00AT\x00'
(MainThread) 190618_12:38:22.613 INFO wrapper.py:48 ANSWER symbolSamples {'reqId': 200051, 'contractDescriptions': [2156356870888: Object, 2156356979624: Object, 2156356978224: Object, 2156356977944: Object, 2156356976880: Object, 2156356977272: Object, 2156356978056: Object, 2156356978448: Object, 2156356978560: Object, 2156356980016: Object, 2156356980576: Object, 2156356952304: Object, 2156356952920: Object, 2156356953256: Object, 2156356953760: Object, 2156356954208: Object, 2156356954544: Object, 2156356954936: Object]}
(Thread-10) 190618_12:38:23.483 INFO client.py:88 REQUEST reqMatchingSymbols {'reqId': 200052, 'pattern': 'AU'}
(Thread-10) 190618_12:38:23.483 INFO client.py:77 SENDING reqMatchingSymbols b'\x00\x00\x00\r81\x00200052\x00AU\x00'
(MainThread) 190618_12:38:23.653 INFO wrapper.py:48 ANSWER symbolSamples {'reqId': 200052, 'contractDescriptions': [2156356673488: Object, 2156356955888: Object, 2156356955216: Object, 2156356952192: Object, 2156356952808: Object, 2156356952416: Object, 2156356953256: Object, 2156356953480: Object, 2156356954040: Object, 2156356954264: Object, 2156356954768: Object, 2156356980808: Object, 2156356981144: Object, 2156356981648: Object, 2156356982040: Object, 2156356982376: Object, 2156356982712: Object]}
(Thread-10) 190618_12:38:24.524 INFO client.py:88 REQUEST reqMatchingSymbols {'reqId': 200053, 'pattern': 'AV'}
(Thread-10) 190618_12:38:24.524 INFO client.py:77 SENDING reqMatchingSymbols b'\x00\x00\x00\r81\x00200053\x00AV\x00'
(MainThread) 190618_12:38:24.694 INFO wrapper.py:48 ANSWER symbolSamples {'reqId': 200053, 'contractDescriptions': [2156356671472: Object, 2156356984056: Object, 2156356980808: Object, 2156356980920: Object, 2156356981256: Object, 2156356981816: Object, 2156356982208: Object, 2156356984000: Object, 2156356983720: Object, 2156356984112: Object, 2156356956112: Object, 2156356954992: Object, 2156356955104: Object, 2156356952304: Object, 2156356952360: Object, 2156356953200: Object]}
(Thread-10) 190618_12:38:25.565 INFO client.py:88 REQUEST reqMatchingSymbols {'reqId': 200054, 'pattern': 'AW'}
(Thread-10) 190618_12:38:25.565 INFO client.py:77 SENDING reqMatchingSymbols b'\x00\x00\x00\r81\x00200054\x00AW\x00'
(MainThread) 190618_12:38:25.736 INFO wrapper.py:48 ANSWER symbolSamples {'reqId': 200054, 'contractDescriptions': [2156356956000: Object, 2156356954544: Object, 2156356956056: Object, 2156356955440: Object, 2156356955216: Object, 2156356952752: Object, 2156356952472: Object, 2156356955608: Object, 2156356954432: Object, 2156356980808: Object, 2156356981144: Object, 2156356981480: Object, 2156356981872: Object, 2156356982208: Object, 2156356982544: Object]}
(Thread-10) 190618_12:38:26.596 INFO client.py:88 REQUEST reqMatchingSymbols {'reqId': 200055, 'pattern': 'AX'}
(Thread-10) 190618_12:38:26.596 INFO client.py:77 SENDING reqMatchingSymbols b'\x00\x00\x00\r81\x00200055\x00AX\x00'
(MainThread) 190618_12:38:26.765 INFO wrapper.py:48 ANSWER symbolSamples {'reqId': 200055, 'contractDescriptions': [2156356702560: Object, 2156356872624: Object, 2156356872512: Object, 2156356871616: Object, 2156356980864: Object, 2156356983216: Object, 2156356982712: Object, 2156356981816: Object, 2156356981648: Object, 2156356982040: Object, 2156356982376: Object, 2156356982992: Object, 2156356984504: Object, 2156356923464: Object, 2156356923856: Object, 2156356924192: Object]}
(Thread-11) 190618_12:38:29.805 INFO client.py:88 REQUEST reqMatchingSymbols {'reqId': 200057, 'pattern': 'AY'}
(Thread-11) 190618_12:38:29.805 INFO client.py:77 SENDING reqMatchingSymbols b'\x00\x00\x00\r81\x00200057\x00AY\x00'
(MainThread) 190618_12:38:29.983 INFO wrapper.py:48 ANSWER symbolSamples {'reqId': 200057, 'contractDescriptions': [2156356872232: Object, 2156356981424: Object, 2156356981536: Object, 2156356981592: Object, 2156356982488: Object, 2156356984224: Object, 2156356984280: Object, 2156356984560: Object, 2156356702560: Object, 2156356952360: Object, 2156356952696: Object, 2156356953032: Object, 2156356953368: Object, 2156356953704: Object, 2156356954040: Object, 2156356954376: Object]}
(Thread-11) 190618_12:38:30.844 INFO client.py:88 REQUEST reqMatchingSymbols {'reqId': 200058, 'pattern': 'AZ'}
(Thread-11) 190618_12:38:30.844 INFO client.py:77 SENDING reqMatchingSymbols b'\x00\x00\x00\r81\x00200058\x00AZ\x00'
(MainThread) 190618_12:38:31.020 INFO wrapper.py:48 ANSWER symbolSamples {'reqId': 200058, 'contractDescriptions': [2156356873576: Object, 2156356871224: Object, 2156356981816: Object, 2156356982040: Object, 2156356983440: Object, 2156356982992: Object, 2156356983776: Object, 2156356984784: Object, 2156356964760: Object, 2156356965096: Object, 2156356965488: Object, 2156356965824: Object, 2156356966328: Object, 2156356966776: Object, 2156356967112: Object, 2156356967448: Object]}
(Thread-11) 190618_12:38:31.881 INFO client.py:88 REQUEST reqMatchingSymbols {'reqId': 200059, 'pattern': 'BA'}
(Thread-11) 190618_12:38:31.881 INFO client.py:77 SENDING reqMatchingSymbols b'\x00\x00\x00\r81\x00200059\x00BA\x00'
(MainThread) 190618_12:38:32.072 INFO wrapper.py:48 ANSWER symbolSamples {'reqId': 200059, 'contractDescriptions': [2156356872008: Object, 2156356982712: Object, 2156356982152: Object, 2156356984224: Object, 2156356983944: Object, 2156356983664: Object, 2156356984728: Object, 2156356964592: Object, 2156356964928: Object, 2156356965264: Object, 2156356965600: Object, 2156356965936: Object, 2156356966496: Object, 2156356966832: Object, 2156356967168: Object, 2156356967728: Object, 2156356968064: Object]}
(Thread-11) 190618_12:38:32.912 INFO client.py:88 REQUEST reqMatchingSymbols {'reqId': 200060, 'pattern': 'BB'}
(Thread-11) 190618_12:38:32.912 INFO client.py:77 SENDING reqMatchingSymbols b'\x00\x00\x00\r81\x00200060\x00BB\x00'
(MainThread) 190618_12:38:33.089 INFO wrapper.py:48 ANSWER symbolSamples {'reqId': 200060, 'contractDescriptions': [2156356871224: Object, 2156356982152: Object, 2156356981984: Object, 2156356983720: Object, 2156356984448: Object, 2156356984616: Object, 2156356952304: Object, 2156356952696: Object, 2156356953200: Object, 2156356953536: Object, 2156356954152: Object, 2156356954544: Object, 2156356955048: Object, 2156356955384: Object, 2156356955776: Object, 2156356956112: Object, 2156356964760: Object, 2156356965096: Object]}
(Thread-11) 190618_12:38:33.951 INFO client.py:88 REQUEST reqMatchingSymbols {'reqId': 200061, 'pattern': 'BC'}
(Thread-11) 190618_12:38:33.961 INFO client.py:77 SENDING reqMatchingSymbols b'\x00\x00\x00\r81\x00200061\x00BC\x00'
(MainThread) 190618_12:38:34.124 INFO wrapper.py:48 ANSWER symbolSamples {'reqId': 200061, 'contractDescriptions': [2156356873912: Object, 2156356981872: Object, 2156356982376: Object, 2156356984224: Object, 2156356984560: Object, 2156356982992: Object, 2156356984728: Object, 2156356989168: Object, 2156356989672: Object, 2156356990008: Object, 2156356990344: Object, 2156356990680: Object, 2156356991072: Object, 2156356991408: Object, 2156356991856: Object, 2156356992192: Object, 2156356992528: Object, 2156356992920: Object]}
(Thread-11) 190618_12:38:34.990 INFO client.py:88 REQUEST reqMatchingSymbols {'reqId': 200062, 'pattern': 'BD'}
(Thread-11) 190618_12:38:34.990 INFO client.py:77 SENDING reqMatchingSymbols b'\x00\x00\x00\r81\x00200062\x00BD\x00'
(MainThread) 190618_12:38:35.167 INFO wrapper.py:48 ANSWER symbolSamples {'reqId': 200062, 'contractDescriptions': [2156356982040: Object, 2156356982320: Object, 2156356982264: Object, 2156356983272: Object, 2156356984392: Object, 2156356981592: Object, 2156356873576: Object, 2156356952192: Object, 2156356952640: Object, 2156356952976: Object, 2156356953312: Object, 2156356953648: Object, 2156356954040: Object, 2156356954544: Object, 2156356954992: Object]}
(Thread-11) 190618_12:38:36.027 INFO client.py:88 REQUEST reqMatchingSymbols {'reqId': 200063, 'pattern': 'BE'}
(Thread-11) 190618_12:38:36.027 INFO client.py:77 SENDING reqMatchingSymbols b'\x00\x00\x00\r81\x00200063\x00BE\x00'
(MainThread) 190618_12:38:36.198 INFO wrapper.py:48 ANSWER symbolSamples {'reqId': 200063, 'contractDescriptions': [2156339007216: Object, 2156356982488: Object, 2156356982656: Object, 2156356983720: Object, 2156356984784: Object, 2156356984616: Object, 2156356873912: Object, 2156356703008: Object, 2156356673152: Object, 2156356989224: Object, 2156356989560: Object, 2156356989952: Object, 2156356990288: Object, 2156356990792: Object, 2156356991184: Object, 2156356991632: Object, 2156356992024: Object]}
(Thread-11) 190618_12:38:37.068 INFO client.py:88 REQUEST reqMatchingSymbols {'reqId': 200064, 'pattern': 'BF'}
(Thread-11) 190618_12:38:37.068 INFO client.py:77 SENDING reqMatchingSymbols b'\x00\x00\x00\r81\x00200064\x00BF\x00'
(MainThread) 190618_12:38:37.240 INFO wrapper.py:48 ANSWER symbolSamples {'reqId': 200064, 'contractDescriptions': [2156339049192: Object, 2156356703288: Object, 2156356982152: Object, 2156356982320: Object, 2156356982096: Object, 2156356983776: Object, 2156356983272: Object, 2156356981368: Object, 2156356952192: Object, 2156356952528: Object, 2156356952864: Object, 2156356953256: Object, 2156356953592: Object, 2156356953928: Object, 2156356954320: Object]}
(Thread-11) 190618_12:38:38.103 INFO client.py:88 REQUEST reqMatchingSymbols {'reqId': 200065, 'pattern': 'BG'}
(Thread-11) 190618_12:38:38.103 INFO client.py:77 SENDING reqMatchingSymbols b'\x00\x00\x00\r81\x00200065\x00BG\x00'
(MainThread) 190618_12:38:38.280 INFO wrapper.py:48 ANSWER symbolSamples {'reqId': 200065, 'contractDescriptions': [2156356703288: Object, 2156356981312: Object, 2156356981424: Object, 2156356984504: Object, 2156356981704: Object, 2156356984392: Object, 2156356984616: Object, 2156356981256: Object, 2156339049192: Object, 2156356952416: Object, 2156356952808: Object, 2156356953256: Object, 2156356953592: Object, 2156356953928: Object, 2156356954320: Object, 2156356954712: Object, 2156356955104: Object]}
(Thread-11) 190618_12:38:39.140 INFO client.py:88 REQUEST reqMatchingSymbols {'reqId': 200066, 'pattern': 'BH'}
(Thread-11) 190618_12:38:39.140 INFO client.py:77 SENDING reqMatchingSymbols b'\x00\x00\x00\r81\x00200066\x00BH\x00'
(MainThread) 190618_12:38:39.315 INFO wrapper.py:48 ANSWER symbolSamples {'reqId': 200066, 'contractDescriptions': [2156356830096: Object, 2156356873016: Object, 2156356874024: Object, 2156356981424: Object, 2156356981648: Object, 2156356984168: Object, 2156356982824: Object, 2156356984504: Object, 2156356984280: Object, 2156356983664: Object, 2156356982992: Object, 2156356984728: Object, 2156356545560: Object, 2156356948264: Object, 2156356948768: Object, 2156356949216: Object, 2156356949552: Object]}
(Thread-12) 190618_12:38:42.330 INFO client.py:88 REQUEST reqMatchingSymbols {'reqId': 200068, 'pattern': 'BI'}
(Thread-12) 190618_12:38:42.330 INFO client.py:77 SENDING reqMatchingSymbols b'\x00\x00\x00\r81\x00200068\x00BI\x00'
(MainThread) 190618_12:38:42.507 INFO wrapper.py:48 ANSWER symbolSamples {'reqId': 200068, 'contractDescriptions': [2156356872624: Object, 2156356981704: Object, 2156356984504: Object, 2156356983664: Object, 2156356982992: Object, 2156356984336: Object, 2156356670296: Object, 2156356923576: Object, 2156356923968: Object, 2156356924304: Object, 2156356924640: Object, 2156356925144: Object, 2156356925704: Object, 2156356926096: Object, 2156356926544: Object]}
(Thread-12) 190618_12:38:43.364 INFO client.py:88 REQUEST reqMatchingSymbols {'reqId': 200069, 'pattern': 'BJ'}
(Thread-12) 190618_12:38:43.364 INFO client.py:77 SENDING reqMatchingSymbols b'\x00\x00\x00\r81\x00200069\x00BJ\x00'
(MainThread) 190618_12:38:43.533 INFO wrapper.py:48 ANSWER symbolSamples {'reqId': 200069, 'contractDescriptions': [2156356669680: Object, 2156356981424: Object, 2156356983608: Object, 2156356982264: Object, 2156356982208: Object, 2156356981760: Object, 2156356984784: Object, 2156356981256: Object, 2156356948040: Object, 2156356948488: Object, 2156356948880: Object, 2156356949216: Object, 2156356949552: Object, 2156356949944: Object, 2156356950280: Object, 2156356950616: Object]}
(Thread-12) 190618_12:38:44.400 INFO client.py:88 REQUEST reqMatchingSymbols {'reqId': 200070, 'pattern': 'BK'}
(Thread-12) 190618_12:38:44.400 INFO client.py:77 SENDING reqMatchingSymbols b'\x00\x00\x00\r81\x00200070\x00BK\x00'
(MainThread) 190618_12:38:44.570 INFO wrapper.py:48 ANSWER symbolSamples {'reqId': 200070, 'contractDescriptions': [2156356872456: Object, 2156356983104: Object, 2156356983720: Object, 2156356984280: Object, 2156356984616: Object, 2156356984672: Object, 2156356983440: Object, 2156357005496: Object, 2156357005832: Object, 2156357006168: Object, 2156357006560: Object, 2156357006896: Object, 2156357007232: Object, 2156357007736: Object, 2156357008240: Object, 2156357008576: Object, 2156357009136: Object, 2156356923520: Object]}
(Thread-12) 190618_12:38:45.430 INFO client.py:88 REQUEST reqMatchingSymbols {'reqId': 200071, 'pattern': 'BL'}
(Thread-12) 190618_12:38:45.430 INFO client.py:77 SENDING reqMatchingSymbols b'\x00\x00\x00\r81\x00200071\x00BL\x00'
(MainThread) 190618_12:38:45.607 INFO wrapper.py:48 ANSWER symbolSamples {'reqId': 200071, 'contractDescriptions': [2156356874024: Object, 2156356982544: Object, 2156356982208: Object, 2156356982992: Object, 2156356984448: Object, 2156356981592: Object, 2156356924528: Object, 2156356925312: Object, 2156356924248: Object, 2156356923632: Object, 2156356925368: Object, 2156356924024: Object, 2156356925760: Object, 2156356926096: Object, 2156356926432: Object, 2156356926768: Object]}
(Thread-12) 190618_12:38:46.468 INFO client.py:88 REQUEST reqMatchingSymbols {'reqId': 200072, 'pattern': 'BM'}
(Thread-12) 190618_12:38:46.468 INFO client.py:77 SENDING reqMatchingSymbols b'\x00\x00\x00\r81\x00200072\x00BM\x00'
(MainThread) 190618_12:38:46.638 INFO wrapper.py:48 ANSWER symbolSamples {'reqId': 200072, 'contractDescriptions': [2156356673320: Object, 2156356983776: Object, 2156356981312: Object, 2156356984616: Object, 2156356984672: Object, 2156356983888: Object, 2156356981256: Object, 2156356948488: Object, 2156356948824: Object, 2156356949328: Object, 2156356949776: Object, 2156356950112: Object, 2156356950616: Object, 2156356950952: Object, 2156356951288: Object]}
(Thread-12) 190618_12:38:47.499 INFO client.py:88 REQUEST reqMatchingSymbols {'reqId': 200073, 'pattern': 'BN'}
(Thread-12) 190618_12:38:47.499 INFO client.py:77 SENDING reqMatchingSymbols b'\x00\x00\x00\r81\x00200073\x00BN\x00'
(MainThread) 190618_12:38:47.669 INFO wrapper.py:48 ANSWER symbolSamples {'reqId': 200073, 'contractDescriptions': [2156356872064: Object, 2156356982040: Object, 2156356984392: Object, 2156356984448: Object, 2156356984784: Object, 2156356983608: Object, 2156356948096: Object, 2156356948432: Object, 2156356948768: Object, 2156356949384: Object, 2156356949720: Object, 2156356950056: Object, 2156356950504: Object, 2156356950896: Object, 2156356951232: Object, 2156356951680: Object]}
(Thread-12) 190618_12:38:48.540 INFO client.py:88 REQUEST reqMatchingSymbols {'reqId': 200074, 'pattern': 'BO'}
(Thread-12) 190618_12:38:48.550 INFO client.py:77 SENDING reqMatchingSymbols b'\x00\x00\x00\r81\x00200074\x00BO\x00'
(MainThread) 190618_12:38:48.716 INFO wrapper.py:48 ANSWER symbolSamples {'reqId': 200074, 'contractDescriptions': [2156356669568: Object, 2156356983160: Object, 2156356984392: Object, 2156356982992: Object, 2156356981592: Object, 2156356984784: Object, 2156356981424: Object, 2156357009536: Object, 2156357009984: Object, 2156357010936: Object, 2156357010544: Object, 2156357011384: Object, 2156357011888: Object, 2156357012224: Object, 2156357012784: Object, 2156357013288: Object]}
(Thread-12) 190618_12:38:49.573 INFO client.py:88 REQUEST reqMatchingSymbols {'reqId': 200075, 'pattern': 'BP'}
(Thread-12) 190618_12:38:49.573 INFO client.py:77 SENDING reqMatchingSymbols b'\x00\x00\x00\r81\x00200075\x00BP\x00'
(MainThread) 190618_12:38:49.744 INFO wrapper.py:48 ANSWER symbolSamples {'reqId': 200075, 'contractDescriptions': [2156356983272: Object, 2156356984616: Object, 2156356982320: Object, 2156356983944: Object, 2156356982880: Object, 2156356984000: Object, 2156356949328: Object, 2156356949272: Object, 2156356948320: Object, 2156356948600: Object, 2156356948432: Object, 2156356950168: Object, 2156356950616: Object, 2156356950952: Object, 2156356951456: Object, 2156356951792: Object, 2156357009592: Object, 2156357009984: Object]}
(Thread-12) 190618_12:38:50.601 INFO client.py:88 REQUEST reqMatchingSymbols {'reqId': 200076, 'pattern': 'BQ'}
(Thread-12) 190618_12:38:50.601 INFO client.py:77 SENDING reqMatchingSymbols b'\x00\x00\x00\r81\x00200076\x00BQ\x00'
(MainThread) 190618_12:38:50.778 INFO wrapper.py:48 ANSWER symbolSamples {'reqId': 200076, 'contractDescriptions': [2156356984056: Object, 2156356982264: Object, 2156356982320: Object, 2156356983664: Object, 2156356981984: Object, 2156356983888: Object, 2156357005384: Object, 2156357005720: Object, 2156357006056: Object, 2156357006392: Object, 2156357006728: Object, 2156357007064: Object, 2156357007400: Object]}
(Thread-12) 190618_12:38:51.649 INFO client.py:88 REQUEST reqMatchingSymbols {'reqId': 200077, 'pattern': 'BR'}
(Thread-12) 190618_12:38:51.649 INFO client.py:77 SENDING reqMatchingSymbols b'\x00\x00\x00\r81\x00200077\x00BR\x00'
(MainThread) 190618_12:38:51.811 INFO wrapper.py:48 ANSWER symbolSamples {'reqId': 200077, 'contractDescriptions': [2156356830096: Object, 2156356871112: Object, 2156356981368: Object, 2156356983664: Object, 2156356982600: Object, 2156356980976: Object, 2156356982320: Object, 2156356981200: Object, 2156356981760: Object, 2156357005496: Object, 2156357005832: Object, 2156357006168: Object, 2156357006560: Object, 2156357007120: Object, 2156357007456: Object, 2156357007848: Object, 2156357008352: Object]}
(Thread-13) 190618_12:38:54.831 INFO client.py:88 REQUEST reqMatchingSymbols {'reqId': 200079, 'pattern': 'BS'}
(Thread-13) 190618_12:38:54.831 INFO client.py:77 SENDING reqMatchingSymbols b'\x00\x00\x00\r81\x00200079\x00BS\x00'
(MainThread) 190618_12:38:55.007 INFO wrapper.py:48 ANSWER symbolSamples {'reqId': 200079, 'contractDescriptions': [2156356982544: Object, 2156356982600: Object, 2156356983608: Object, 2156356872456: Object, 2156357008744: Object, 2156357008352: Object, 2156357005440: Object, 2156357006112: Object, 2156357006168: Object, 2156357006280: Object, 2156357006784: Object, 2156357007456: Object, 2156357008184: Object, 2156357007960: Object, 2156356948096: Object]}
(Thread-13) 190618_12:38:55.868 INFO client.py:88 REQUEST reqMatchingSymbols {'reqId': 200080, 'pattern': 'BT'}
(Thread-13) 190618_12:38:55.868 INFO client.py:77 SENDING reqMatchingSymbols b'\x00\x00\x00\r81\x00200080\x00BT\x00'
(MainThread) 190618_12:38:56.048 INFO wrapper.py:48 ANSWER symbolSamples {'reqId': 200080, 'contractDescriptions': [2156356871672: Object, 2156356981032: Object, 2156356982880: Object, 2156356983608: Object, 2156357009648: Object, 2156357010040: Object, 2156357010544: Object, 2156357010880: Object, 2156357011216: Object, 2156357011552: Object, 2156357011944: Object, 2156357012336: Object, 2156357012784: Object, 2156357013120: Object, 2156356948768: Object, 2156356949328: Object]}
(Thread-13) 190618_12:38:56.908 INFO client.py:88 REQUEST reqMatchingSymbols {'reqId': 200081, 'pattern': 'BU'}
(Thread-13) 190618_12:38:56.908 INFO client.py:77 SENDING reqMatchingSymbols b'\x00\x00\x00\r81\x00200081\x00BU\x00'
(MainThread) 190618_12:38:57.078 INFO wrapper.py:48 ANSWER symbolSamples {'reqId': 200081, 'contractDescriptions': [2156356872848: Object, 2156356982600: Object, 2156356984336: Object, 2156356981312: Object, 2156357009816: Object, 2156357010152: Object, 2156357010488: Object, 2156357010824: Object, 2156357011160: Object, 2156357011496: Object, 2156357011888: Object, 2156357012336: Object, 2156357012672: Object, 2156357013008: Object, 2156357013400: Object, 2156357005664: Object]}
(Thread-13) 190618_12:38:57.958 INFO client.py:88 REQUEST reqMatchingSymbols {'reqId': 200082, 'pattern': 'BV'}
(Thread-13) 190618_12:38:57.958 INFO client.py:77 SENDING reqMatchingSymbols b'\x00\x00\x00\r81\x00200082\x00BV\x00'
(MainThread) 190618_12:38:58.131 INFO wrapper.py:48 ANSWER symbolSamples {'reqId': 200082, 'contractDescriptions': [2156356984056: Object, 2156356984000: Object, 2156356984336: Object, 2156357007624: Object, 2156357007064: Object, 2156357005776: Object, 2156357006056: Object, 2156357007232: Object, 2156357006784: Object, 2156357007904: Object, 2156357008408: Object, 2156357008744: Object, 2156357009080: Object, 2156357009480: Object, 2156357009872: Object, 2156357010208: Object]}
(Thread-13) 190618_12:38:58.988 INFO client.py:88 REQUEST reqMatchingSymbols {'reqId': 200083, 'pattern': 'BW'}
(Thread-13) 190618_12:38:58.988 INFO client.py:77 SENDING reqMatchingSymbols b'\x00\x00\x00\r81\x00200083\x00BW\x00'
(MainThread) 190618_12:38:59.158 INFO wrapper.py:48 ANSWER symbolSamples {'reqId': 200083, 'contractDescriptions': [2156356871840: Object, 2156356983160: Object, 2156356984336: Object, 2156357010600: Object, 2156357010264: Object, 2156357009536: Object, 2156357009928: Object, 2156357011440: Object, 2156357011720: Object, 2156357011888: Object, 2156357012336: Object, 2156357012728: Object, 2156357013232: Object, 2156357005496: Object, 2156357005832: Object, 2156357006168: Object]}
(Thread-13) 190618_12:39:00.018 INFO client.py:88 REQUEST reqMatchingSymbols {'reqId': 200084, 'pattern': 'BX'}
(Thread-13) 190618_12:39:00.018 INFO client.py:77 SENDING reqMatchingSymbols b'\x00\x00\x00\r81\x00200084\x00BX\x00'
(MainThread) 190618_12:39:00.194 INFO wrapper.py:48 ANSWER symbolSamples {'reqId': 200084, 'contractDescriptions': [2156356983160: Object, 2156356981760: Object, 2156357007624: Object, 2156357008072: Object, 2156357006336: Object, 2156357005776: Object, 2156357006000: Object, 2156357007736: Object, 2156357006672: Object, 2156357008464: Object, 2156357008800: Object, 2156357009248: Object, 2156357009704: Object, 2156357010040: Object, 2156357010376: Object, 2156357010712: Object, 2156357011048: Object]}
(Thread-13) 190618_12:39:01.055 INFO client.py:88 REQUEST reqMatchingSymbols {'reqId': 200085, 'pattern': 'BY'}
(Thread-13) 190618_12:39:01.065 INFO client.py:77 SENDING reqMatchingSymbols b'\x00\x00\x00\r81\x00200085\x00BY\x00'
(MainThread) 190618_12:39:01.228 INFO wrapper.py:48 ANSWER symbolSamples {'reqId': 200085, 'contractDescriptions': [2156356981312: Object, 2156356981200: Object, 2156356982936: Object, 2156357012504: Object, 2156357011328: Object, 2156357009648: Object, 2156357009984: Object, 2156357010376: Object, 2156357010768: Object, 2156357011384: Object, 2156357012000: Object, 2156357013064: Object, 2156357013400: Object, 2156357005664: Object, 2156357006000: Object, 2156357006336: Object, 2156357006672: Object]}
(Thread-13) 190618_12:39:02.132 INFO client.py:88 REQUEST reqMatchingSymbols {'reqId': 200086, 'pattern': 'BZ'}
(Thread-13) 190618_12:39:02.142 INFO client.py:77 SENDING reqMatchingSymbols b'\x00\x00\x00\r81\x00200086\x00BZ\x00'
(MainThread) 190618_12:39:02.306 INFO wrapper.py:48 ANSWER symbolSamples {'reqId': 200086, 'contractDescriptions': [2156356981200: Object, 2156356981032: Object, 2156356981312: Object, 2156357008408: Object, 2156357007792: Object, 2156357006896: Object, 2156357005440: Object, 2156357005832: Object, 2156357006504: Object, 2156357007456: Object, 2156357008240: Object, 2156357008800: Object, 2156357009304: Object, 2156357009816: Object, 2156357010208: Object, 2156357010544: Object, 2156357010880: Object]}
(Thread-13) 190618_12:39:03.206 INFO client.py:88 REQUEST reqMatchingSymbols {'reqId': 200087, 'pattern': 'CA'}
(Thread-13) 190618_12:39:03.206 INFO client.py:77 SENDING reqMatchingSymbols b'\x00\x00\x00\r81\x00200087\x00CA\x00'
(MainThread) 190618_12:39:03.386 INFO wrapper.py:48 ANSWER symbolSamples {'reqId': 200087, 'contractDescriptions': [2156356982768: Object, 2156356982600: Object, 2156357012560: Object, 2156357010824: Object, 2156357010992: Object, 2156357009480: Object, 2156357010432: Object, 2156357010712: Object, 2156357011272: Object, 2156357011328: Object, 2156357012952: Object, 2156357013456: Object, 2156357005664: Object, 2156357006224: Object, 2156357006560: Object, 2156357007064: Object, 2156357007400: Object, 2156357007848: Object]}
(Thread-13) 190618_12:39:04.247 INFO client.py:88 REQUEST reqMatchingSymbols {'reqId': 200088, 'pattern': 'CB'}
(Thread-13) 190618_12:39:04.247 INFO client.py:77 SENDING reqMatchingSymbols b'\x00\x00\x00\r81\x00200088\x00CB\x00'
(MainThread) 190618_12:39:04.412 INFO wrapper.py:48 ANSWER symbolSamples {'reqId': 200088, 'contractDescriptions': [2156356984728: Object, 2156356982656: Object, 2156356983944: Object, 2156356983832: Object, 2156356980864: Object, 2156357008296: Object, 2156357009080: Object, 2156357005608: Object, 2156357006168: Object, 2156357006336: Object, 2156357006784: Object, 2156357007288: Object, 2156357007680: Object, 2156357009024: Object, 2156356948096: Object, 2156356948544: Object]}
(Thread-14) 190618_12:39:07.489 INFO client.py:88 REQUEST reqMatchingSymbols {'reqId': 200090, 'pattern': 'CC'}
(Thread-14) 190618_12:39:07.489 INFO client.py:77 SENDING reqMatchingSymbols b'\x00\x00\x00\r81\x00200090\x00CC\x00'
(MainThread) 190618_12:39:07.664 INFO wrapper.py:48 ANSWER symbolSamples {'reqId': 200090, 'contractDescriptions': [2156356984728: Object, 2156356980920: Object, 2156356949160: Object, 2156356948544: Object, 2156356948320: Object, 2156356949104: Object, 2156356949944: Object, 2156356950784: Object, 2156356951344: Object, 2156356951848: Object, 2156357009592: Object, 2156357009928: Object, 2156357010376: Object, 2156357010824: Object, 2156357011216: Object, 2156357011608: Object, 2156357012112: Object, 2156357012448: Object]}
(Thread-14) 190618_12:39:08.525 INFO client.py:88 REQUEST reqMatchingSymbols {'reqId': 200091, 'pattern': 'CD'}
(Thread-14) 190618_12:39:08.525 INFO client.py:77 SENDING reqMatchingSymbols b'\x00\x00\x00\r81\x00200091\x00CD\x00'
(MainThread) 190618_12:39:08.691 INFO wrapper.py:48 ANSWER symbolSamples {'reqId': 200091, 'contractDescriptions': [2156356984392: Object, 2156356948824: Object, 2156356948600: Object, 2156356948376: Object, 2156356948880: Object, 2156356950280: Object, 2156356949664: Object, 2156356951232: Object, 2156356950896: Object, 2156356951456: Object, 2156357005384: Object, 2156357005720: Object, 2156357006168: Object, 2156357006504: Object, 2156357006840: Object, 2156357007288: Object]}
(Thread-14) 190618_12:39:09.556 INFO client.py:88 REQUEST reqMatchingSymbols {'reqId': 200092, 'pattern': 'CE'}
(Thread-14) 190618_12:39:09.556 INFO client.py:77 SENDING reqMatchingSymbols b'\x00\x00\x00\r81\x00200092\x00CE\x00'
(MainThread) 190618_12:39:09.727 INFO wrapper.py:48 ANSWER symbolSamples {'reqId': 200092, 'contractDescriptions': [2156356984392: Object, 2156356948432: Object, 2156356948376: Object, 2156356948096: Object, 2156356949496: Object, 2156356949328: Object, 2156356950560: Object, 2156356951008: Object, 2156356951736: Object, 2156357030016: Object, 2156357030520: Object, 2156357030856: Object, 2156357031192: Object, 2156357031584: Object, 2156357031920: Object, 2156357032256: Object, 2156357032592: Object, 2156357032928: Object, 2156357033320: Object]}
(Thread-14) 190618_12:39:10.595 INFO client.py:88 REQUEST reqMatchingSymbols {'reqId': 200093, 'pattern': 'CF'}
(Thread-14) 190618_12:39:10.595 INFO client.py:77 SENDING reqMatchingSymbols b'\x00\x00\x00\r81\x00200093\x00CF\x00'
(MainThread) 190618_12:39:10.770 INFO wrapper.py:48 ANSWER symbolSamples {'reqId': 200093, 'contractDescriptions': [2156356980920: Object, 2156356948376: Object, 2156356948264: Object, 2156356948320: Object, 2156356948992: Object, 2156356950728: Object, 2156356951624: Object, 2156356951400: Object, 2156356951848: Object, 2156357035344: Object, 2156357034280: Object, 2156357034448: Object, 2156357035568: Object, 2156357035960: Object, 2156357036296: Object, 2156357036744: Object, 2156357037080: Object]}
(Thread-14) 190618_12:39:11.637 INFO client.py:88 REQUEST reqMatchingSymbols {'reqId': 200094, 'pattern': 'CG'}
(Thread-14) 190618_12:39:11.638 INFO client.py:77 SENDING reqMatchingSymbols b'\x00\x00\x00\r81\x00200094\x00CG\x00'
(MainThread) 190618_12:39:11.808 INFO wrapper.py:48 ANSWER symbolSamples {'reqId': 200094, 'contractDescriptions': [2156356949048: Object, 2156356950448: Object, 2156356949384: Object, 2156356948992: Object, 2156356950280: Object, 2156356951008: Object, 2156356951344: Object, 2156356950896: Object, 2156356949552: Object, 2156356980920: Object, 2156357030016: Object, 2156357030184: Object, 2156357030408: Object, 2156357031304: Object, 2156357031640: Object, 2156357031976: Object, 2156357032368: Object]}
(Thread-14) 190618_12:39:12.666 INFO client.py:88 REQUEST reqMatchingSymbols {'reqId': 200095, 'pattern': 'CH'}
(Thread-14) 190618_12:39:12.666 INFO client.py:77 SENDING reqMatchingSymbols b'\x00\x00\x00\r81\x00200095\x00CH\x00'
(MainThread) 190618_12:39:12.842 INFO wrapper.py:48 ANSWER symbolSamples {'reqId': 200095, 'contractDescriptions': [2156356983104: Object, 2156356948824: Object, 2156356948208: Object, 2156356950392: Object, 2156356950672: Object, 2156356951624: Object, 2156356950784: Object, 2156356950896: Object, 2156356949552: Object, 2156357032816: Object, 2156357033488: Object, 2156357032536: Object, 2156357030688: Object, 2156357030912: Object, 2156357031024: Object]}
