(MainThread) 190618_11:00:12.087 INFO client.py:178 sent startApi
(MainThread) 190618_11:00:12.087 INFO client.py:88 REQUEST startApi {}
(MainThread) 190618_11:00:12.087 INFO client.py:77 SENDING startApi b'\x00\x00\x00\x0871\x002\x000\x00\x00'
(MainThread) 190618_11:00:12.097 INFO wrapper.py:48 ANSWER managedAccounts {'accountsList': 'U8071180'}
(MainThread) 190618_11:00:12.097 INFO wrapper.py:48 ANSWER nextValidId {'orderId': 60}
(MainThread) 190618_11:00:12.317 INFO client.py:88 REQUEST reqMatchingSymbols {'reqId': 200002, 'pattern': 'ZZZZ'}
(MainThread) 190618_11:00:12.317 INFO client.py:77 SENDING reqMatchingSymbols b'\x00\x00\x00\x0f81\x00200002\x00ZZZZ\x00'
(MainThread) 190618_11:00:12.319 INFO client.py:88 REQUEST reqMatchingSymbols {'reqId': 200002, 'pattern': 'ZZZY'}
(MainThread) 190618_11:00:12.319 INFO client.py:77 SENDING reqMatchingSymbols b'\x00\x00\x00\x0f81\x00200002\x00ZZZY\x00'
(MainThread) 190618_11:00:12.322 INFO client.py:88 REQUEST reqMatchingSymbols {'reqId': 200002, 'pattern': 'ZZZX'}
(MainThread) 190618_11:00:12.322 INFO client.py:77 SENDING reqMatchingSymbols b'\x00\x00\x00\x0f81\x00200002\x00ZZZX\x00'
(MainThread) 190618_11:00:12.323 INFO client.py:88 REQUEST reqMatchingSymbols {'reqId': 200002, 'pattern': 'ZZZW'}
(MainThread) 190618_11:00:12.323 INFO client.py:77 SENDING reqMatchingSymbols b'\x00\x00\x00\x0f81\x00200002\x00ZZZW\x00'
(MainThread) 190618_11:00:12.324 INFO client.py:88 REQUEST reqMatchingSymbols {'reqId': 200002, 'pattern': 'ZZZV'}
(MainThread) 190618_11:00:12.325 INFO client.py:77 SENDING reqMatchingSymbols b'\x00\x00\x00\x0f81\x00200002\x00ZZZV\x00'
(MainThread) 190618_11:00:12.327 INFO client.py:88 REQUEST reqMatchingSymbols {'reqId': 200002, 'pattern': 'ZZZU'}
(MainThread) 190618_11:00:12.328 INFO client.py:77 SENDING reqMatchingSymbols b'\x00\x00\x00\x0f81\x00200002\x00ZZZU\x00'
(MainThread) 190618_11:00:12.329 INFO client.py:88 REQUEST reqMatchingSymbols {'reqId': 200002, 'pattern': 'ZZZT'}
(MainThread) 190618_11:00:12.330 INFO client.py:77 SENDING reqMatchingSymbols b'\x00\x00\x00\x0f81\x00200002\x00ZZZT\x00'
(MainThread) 190618_11:00:12.331 INFO client.py:88 REQUEST reqMatchingSymbols {'reqId': 200002, 'pattern': 'ZZZS'}
(MainThread) 190618_11:00:12.332 INFO client.py:77 SENDING reqMatchingSymbols b'\x00\x00\x00\x0f81\x00200002\x00ZZZS\x00'
(MainThread) 190618_11:00:12.334 INFO client.py:88 REQUEST reqMatchingSymbols {'reqId': 200002, 'pattern': 'ZZZR'}
(MainThread) 190618_11:00:12.335 INFO client.py:77 SENDING reqMatchingSymbols b'\x00\x00\x00\x0f81\x00200002\x00ZZZR\x00'
(MainThread) 190618_11:00:12.336 INFO client.py:88 REQUEST reqMatchingSymbols {'reqId': 200002, 'pattern': 'ZZZQ'}
(MainThread) 190618_11:00:12.337 INFO client.py:77 SENDING reqMatchingSymbols b'\x00\x00\x00\x0f81\x00200002\x00ZZZQ\x00'
(MainThread) 190618_11:00:12.500 INFO wrapper.py:48 ANSWER symbolSamples {'reqId': 200002, 'contractDescriptions': []}
(MainThread) 190618_11:00:13.507 INFO wrapper.py:48 ANSWER symbolSamples {'reqId': 200002, 'contractDescriptions': []}
