(MainThread) 190608_00:46:45.036 INFO iborder.py:99 STARTING IB...
(MainThread) 190608_00:46:45.047 INFO client.py:178 sent startApi
(MainThread) 190608_00:46:45.048 INFO client.py:88 REQUEST startApi {}
(MainThread) 190608_00:46:45.048 INFO client.py:77 SENDING startApi b'\x00\x00\x00\x0871\x002\x000\x00\x00'
(MainThread) 190608_00:46:45.049 INFO wrapper.py:48 ANSWER managedAccounts {'accountsList': 'DU1502805'}
(MainThread) 190608_00:46:45.050 INFO wrapper.py:48 ANSWER nextValidId {'orderId': 1}
(MainThread) 190608_00:46:45.051 INFO client.py:88 REQUEST reqMarketDataType {'marketDataType': 4}
(MainThread) 190608_00:46:45.051 INFO client.py:77 SENDING reqMarketDataType b'\x00\x00\x00\x0759\x001\x004\x00'
(MainThread) 190608_00:46:45.052 INFO client.py:88 REQUEST reqMktData {'reqId': 1000, 'contract': 1487853051128: 0,XNET,STK,,0.0,,,SMART,ISLAND,USD,,,False,,combo:, 'genericTickList': '', 'snapshot': False, 'regulatorySnapshot': False, 'mktDataOptions': []}
(MainThread) 190608_00:46:45.052 INFO client.py:77 SENDING reqMktData b'\x00\x00\x0071\x0011\x001000\x000\x00XNET\x00STK\x00\x000.0\x00\x00\x00SMART\x00ISLAND\x00USD\x00\x00\x000\x00\x000\x000\x00\x00'
(MainThread) 190608_00:46:45.052 INFO client.py:88 REQUEST reqMktData {'reqId': 1001, 'contract': 1487853051128: 0,WB,STK,,0.0,,,SMART,ISLAND,USD,,,False,,combo:, 'genericTickList': '', 'snapshot': False, 'regulatorySnapshot': False, 'mktDataOptions': []}
(MainThread) 190608_00:46:45.053 INFO client.py:77 SENDING reqMktData b'\x00\x00\x0051\x0011\x001001\x000\x00WB\x00STK\x00\x000.0\x00\x00\x00SMART\x00ISLAND\x00USD\x00\x00\x000\x00\x000\x000\x00\x00'
(MainThread) 190608_00:46:45.053 INFO client.py:88 REQUEST reqMktData {'reqId': 1002, 'contract': 1487853051128: 0,TQQQ,STK,,0.0,,,SMART,ISLAND,USD,,,False,,combo:, 'genericTickList': '', 'snapshot': False, 'regulatorySnapshot': False, 'mktDataOptions': []}
(MainThread) 190608_00:46:45.053 INFO client.py:77 SENDING reqMktData b'\x00\x00\x0071\x0011\x001002\x000\x00TQQQ\x00STK\x00\x000.0\x00\x00\x00SMART\x00ISLAND\x00USD\x00\x00\x000\x00\x000\x000\x00\x00'
(MainThread) 190608_00:46:45.054 INFO client.py:88 REQUEST reqMktData {'reqId': 1003, 'contract': 1487853051128: 0,MSFT,STK,,0.0,,,SMART,ISLAND,USD,,,False,,combo:, 'genericTickList': '', 'snapshot': False, 'regulatorySnapshot': False, 'mktDataOptions': []}
(MainThread) 190608_00:46:45.054 INFO client.py:77 SENDING reqMktData b'\x00\x00\x0071\x0011\x001003\x000\x00MSFT\x00STK\x00\x000.0\x00\x00\x00SMART\x00ISLAND\x00USD\x00\x00\x000\x00\x000\x000\x00\x00'
(MainThread) 190608_00:46:45.054 INFO wrapper.py:48 ANSWER error {'reqId': -1, 'errorCode': 2104, 'errorString': 'Market data farm connection is OK:usfarm'}
(MainThread) 190608_00:46:45.055 ERROR wrapper.py:56 ERROR -1 2104 Market data farm connection is OK:usfarm
(MainThread) 190608_00:46:45.055 INFO wrapper.py:48 ANSWER error {'reqId': -1, 'errorCode': 2107, 'errorString': 'HMDS data farm connection is inactive but should be available upon demand.ushmds'}
(MainThread) 190608_00:46:45.056 ERROR wrapper.py:56 ERROR -1 2107 HMDS data farm connection is inactive but should be available upon demand.ushmds
(MainThread) 190608_00:46:45.439 INFO wrapper.py:48 ANSWER tickReqParams {'tickerId': 1000, 'minTick': 0.01, 'bboExchange': '9c', 'snapshotPermissions': 1}
(MainThread) 190608_00:46:45.441 INFO wrapper.py:48 ANSWER marketDataType {'reqId': 1000, 'marketDataType': 3}
(MainThread) 190608_00:46:45.443 INFO wrapper.py:48 ANSWER error {'reqId': 1000, 'errorCode': 10167, 'errorString': 'Requested market data is not subscribed. Displaying delayed market data...'}
(MainThread) 190608_00:46:45.443 ERROR wrapper.py:56 ERROR 1000 10167 Requested market data is not subscribed. Displaying delayed market data...
(MainThread) 190608_00:46:45.688 INFO wrapper.py:48 ANSWER tickReqParams {'tickerId': 1001, 'minTick': 0.01, 'bboExchange': '9c', 'snapshotPermissions': 1}
(MainThread) 190608_00:46:45.689 INFO wrapper.py:48 ANSWER tickReqParams {'tickerId': 1002, 'minTick': 0.01, 'bboExchange': '9c', 'snapshotPermissions': 1}
(MainThread) 190608_00:46:45.690 INFO wrapper.py:48 ANSWER tickReqParams {'tickerId': 1003, 'minTick': 0.01, 'bboExchange': '9c', 'snapshotPermissions': 1}
(MainThread) 190608_00:46:45.691 INFO wrapper.py:48 ANSWER marketDataType {'reqId': 1001, 'marketDataType': 3}
(MainThread) 190608_00:46:45.692 INFO wrapper.py:48 ANSWER error {'reqId': 1001, 'errorCode': 10167, 'errorString': 'Requested market data is not subscribed. Displaying delayed market data...'}
(MainThread) 190608_00:46:45.693 ERROR wrapper.py:56 ERROR 1001 10167 Requested market data is not subscribed. Displaying delayed market data...
(MainThread) 190608_00:46:45.694 INFO wrapper.py:48 ANSWER marketDataType {'reqId': 1002, 'marketDataType': 3}
(MainThread) 190608_00:46:45.695 INFO wrapper.py:48 ANSWER error {'reqId': 1002, 'errorCode': 10167, 'errorString': 'Requested market data is not subscribed. Displaying delayed market data...'}
(MainThread) 190608_00:46:45.695 ERROR wrapper.py:56 ERROR 1002 10167 Requested market data is not subscribed. Displaying delayed market data...
(MainThread) 190608_00:46:45.696 INFO wrapper.py:48 ANSWER marketDataType {'reqId': 1003, 'marketDataType': 3}
(MainThread) 190608_00:46:45.697 INFO wrapper.py:48 ANSWER error {'reqId': 1003, 'errorCode': 10167, 'errorString': 'Requested market data is not subscribed. Displaying delayed market data...'}
(MainThread) 190608_00:46:45.697 ERROR wrapper.py:56 ERROR 1003 10167 Requested market data is not subscribed. Displaying delayed market data...
(MainThread) 190608_00:46:45.899 INFO wrapper.py:48 ANSWER tickPrice {'reqId': 1000, 'tickType': 68, 'price': 2.14, 'attrib': 1487853050568: CanAutoExecute: 0, PastLimit: 0, PreOpen: 0}
(MainThread) 190608_00:46:45.904 INFO wrapper.py:48 ANSWER tickSize {'reqId': 1000, 'tickType': 71, 'size': 1}
(MainThread) 190608_00:46:45.905 INFO wrapper.py:48 ANSWER tickString {'reqId': 1000, 'tickType': 88, 'value': '1559925168'}
(MainThread) 190608_00:46:46.106 INFO wrapper.py:48 ANSWER tickPrice {'reqId': 1000, 'tickType': 68, 'price': 2.15, 'attrib': 1487853050288: CanAutoExecute: 0, PastLimit: 0, PreOpen: 0}
(MainThread) 190608_00:46:46.110 INFO wrapper.py:48 ANSWER tickSize {'reqId': 1000, 'tickType': 71, 'size': 8}
(MainThread) 190608_00:46:46.110 INFO wrapper.py:48 ANSWER tickString {'reqId': 1000, 'tickType': 88, 'value': '1559925171'}
(MainThread) 190608_00:46:46.111 INFO wrapper.py:48 ANSWER tickPrice {'reqId': 1000, 'tickType': 72, 'price': 2.15, 'attrib': 1487853050288: CanAutoExecute: 0, PastLimit: 0, PreOpen: 0}
(MainThread) 190608_00:46:46.113 INFO wrapper.py:48 ANSWER tickPrice {'reqId': 1000, 'tickType': 73, 'price': 1.99, 'attrib': 1487853050568: CanAutoExecute: 0, PastLimit: 0, PreOpen: 0}
(MainThread) 190608_00:46:46.115 INFO wrapper.py:48 ANSWER tickSize {'reqId': 1000, 'tickType': 74, 'size': 3494}
(MainThread) 190608_00:46:46.115 INFO wrapper.py:48 ANSWER tickPrice {'reqId': 1000, 'tickType': 75, 'price': 2.14, 'attrib': 1487853050568: CanAutoExecute: 0, PastLimit: 0, PreOpen: 0}
(MainThread) 190608_00:46:46.117 INFO wrapper.py:48 ANSWER tickPrice {'reqId': 1000, 'tickType': 66, 'price': 2.14, 'attrib': 1487853050792: CanAutoExecute: 0, PastLimit: 0, PreOpen: 0}
(MainThread) 190608_00:46:46.119 INFO wrapper.py:48 ANSWER tickSize {'reqId': 1000, 'tickType': 69, 'size': 42}
(MainThread) 190608_00:46:46.119 INFO wrapper.py:48 ANSWER tickPrice {'reqId': 1000, 'tickType': 67, 'price': 2.15, 'attrib': 1487853405072: CanAutoExecute: 0, PastLimit: 0, PreOpen: 0}
(MainThread) 190608_00:46:46.121 INFO wrapper.py:48 ANSWER tickSize {'reqId': 1000, 'tickType': 70, 'size': 50}
(MainThread) 190608_00:46:46.121 INFO wrapper.py:48 ANSWER tickPrice {'reqId': 1001, 'tickType': 68, 'price': 42.75, 'attrib': 1487853405352: CanAutoExecute: 0, PastLimit: 0, PreOpen: 0}
(MainThread) 190608_00:46:46.123 INFO wrapper.py:48 ANSWER tickSize {'reqId': 1001, 'tickType': 71, 'size': 1}
(MainThread) 190608_00:46:46.123 INFO wrapper.py:48 ANSWER tickString {'reqId': 1001, 'tickType': 88, 'value': '1559925186'}
(MainThread) 190608_00:46:46.123 INFO wrapper.py:48 ANSWER tickPrice {'reqId': 1002, 'tickType': 68, 'price': 56.48, 'attrib': 1487853405352: CanAutoExecute: 0, PastLimit: 0, PreOpen: 0}
(MainThread) 190608_00:46:46.125 INFO wrapper.py:48 ANSWER tickSize {'reqId': 1002, 'tickType': 71, 'size': 1}
(MainThread) 190608_00:46:46.125 INFO wrapper.py:48 ANSWER tickString {'reqId': 1002, 'tickType': 88, 'value': '1559925189'}
(MainThread) 190608_00:46:46.126 INFO wrapper.py:48 ANSWER tickPrice {'reqId': 1002, 'tickType': 72, 'price': 56.92, 'attrib': 1487853405352: CanAutoExecute: 0, PastLimit: 0, PreOpen: 0}
(MainThread) 190608_00:46:46.127 INFO wrapper.py:48 ANSWER tickPrice {'reqId': 1002, 'tickType': 73, 'price': 53.82, 'attrib': 1487853404512: CanAutoExecute: 0, PastLimit: 0, PreOpen: 0}
(MainThread) 190608_00:46:46.129 INFO wrapper.py:48 ANSWER tickSize {'reqId': 1002, 'tickType': 74, 'size': 141075}
(MainThread) 190608_00:46:46.129 INFO wrapper.py:48 ANSWER tickPrice {'reqId': 1002, 'tickType': 75, 'price': 53.14, 'attrib': 1487853404624: CanAutoExecute: 0, PastLimit: 0, PreOpen: 0}
(MainThread) 190608_00:46:46.130 INFO wrapper.py:48 ANSWER tickPrice {'reqId': 1002, 'tickType': 76, 'price': 0.0, 'attrib': 1487853404960: CanAutoExecute: 0, PastLimit: 0, PreOpen: 0}
(MainThread) 190608_00:46:46.131 INFO wrapper.py:48 ANSWER tickPrice {'reqId': 1003, 'tickType': 66, 'price': 131.7, 'attrib': 1487853404848: CanAutoExecute: 0, PastLimit: 0, PreOpen: 0}
(MainThread) 190608_00:46:46.132 INFO wrapper.py:48 ANSWER tickSize {'reqId': 1003, 'tickType': 69, 'size': 30}
(MainThread) 190608_00:46:46.132 INFO wrapper.py:48 ANSWER tickPrice {'reqId': 1003, 'tickType': 67, 'price': 131.71, 'attrib': 1487853404848: CanAutoExecute: 0, PastLimit: 0, PreOpen: 0}
(MainThread) 190608_00:46:46.135 INFO wrapper.py:48 ANSWER tickSize {'reqId': 1003, 'tickType': 70, 'size': 19}
(MainThread) 190608_00:46:46.135 INFO wrapper.py:48 ANSWER tickPrice {'reqId': 1003, 'tickType': 68, 'price': 131.7, 'attrib': 1487853404848: CanAutoExecute: 0, PastLimit: 0, PreOpen: 0}
(MainThread) 190608_00:46:46.137 INFO wrapper.py:48 ANSWER tickSize {'reqId': 1003, 'tickType': 71, 'size': 1}
(MainThread) 190608_00:46:46.137 INFO wrapper.py:48 ANSWER tickString {'reqId': 1003, 'tickType': 88, 'value': '1559925187'}
(MainThread) 190608_00:46:46.138 INFO wrapper.py:48 ANSWER tickPrice {'reqId': 1003, 'tickType': 72, 'price': 132.25, 'attrib': 1487853404848: CanAutoExecute: 0, PastLimit: 0, PreOpen: 0}
(MainThread) 190608_00:46:46.139 INFO wrapper.py:48 ANSWER tickPrice {'reqId': 1003, 'tickType': 73, 'price': 128.26, 'attrib': 1487853405408: CanAutoExecute: 0, PastLimit: 0, PreOpen: 0}
(MainThread) 190608_00:46:46.141 INFO wrapper.py:48 ANSWER tickSize {'reqId': 1003, 'tickType': 74, 'size': 188427}
(MainThread) 190608_00:46:46.141 INFO wrapper.py:48 ANSWER tickPrice {'reqId': 1003, 'tickType': 75, 'price': 127.82, 'attrib': 1487853405520: CanAutoExecute: 0, PastLimit: 0, PreOpen: 0}
(MainThread) 190608_00:46:46.143 INFO wrapper.py:48 ANSWER tickPrice {'reqId': 1003, 'tickType': 76, 'price': 0.0, 'attrib': 1487853405576: CanAutoExecute: 0, PastLimit: 0, PreOpen: 0}
(MainThread) 190608_00:46:46.144 INFO wrapper.py:48 ANSWER tickPrice {'reqId': 1001, 'tickType': 72, 'price': 42.79, 'attrib': 1487853405632: CanAutoExecute: 0, PastLimit: 0, PreOpen: 0}
(MainThread) 190608_00:46:46.145 INFO wrapper.py:48 ANSWER tickPrice {'reqId': 1001, 'tickType': 73, 'price': 41.64, 'attrib': 1487853405240: CanAutoExecute: 0, PastLimit: 0, PreOpen: 0}
(MainThread) 190608_00:46:46.147 INFO wrapper.py:48 ANSWER tickSize {'reqId': 1001, 'tickType': 74, 'size': 11694}
(MainThread) 190608_00:46:46.147 INFO wrapper.py:48 ANSWER tickPrice {'reqId': 1001, 'tickType': 75, 'price': 41.25, 'attrib': 1487853405744: CanAutoExecute: 0, PastLimit: 0, PreOpen: 0}
(MainThread) 190608_00:46:46.148 INFO wrapper.py:48 ANSWER tickPrice {'reqId': 1002, 'tickType': 66, 'price': 56.47, 'attrib': 1487853405800: CanAutoExecute: 0, PastLimit: 0, PreOpen: 0}
(MainThread) 190608_00:46:46.149 INFO wrapper.py:48 ANSWER tickSize {'reqId': 1002, 'tickType': 69, 'size': 62}
(MainThread) 190608_00:46:46.150 INFO wrapper.py:48 ANSWER tickPrice {'reqId': 1002, 'tickType': 67, 'price': 56.48, 'attrib': 1487853405856: CanAutoExecute: 0, PastLimit: 0, PreOpen: 0}
(MainThread) 190608_00:46:46.151 INFO wrapper.py:48 ANSWER tickSize {'reqId': 1002, 'tickType': 70, 'size': 3}
(MainThread) 190608_00:46:46.152 INFO wrapper.py:48 ANSWER tickPrice {'reqId': 1001, 'tickType': 66, 'price': 42.73, 'attrib': 1487853406920: CanAutoExecute: 0, PastLimit: 0, PreOpen: 0}
(MainThread) 190608_00:46:46.153 INFO wrapper.py:48 ANSWER tickSize {'reqId': 1001, 'tickType': 69, 'size': 1}
(MainThread) 190608_00:46:46.153 INFO wrapper.py:48 ANSWER tickPrice {'reqId': 1001, 'tickType': 67, 'price': 42.77, 'attrib': 1487853406976: CanAutoExecute: 0, PastLimit: 0, PreOpen: 0}
(MainThread) 190608_00:46:46.155 INFO wrapper.py:48 ANSWER tickSize {'reqId': 1001, 'tickType': 70, 'size': 5}
