(MainThread) 190608_00:43:50.171 INFO iborder.py:101 STARTING IB...
(MainThread) 190608_00:43:50.181 INFO client.py:178 sent startApi
(MainThread) 190608_00:43:50.181 INFO client.py:88 REQUEST startApi {}
(MainThread) 190608_00:43:50.181 INFO client.py:77 SENDING startApi b'\x00\x00\x00\x0871\x002\x000\x00\x00'
(MainThread) 190608_00:43:50.183 INFO wrapper.py:48 ANSWER managedAccounts {'accountsList': 'DU1502805'}
(MainThread) 190608_00:43:50.183 INFO wrapper.py:48 ANSWER nextValidId {'orderId': 1}
(MainThread) 190608_00:43:50.184 INFO client.py:88 REQUEST reqMarketDataType {'marketDataType': 4}
(MainThread) 190608_00:43:50.185 INFO client.py:77 SENDING reqMarketDataType b'\x00\x00\x00\x0759\x001\x004\x00'
(MainThread) 190608_00:43:50.186 INFO client.py:88 REQUEST reqMktData {'reqId': 1000, 'contract': 1936309056176: 0,XNET,STK,,0.0,,,SMART,ISLAND,USD,,,False,,combo:, 'genericTickList': '', 'snapshot': False, 'regulatorySnapshot': False, 'mktDataOptions': []}
(MainThread) 190608_00:43:50.186 INFO client.py:77 SENDING reqMktData b'\x00\x00\x0071\x0011\x001000\x000\x00XNET\x00STK\x00\x000.0\x00\x00\x00SMART\x00ISLAND\x00USD\x00\x00\x000\x00\x000\x000\x00\x00'
(MainThread) 190608_00:43:50.186 INFO client.py:88 REQUEST reqMktData {'reqId': 1001, 'contract': 1936309056176: 0,WB,STK,,0.0,,,SMART,ISLAND,USD,,,False,,combo:, 'genericTickList': '', 'snapshot': False, 'regulatorySnapshot': False, 'mktDataOptions': []}
(MainThread) 190608_00:43:50.187 INFO client.py:77 SENDING reqMktData b'\x00\x00\x0051\x0011\x001001\x000\x00WB\x00STK\x00\x000.0\x00\x00\x00SMART\x00ISLAND\x00USD\x00\x00\x000\x00\x000\x000\x00\x00'
(MainThread) 190608_00:43:50.187 INFO client.py:88 REQUEST reqMktData {'reqId': 1002, 'contract': 1936309056176: 0,TQQQ,STK,,0.0,,,SMART,ISLAND,USD,,,False,,combo:, 'genericTickList': '', 'snapshot': False, 'regulatorySnapshot': False, 'mktDataOptions': []}
(MainThread) 190608_00:43:50.188 INFO client.py:77 SENDING reqMktData b'\x00\x00\x0071\x0011\x001002\x000\x00TQQQ\x00STK\x00\x000.0\x00\x00\x00SMART\x00ISLAND\x00USD\x00\x00\x000\x00\x000\x000\x00\x00'
(MainThread) 190608_00:43:50.188 INFO client.py:88 REQUEST reqMktData {'reqId': 1003, 'contract': 1936309056176: 0,MSFT,STK,,0.0,,,SMART,ISLAND,USD,,,False,,combo:, 'genericTickList': '', 'snapshot': False, 'regulatorySnapshot': False, 'mktDataOptions': []}
(MainThread) 190608_00:43:50.188 INFO client.py:77 SENDING reqMktData b'\x00\x00\x0071\x0011\x001003\x000\x00MSFT\x00STK\x00\x000.0\x00\x00\x00SMART\x00ISLAND\x00USD\x00\x00\x000\x00\x000\x000\x00\x00'
(MainThread) 190608_00:43:50.189 INFO wrapper.py:48 ANSWER error {'reqId': -1, 'errorCode': 2104, 'errorString': 'Market data farm connection is OK:usfarm'}
(MainThread) 190608_00:43:50.189 ERROR wrapper.py:56 ERROR -1 2104 Market data farm connection is OK:usfarm
(MainThread) 190608_00:43:50.190 INFO wrapper.py:48 ANSWER error {'reqId': -1, 'errorCode': 2107, 'errorString': 'HMDS data farm connection is inactive but should be available upon demand.ushmds'}
(MainThread) 190608_00:43:50.190 ERROR wrapper.py:56 ERROR -1 2107 HMDS data farm connection is inactive but should be available upon demand.ushmds
(MainThread) 190608_00:43:50.673 INFO wrapper.py:48 ANSWER tickReqParams {'tickerId': 1000, 'minTick': 0.0, 'bboExchange': '', 'snapshotPermissions': 0}
(MainThread) 190608_00:43:50.674 INFO wrapper.py:48 ANSWER marketDataType {'reqId': 1000, 'marketDataType': 3}
(MainThread) 190608_00:43:50.675 INFO wrapper.py:48 ANSWER error {'reqId': 1000, 'errorCode': 10167, 'errorString': 'Requested market data is not subscribed. Displaying delayed market data...'}
(MainThread) 190608_00:43:50.676 ERROR wrapper.py:56 ERROR 1000 10167 Requested market data is not subscribed. Displaying delayed market data...
(MainThread) 190608_00:43:50.921 INFO wrapper.py:48 ANSWER tickReqParams {'tickerId': 1002, 'minTick': 0.0, 'bboExchange': '', 'snapshotPermissions': 0}
(MainThread) 190608_00:43:50.922 INFO wrapper.py:48 ANSWER marketDataType {'reqId': 1002, 'marketDataType': 3}
(MainThread) 190608_00:43:50.922 INFO wrapper.py:48 ANSWER error {'reqId': 1002, 'errorCode': 10167, 'errorString': 'Requested market data is not subscribed. Displaying delayed market data...'}
(MainThread) 190608_00:43:50.923 ERROR wrapper.py:56 ERROR 1002 10167 Requested market data is not subscribed. Displaying delayed market data...
(MainThread) 190608_00:43:51.132 INFO wrapper.py:48 ANSWER tickReqParams {'tickerId': 1001, 'minTick': 0.0, 'bboExchange': '', 'snapshotPermissions': 0}
(MainThread) 190608_00:43:51.134 INFO wrapper.py:48 ANSWER tickReqParams {'tickerId': 1003, 'minTick': 0.0, 'bboExchange': '', 'snapshotPermissions': 0}
(MainThread) 190608_00:43:51.137 INFO wrapper.py:48 ANSWER marketDataType {'reqId': 1001, 'marketDataType': 3}
(MainThread) 190608_00:43:51.139 INFO wrapper.py:48 ANSWER error {'reqId': 1001, 'errorCode': 10167, 'errorString': 'Requested market data is not subscribed. Displaying delayed market data...'}
(MainThread) 190608_00:43:51.140 ERROR wrapper.py:56 ERROR 1001 10167 Requested market data is not subscribed. Displaying delayed market data...
(MainThread) 190608_00:43:51.142 INFO wrapper.py:48 ANSWER marketDataType {'reqId': 1003, 'marketDataType': 3}
(MainThread) 190608_00:43:51.144 INFO wrapper.py:48 ANSWER error {'reqId': 1003, 'errorCode': 10167, 'errorString': 'Requested market data is not subscribed. Displaying delayed market data...'}
(MainThread) 190608_00:43:51.145 ERROR wrapper.py:56 ERROR 1003 10167 Requested market data is not subscribed. Displaying delayed market data...
(MainThread) 190608_00:43:51.341 INFO wrapper.py:48 ANSWER tickPrice {'reqId': 1000, 'tickType': 72, 'price': 2.15, 'attrib': 1936327212728: CanAutoExecute: 0, PastLimit: 0, PreOpen: 0}
(MainThread) 190608_00:43:51.344 INFO wrapper.py:48 ANSWER tickPrice {'reqId': 1000, 'tickType': 73, 'price': 1.99, 'attrib': 1936327212672: CanAutoExecute: 0, PastLimit: 0, PreOpen: 0}
(MainThread) 190608_00:43:51.346 INFO wrapper.py:48 ANSWER tickSize {'reqId': 1000, 'tickType': 74, 'size': 3472}
(MainThread) 190608_00:43:51.347 INFO wrapper.py:48 ANSWER tickPrice {'reqId': 1000, 'tickType': 75, 'price': 2.14, 'attrib': 1936327211608: CanAutoExecute: 0, PastLimit: 0, PreOpen: 0}
(MainThread) 190608_00:43:51.350 INFO wrapper.py:48 ANSWER tickPrice {'reqId': 1000, 'tickType': 68, 'price': 2.14, 'attrib': 1936327212336: CanAutoExecute: 0, PastLimit: 0, PreOpen: 0}
(MainThread) 190608_00:43:51.352 INFO wrapper.py:48 ANSWER tickSize {'reqId': 1000, 'tickType': 71, 'size': 1}
(MainThread) 190608_00:43:51.353 INFO wrapper.py:48 ANSWER tickString {'reqId': 1000, 'tickType': 88, 'value': '1559924902'}
(MainThread) 190608_00:43:51.353 INFO wrapper.py:48 ANSWER tickPrice {'reqId': 1000, 'tickType': 66, 'price': 2.13, 'attrib': 1936327212336: CanAutoExecute: 0, PastLimit: 0, PreOpen: 0}
(MainThread) 190608_00:43:51.356 INFO wrapper.py:48 ANSWER tickSize {'reqId': 1000, 'tickType': 69, 'size': 27}
(MainThread) 190608_00:43:51.357 INFO wrapper.py:48 ANSWER tickPrice {'reqId': 1000, 'tickType': 67, 'price': 2.14, 'attrib': 1936327212224: CanAutoExecute: 0, PastLimit: 0, PreOpen: 0}
(MainThread) 190608_00:43:51.359 INFO wrapper.py:48 ANSWER tickSize {'reqId': 1000, 'tickType': 70, 'size': 12}
(MainThread) 190608_00:43:51.549 INFO wrapper.py:48 ANSWER tickPrice {'reqId': 1002, 'tickType': 66, 'price': 56.45, 'attrib': 1936327212672: CanAutoExecute: 0, PastLimit: 0, PreOpen: 0}
(MainThread) 190608_00:43:51.552 INFO wrapper.py:48 ANSWER tickSize {'reqId': 1002, 'tickType': 69, 'size': 3}
(MainThread) 190608_00:43:51.553 INFO wrapper.py:48 ANSWER tickPrice {'reqId': 1002, 'tickType': 67, 'price': 56.46, 'attrib': 1936327212056: CanAutoExecute: 0, PastLimit: 0, PreOpen: 0}
(MainThread) 190608_00:43:51.556 INFO wrapper.py:48 ANSWER tickSize {'reqId': 1002, 'tickType': 70, 'size': 30}
(MainThread) 190608_00:43:51.557 INFO wrapper.py:48 ANSWER tickPrice {'reqId': 1002, 'tickType': 68, 'price': 56.46, 'attrib': 1936327212952: CanAutoExecute: 0, PastLimit: 0, PreOpen: 0}
(MainThread) 190608_00:43:51.560 INFO wrapper.py:48 ANSWER tickSize {'reqId': 1002, 'tickType': 71, 'size': 5}
(MainThread) 190608_00:43:51.560 INFO wrapper.py:48 ANSWER tickString {'reqId': 1002, 'tickType': 88, 'value': '1559925013'}
(MainThread) 190608_00:43:51.561 INFO wrapper.py:48 ANSWER tickPrice {'reqId': 1002, 'tickType': 72, 'price': 56.92, 'attrib': 1936327212952: CanAutoExecute: 0, PastLimit: 0, PreOpen: 0}
(MainThread) 190608_00:43:51.566 INFO wrapper.py:48 ANSWER tickPrice {'reqId': 1002, 'tickType': 73, 'price': 53.82, 'attrib': 1936327212112: CanAutoExecute: 0, PastLimit: 0, PreOpen: 0}
(MainThread) 190608_00:43:51.568 INFO wrapper.py:48 ANSWER tickSize {'reqId': 1002, 'tickType': 74, 'size': 140458}
(MainThread) 190608_00:43:51.569 INFO wrapper.py:48 ANSWER tickPrice {'reqId': 1002, 'tickType': 75, 'price': 53.14, 'attrib': 1936327213008: CanAutoExecute: 0, PastLimit: 0, PreOpen: 0}
(MainThread) 190608_00:43:51.572 INFO wrapper.py:48 ANSWER tickPrice {'reqId': 1002, 'tickType': 76, 'price': 0.0, 'attrib': 1936327210264: CanAutoExecute: 0, PastLimit: 0, PreOpen: 0}
(MainThread) 190608_00:43:51.760 INFO wrapper.py:48 ANSWER tickPrice {'reqId': 1003, 'tickType': 66, 'price': 131.65, 'attrib': 1936309059536: CanAutoExecute: 0, PastLimit: 0, PreOpen: 0}
(MainThread) 190608_00:43:51.765 INFO wrapper.py:48 ANSWER tickSize {'reqId': 1003, 'tickType': 69, 'size': 34}
(MainThread) 190608_00:43:51.766 INFO wrapper.py:48 ANSWER tickPrice {'reqId': 1003, 'tickType': 67, 'price': 131.66, 'attrib': 1936309059536: CanAutoExecute: 0, PastLimit: 0, PreOpen: 0}
(MainThread) 190608_00:43:51.770 INFO wrapper.py:48 ANSWER tickSize {'reqId': 1003, 'tickType': 70, 'size': 1}
(MainThread) 190608_00:43:51.771 INFO wrapper.py:48 ANSWER tickPrice {'reqId': 1003, 'tickType': 68, 'price': 131.65, 'attrib': 1936309059536: CanAutoExecute: 0, PastLimit: 0, PreOpen: 0}
(MainThread) 190608_00:43:51.776 INFO wrapper.py:48 ANSWER tickSize {'reqId': 1003, 'tickType': 71, 'size': 5}
(MainThread) 190608_00:43:51.777 INFO wrapper.py:48 ANSWER tickString {'reqId': 1003, 'tickType': 88, 'value': '1559925009'}
(MainThread) 190608_00:43:51.778 INFO wrapper.py:48 ANSWER tickPrice {'reqId': 1003, 'tickType': 72, 'price': 132.25, 'attrib': 1936309059536: CanAutoExecute: 0, PastLimit: 0, PreOpen: 0}
(MainThread) 190608_00:43:51.783 INFO wrapper.py:48 ANSWER tickPrice {'reqId': 1003, 'tickType': 73, 'price': 128.26, 'attrib': 1936309059536: CanAutoExecute: 0, PastLimit: 0, PreOpen: 0}
(MainThread) 190608_00:43:51.788 INFO wrapper.py:48 ANSWER tickSize {'reqId': 1003, 'tickType': 74, 'size': 187347}
(MainThread) 190608_00:43:51.789 INFO wrapper.py:48 ANSWER tickPrice {'reqId': 1003, 'tickType': 75, 'price': 127.82, 'attrib': 1936309059536: CanAutoExecute: 0, PastLimit: 0, PreOpen: 0}
(MainThread) 190608_00:43:51.793 INFO wrapper.py:48 ANSWER tickPrice {'reqId': 1003, 'tickType': 76, 'price': 0.0, 'attrib': 1936309059536: CanAutoExecute: 0, PastLimit: 0, PreOpen: 0}
(MainThread) 190608_00:43:51.794 INFO wrapper.py:48 ANSWER tickPrice {'reqId': 1001, 'tickType': 72, 'price': 42.79, 'attrib': 1936309059536: CanAutoExecute: 0, PastLimit: 0, PreOpen: 0}
(MainThread) 190608_00:43:51.799 INFO wrapper.py:48 ANSWER tickPrice {'reqId': 1001, 'tickType': 73, 'price': 41.64, 'attrib': 1936309059536: CanAutoExecute: 0, PastLimit: 0, PreOpen: 0}
(MainThread) 190608_00:43:51.803 INFO wrapper.py:48 ANSWER tickSize {'reqId': 1001, 'tickType': 74, 'size': 11644}
(MainThread) 190608_00:43:51.804 INFO wrapper.py:48 ANSWER tickPrice {'reqId': 1001, 'tickType': 75, 'price': 41.25, 'attrib': 1936309059536: CanAutoExecute: 0, PastLimit: 0, PreOpen: 0}
(MainThread) 190608_00:43:51.809 INFO wrapper.py:48 ANSWER tickPrice {'reqId': 1001, 'tickType': 68, 'price': 42.76, 'attrib': 1936309059536: CanAutoExecute: 0, PastLimit: 0, PreOpen: 0}
(MainThread) 190608_00:43:51.813 INFO wrapper.py:48 ANSWER tickSize {'reqId': 1001, 'tickType': 71, 'size': 2}
(MainThread) 190608_00:43:51.814 INFO wrapper.py:48 ANSWER tickString {'reqId': 1001, 'tickType': 88, 'value': '1559925008'}
(MainThread) 190608_00:43:51.815 INFO wrapper.py:48 ANSWER tickPrice {'reqId': 1001, 'tickType': 66, 'price': 42.74, 'attrib': 1936309059536: CanAutoExecute: 0, PastLimit: 0, PreOpen: 0}
(MainThread) 190608_00:43:51.820 INFO wrapper.py:48 ANSWER tickSize {'reqId': 1001, 'tickType': 69, 'size': 4}
(MainThread) 190608_00:43:51.820 INFO wrapper.py:48 ANSWER tickPrice {'reqId': 1001, 'tickType': 67, 'price': 42.78, 'attrib': 1936309059536: CanAutoExecute: 0, PastLimit: 0, PreOpen: 0}
(MainThread) 190608_00:43:51.823 INFO wrapper.py:48 ANSWER tickSize {'reqId': 1001, 'tickType': 70, 'size': 1}
(MainThread) 190608_00:43:53.886 INFO wrapper.py:48 ANSWER tickPrice {'reqId': 1003, 'tickType': 68, 'price': 131.66, 'attrib': 1936327210264: CanAutoExecute: 0, PastLimit: 0, PreOpen: 0}
(MainThread) 190608_00:43:53.892 INFO wrapper.py:48 ANSWER tickSize {'reqId': 1003, 'tickType': 71, 'size': 1}
(MainThread) 190608_00:43:53.893 INFO wrapper.py:48 ANSWER tickString {'reqId': 1003, 'tickType': 88, 'value': '1559925019'}
(MainThread) 190608_00:43:53.895 INFO wrapper.py:48 ANSWER tickPrice {'reqId': 1003, 'tickType': 66, 'price': 131.66, 'attrib': 1936309059536: CanAutoExecute: 0, PastLimit: 0, PreOpen: 0}
(MainThread) 190608_00:43:53.900 INFO wrapper.py:48 ANSWER tickSize {'reqId': 1003, 'tickType': 69, 'size': 25}
(MainThread) 190608_00:43:53.902 INFO wrapper.py:48 ANSWER tickPrice {'reqId': 1003, 'tickType': 67, 'price': 131.67, 'attrib': 1936309059536: CanAutoExecute: 0, PastLimit: 0, PreOpen: 0}
(MainThread) 190608_00:43:53.907 INFO wrapper.py:48 ANSWER tickSize {'reqId': 1003, 'tickType': 70, 'size': 4}
(MainThread) 190608_00:43:53.909 INFO wrapper.py:48 ANSWER tickSize {'reqId': 1002, 'tickType': 69, 'size': 10}
(MainThread) 190608_00:43:53.910 INFO wrapper.py:48 ANSWER tickSize {'reqId': 1002, 'tickType': 70, 'size': 9}
(MainThread) 190608_00:43:55.638 INFO wrapper.py:48 ANSWER tickPrice {'reqId': 1000, 'tickType': 76, 'price': 0.0, 'attrib': 1936315199440: CanAutoExecute: 0, PastLimit: 0, PreOpen: 0}
(MainThread) 190608_00:43:55.640 INFO wrapper.py:48 ANSWER tickPrice {'reqId': 1001, 'tickType': 76, 'price': 0.0, 'attrib': 1936309059536: CanAutoExecute: 0, PastLimit: 0, PreOpen: 0}
(MainThread) 190608_00:43:55.641 INFO wrapper.py:48 ANSWER tickSize {'reqId': 1002, 'tickType': 74, 'size': 140511}
(MainThread) 190608_00:43:56.639 INFO wrapper.py:48 ANSWER tickString {'reqId': 1000, 'tickType': 88, 'value': '1559925022'}
(MainThread) 190608_00:43:57.640 INFO wrapper.py:48 ANSWER tickSize {'reqId': 1000, 'tickType': 74, 'size': 3473}
(MainThread) 190608_00:43:59.642 INFO wrapper.py:48 ANSWER tickSize {'reqId': 1000, 'tickType': 69, 'size': 26}
(MainThread) 190608_00:43:59.643 INFO wrapper.py:48 ANSWER tickSize {'reqId': 1000, 'tickType': 70, 'size': 13}
(MainThread) 190608_00:44:02.646 INFO wrapper.py:48 ANSWER tickPrice {'reqId': 1001, 'tickType': 68, 'price': 42.78, 'attrib': 1936321680720: CanAutoExecute: 0, PastLimit: 0, PreOpen: 0}
