(MainThread) 190618_12:31:17.112 INFO client.py:178 sent startApi
(MainThread) 190618_12:31:17.112 INFO client.py:88 REQUEST startApi {}
(MainThread) 190618_12:31:17.113 INFO client.py:77 SENDING startApi b'\x00\x00\x00\x0871\x002\x000\x00\x00'
(MainThread) 190618_12:31:17.114 INFO wrapper.py:48 ANSWER managedAccounts {'accountsList': 'U8071180'}
(MainThread) 190618_12:31:17.114 INFO wrapper.py:48 ANSWER nextValidId {'orderId': 60}
(MainThread) 190618_12:31:18.322 INFO client.py:88 REQUEST reqMatchingSymbols {'reqId': 200002, 'pattern': 'A'}
(MainThread) 190618_12:31:18.322 INFO client.py:77 SENDING reqMatchingSymbols b'\x00\x00\x00\x0c81\x00200002\x00A\x00'
(MainThread) 190618_12:31:19.361 INFO client.py:88 REQUEST reqMatchingSymbols {'reqId': 200003, 'pattern': 'B'}
(MainThread) 190618_12:31:19.361 INFO client.py:77 SENDING reqMatchingSymbols b'\x00\x00\x00\x0c81\x00200003\x00B\x00'
(MainThread) 190618_12:31:20.381 INFO client.py:88 REQUEST reqMatchingSymbols {'reqId': 200004, 'pattern': 'C'}
(MainThread) 190618_12:31:20.381 INFO client.py:77 SENDING reqMatchingSymbols b'\x00\x00\x00\x0c81\x00200004\x00C\x00'
(MainThread) 190618_12:31:21.410 INFO client.py:88 REQUEST reqMatchingSymbols {'reqId': 200005, 'pattern': 'D'}
(MainThread) 190618_12:31:21.410 INFO client.py:77 SENDING reqMatchingSymbols b'\x00\x00\x00\x0c81\x00200005\x00D\x00'
(MainThread) 190618_12:31:22.439 INFO client.py:88 REQUEST reqMatchingSymbols {'reqId': 200006, 'pattern': 'E'}
(MainThread) 190618_12:31:22.440 INFO client.py:77 SENDING reqMatchingSymbols b'\x00\x00\x00\x0c81\x00200006\x00E\x00'
(MainThread) 190618_12:31:23.472 INFO client.py:88 REQUEST reqMatchingSymbols {'reqId': 200007, 'pattern': 'F'}
(MainThread) 190618_12:31:23.472 INFO client.py:77 SENDING reqMatchingSymbols b'\x00\x00\x00\x0c81\x00200007\x00F\x00'
(MainThread) 190618_12:31:24.504 INFO client.py:88 REQUEST reqMatchingSymbols {'reqId': 200008, 'pattern': 'G'}
(MainThread) 190618_12:31:24.505 INFO client.py:77 SENDING reqMatchingSymbols b'\x00\x00\x00\x0c81\x00200008\x00G\x00'
(MainThread) 190618_12:31:25.535 INFO client.py:88 REQUEST reqMatchingSymbols {'reqId': 200009, 'pattern': 'H'}
(MainThread) 190618_12:31:25.535 INFO client.py:77 SENDING reqMatchingSymbols b'\x00\x00\x00\x0c81\x00200009\x00H\x00'
(MainThread) 190618_12:31:26.573 INFO client.py:88 REQUEST reqMatchingSymbols {'reqId': 200010, 'pattern': 'I'}
(MainThread) 190618_12:31:26.573 INFO client.py:77 SENDING reqMatchingSymbols b'\x00\x00\x00\x0c81\x00200010\x00I\x00'
(MainThread) 190618_12:31:27.599 INFO client.py:88 REQUEST reqMatchingSymbols {'reqId': 200011, 'pattern': 'J'}
(MainThread) 190618_12:31:27.599 INFO client.py:77 SENDING reqMatchingSymbols b'\x00\x00\x00\x0c81\x00200011\x00J\x00'
(MainThread) 190618_12:31:27.646 INFO wrapper.py:48 ANSWER symbolSamples {'reqId': 200002, 'contractDescriptions': [1785799698528: Object, 1785804690040: Object, 1785804814208: Object, 1785804815720: Object, 1785804920088: Object, 1785804921712: Object, 1785804922160: Object, 1785804922552: Object, 1785804968232: Object, 1785804968568: Object, 1785804968904: Object, 1785804969296: Object, 1785804969632: Object, 1785804969968: Object, 1785804970304: Object, 1785804970752: Object, 1785804971144: Object, 1785804971480: Object, 1785804972104: Object]}
(MainThread) 190618_12:31:28.289 INFO wrapper.py:48 ANSWER symbolSamples {'reqId': 200003, 'contractDescriptions': [1785799698528: Object, 1785804815104: Object, 1785804814208: Object, 1785804815720: Object, 1785804921712: Object, 1785804920984: Object, 1785804922216: Object, 1785804920256: Object, 1785804972272: Object, 1785804973896: Object, 1785805120680: Object, 1785805121016: Object, 1785805121352: Object, 1785805121800: Object, 1785805122192: Object, 1785805122808: Object, 1785805123144: Object, 1785805123480: Object]}
(MainThread) 190618_12:31:28.826 INFO wrapper.py:48 ANSWER symbolSamples {'reqId': 200004, 'contractDescriptions': [1785804689984: Object, 1785804815608: Object, 1785804814824: Object, 1785804815160: Object, 1785804921152: Object, 1785804922104: Object, 1785804922832: Object, 1785804922552: Object, 1785805122752: Object, 1785805119952: Object, 1785805120680: Object, 1785805121184: Object, 1785805121576: Object, 1785805122080: Object, 1785805122584: Object, 1785805122360: Object, 1785805123424: Object, 1785804972160: Object, 1785804974120: Object]}
(MainThread) 190618_12:31:29.386 INFO wrapper.py:48 ANSWER symbolSamples {'reqId': 200005, 'contractDescriptions': [1785799698976: Object, 1785804815104: Object, 1785804814768: Object, 1785804921152: Object, 1785804922104: Object, 1785804921992: Object, 1785804920200: Object, 1785805123480: Object, 1785805120624: Object, 1785805121016: Object, 1785805120904: Object, 1785805121632: Object, 1785805121856: Object, 1785805122024: Object, 1785805122472: Object, 1785805122920: Object]}
(MainThread) 190618_12:31:29.860 INFO wrapper.py:48 ANSWER symbolSamples {'reqId': 200006, 'contractDescriptions': [1785804690264: Object, 1785805078936: Object, 1785804920032: Object, 1785804921208: Object, 1785804922776: Object, 1785804920256: Object, 1785805122304: Object, 1785805123536: Object, 1785805121016: Object, 1785805121184: Object, 1785805121576: Object, 1785805122640: Object, 1785805122976: Object, 1785804815216: Object, 1785804814208: Object, 1785804969520: Object, 1785804968848: Object]}
(MainThread) 190618_12:31:30.390 INFO wrapper.py:48 ANSWER symbolSamples {'reqId': 200007, 'contractDescriptions': [1785799698472: Object, 1785804690264: Object, 1785804920088: Object, 1785804921768: Object, 1785804922608: Object, 1785804922328: Object, 1785805122416: Object, 1785805122752: Object, 1785805120904: Object, 1785805121072: Object, 1785805121632: Object, 1785805122024: Object, 1785805121744: Object, 1785805122360: Object, 1785804815440: Object, 1785804816280: Object, 1785804968792: Object, 1785804969520: Object]}
(Thread-7) 190618_12:31:30.778 INFO client.py:88 REQUEST reqMatchingSymbols {'reqId': 200013, 'pattern': 'K'}
(Thread-7) 190618_12:31:30.778 INFO client.py:77 SENDING reqMatchingSymbols b'\x00\x00\x00\x0c81\x00200013\x00K\x00'
(MainThread) 190618_12:31:30.913 INFO wrapper.py:48 ANSWER symbolSamples {'reqId': 200008, 'contractDescriptions': [1785799698472: Object, 1785804921152: Object, 1785804920088: Object, 1785804921936: Object, 1785804920200: Object, 1785804922384: Object, 1785805123200: Object, 1785805120064: Object, 1785805120288: Object, 1785805121352: Object, 1785805121184: Object, 1785805121576: Object, 1785805122808: Object, 1785805122584: Object, 1785804815216: Object, 1785804815384: Object, 1785804969520: Object, 1785804968176: Object]}
(MainThread) 190618_12:31:31.446 INFO wrapper.py:48 ANSWER symbolSamples {'reqId': 200009, 'contractDescriptions': [1785804690264: Object, 1785799698528: Object, 1785804920032: Object, 1785804921992: Object, 1785804922160: Object, 1785804922664: Object, 1785805119952: Object, 1785805120512: Object, 1785805119728: Object, 1785805121352: Object, 1785805121632: Object, 1785805123032: Object, 1785805121912: Object, 1785804814936: Object, 1785804815552: Object, 1785804973616: Object, 1785804969352: Object]}
(Thread-7) 190618_12:31:31.803 INFO client.py:88 REQUEST reqMatchingSymbols {'reqId': 200014, 'pattern': 'L'}
(Thread-7) 190618_12:31:31.803 INFO client.py:77 SENDING reqMatchingSymbols b'\x00\x00\x00\x0c81\x00200014\x00L\x00'
(MainThread) 190618_12:31:31.949 INFO wrapper.py:48 ANSWER symbolSamples {'reqId': 200010, 'contractDescriptions': [1785804689984: Object, 1785799698976: Object, 1785804921208: Object, 1785804922216: Object, 1785804920256: Object, 1785804922832: Object, 1785805122304: Object, 1785805122864: Object, 1785805121016: Object, 1785805121184: Object, 1785805121632: Object, 1785805121576: Object, 1785805122696: Object, 1785805122136: Object, 1785804815328: Object, 1785804815552: Object]}
(MainThread) 190618_12:31:32.428 INFO wrapper.py:48 ANSWER symbolSamples {'reqId': 200011, 'contractDescriptions': [1785804689984: Object, 1785799698472: Object, 1785804921208: Object, 1785804922216: Object, 1785804920256: Object, 1785804922832: Object, 1785805120624: Object, 1785805120008: Object, 1785805121128: Object, 1785805120960: Object, 1785805121408: Object, 1785805121968: Object, 1785805121800: Object, 1785805122472: Object, 1785804816224: Object]}
(Thread-7) 190618_12:31:32.834 INFO client.py:88 REQUEST reqMatchingSymbols {'reqId': 200015, 'pattern': 'M'}
(Thread-7) 190618_12:31:32.834 INFO client.py:77 SENDING reqMatchingSymbols b'\x00\x00\x00\x0c81\x00200015\x00M\x00'
(MainThread) 190618_12:31:32.893 INFO wrapper.py:48 ANSWER symbolSamples {'reqId': 200013, 'contractDescriptions': [1785804689984: Object, 1785804921712: Object, 1785804921600: Object, 1785804922496: Object, 1785804920312: Object, 1785804922720: Object, 1785805122416: Object, 1785805119952: Object, 1785805120512: Object, 1785805121352: Object, 1785805121072: Object, 1785805121464: Object, 1785805121800: Object, 1785805122472: Object, 1785805122528: Object, 1785804814936: Object, 1785804969520: Object, 1785804969184: Object, 1785804970192: Object]}
(MainThread) 190618_12:31:33.456 INFO wrapper.py:48 ANSWER symbolSamples {'reqId': 200014, 'contractDescriptions': [1785799698864: Object, 1785804690264: Object, 1785804920480: Object, 1785804921936: Object, 1785804921768: Object, 1785804920256: Object, 1785805122304: Object, 1785805120624: Object, 1785805120008: Object, 1785805121240: Object, 1785805122976: Object, 1785805121744: Object, 1785805121912: Object, 1785793770832: Object, 1785804815384: Object, 1785804969856: Object, 1785804969520: Object]}
(Thread-7) 190618_12:31:33.859 INFO client.py:88 REQUEST reqMatchingSymbols {'reqId': 200016, 'pattern': 'N'}
(Thread-7) 190618_12:31:33.860 INFO client.py:77 SENDING reqMatchingSymbols b'\x00\x00\x00\x0c81\x00200016\x00N\x00'
(MainThread) 190618_12:31:33.977 INFO wrapper.py:48 ANSWER symbolSamples {'reqId': 200015, 'contractDescriptions': [1785799698864: Object, 1785804689984: Object, 1785804920984: Object, 1785804921936: Object, 1785804922160: Object, 1785804920256: Object, 1785805122304: Object, 1785805120624: Object, 1785805120512: Object, 1785805121632: Object, 1785805121072: Object, 1785805119728: Object, 1785805123032: Object, 1785805122640: Object, 1785804815608: Object, 1785804815552: Object, 1785804968792: Object, 1785804969352: Object]}
(MainThread) 190618_12:31:34.495 INFO wrapper.py:48 ANSWER symbolSamples {'reqId': 200016, 'contractDescriptions': [1785799698864: Object, 1785804690264: Object, 1785804920480: Object, 1785804921152: Object, 1785804922440: Object, 1785804922552: Object, 1785805120344: Object, 1785805120624: Object, 1785805119952: Object, 1785805120064: Object, 1785805121464: Object, 1785805122472: Object, 1785805122248: Object, 1785805122528: Object, 1785804973672: Object, 1785804815384: Object]}
(Thread-7) 190618_12:31:34.896 INFO client.py:88 REQUEST reqMatchingSymbols {'reqId': 200017, 'pattern': 'O'}
(Thread-7) 190618_12:31:34.896 INFO client.py:77 SENDING reqMatchingSymbols b'\x00\x00\x00\x0c81\x00200017\x00O\x00'
(MainThread) 190618_12:31:35.062 INFO wrapper.py:48 ANSWER symbolSamples {'reqId': 200017, 'contractDescriptions': [1785799698472: Object, 1785804919080: Object, 1785804922776: Object, 1785804921992: Object, 1785804922720: Object, 1785804922328: Object, 1785805120008: Object, 1785805123536: Object, 1785805120736: Object, 1785805120904: Object, 1785805119728: Object, 1785805121800: Object, 1785805122360: Object, 1785804815160: Object, 1785804816280: Object, 1785804814936: Object]}
(Thread-7) 190618_12:31:35.919 INFO client.py:88 REQUEST reqMatchingSymbols {'reqId': 200018, 'pattern': 'P'}
(Thread-7) 190618_12:31:35.919 INFO client.py:77 SENDING reqMatchingSymbols b'\x00\x00\x00\x0c81\x00200018\x00P\x00'
(MainThread) 190618_12:31:36.087 INFO wrapper.py:48 ANSWER symbolSamples {'reqId': 200018, 'contractDescriptions': [1785804974064: Object, 1785804922160: Object, 1785804921992: Object, 1785804922608: Object, 1785804922272: Object, 1785805122416: Object, 1785805121352: Object, 1785805123200: Object, 1785805121184: Object, 1785805121688: Object, 1785805122472: Object, 1785805122584: Object, 1785805122360: Object, 1785804815160: Object, 1785804814768: Object]}
(Thread-7) 190618_12:31:36.959 INFO client.py:88 REQUEST reqMatchingSymbols {'reqId': 200019, 'pattern': 'Q'}
(Thread-7) 190618_12:31:36.959 INFO client.py:77 SENDING reqMatchingSymbols b'\x00\x00\x00\x0c81\x00200019\x00Q\x00'
(MainThread) 190618_12:31:37.129 INFO wrapper.py:48 ANSWER symbolSamples {'reqId': 200019, 'contractDescriptions': [1785804972216: Object, 1785805119952: Object, 1785805120512: Object, 1785805123200: Object, 1785805120736: Object, 1785805120064: Object, 1785805120400: Object, 1785805121800: Object, 1785804815440: Object, 1785804815216: Object, 1785804814824: Object, 1785804922776: Object, 1785804922160: Object, 1785804921992: Object, 1785804922608: Object, 1785804969464: Object]}
(Thread-7) 190618_12:31:37.992 INFO client.py:88 REQUEST reqMatchingSymbols {'reqId': 200020, 'pattern': 'R'}
(Thread-7) 190618_12:31:37.992 INFO client.py:77 SENDING reqMatchingSymbols b'\x00\x00\x00\x0c81\x00200020\x00R\x00'
(MainThread) 190618_12:31:38.163 INFO wrapper.py:48 ANSWER symbolSamples {'reqId': 200020, 'contractDescriptions': [1785804814824: Object, 1785804922664: Object, 1785804921936: Object, 1785804921768: Object, 1785804922720: Object, 1785804689592: Object, 1785805122752: Object, 1785805122864: Object, 1785805120960: Object, 1785805120904: Object, 1785805122976: Object, 1785805121744: Object, 1785805122584: Object, 1785805122304: Object, 1785804970192: Object, 1785804969968: Object, 1785804970752: Object]}
(Thread-7) 190618_12:31:39.032 INFO client.py:88 REQUEST reqMatchingSymbols {'reqId': 200021, 'pattern': 'S'}
(Thread-7) 190618_12:31:39.032 INFO client.py:77 SENDING reqMatchingSymbols b'\x00\x00\x00\x0c81\x00200021\x00S\x00'
(MainThread) 190618_12:31:39.233 INFO wrapper.py:48 ANSWER symbolSamples {'reqId': 200021, 'contractDescriptions': [1785804922160: Object, 1785804922048: Object, 1785804922328: Object, 1785804920200: Object, 1785804689984: Object, 1785805121352: Object, 1785805120512: Object, 1785805121016: Object, 1785805121688: Object, 1785805121408: Object, 1785805121800: Object, 1785805122080: Object, 1785805122192: Object, 1785804814768: Object, 1785804816224: Object, 1785804969128: Object, 1785804970864: Object, 1785804970528: Object, 1785804969464: Object]}
(Thread-7) 190618_12:31:40.073 INFO client.py:88 REQUEST reqMatchingSymbols {'reqId': 200022, 'pattern': 'T'}
(Thread-7) 190618_12:31:40.073 INFO client.py:77 SENDING reqMatchingSymbols b'\x00\x00\x00\x0c81\x00200022\x00T\x00'
(MainThread) 190618_12:31:40.240 INFO wrapper.py:48 ANSWER symbolSamples {'reqId': 200022, 'contractDescriptions': [1785804689592: Object, 1785805123536: Object, 1785805120344: Object, 1785805121520: Object, 1785805120848: Object, 1785805121800: Object, 1785805122080: Object, 1785805122304: Object, 1785804973728: Object, 1785804972104: Object, 1785804816168: Object, 1785804815104: Object, 1785804814208: Object, 1785804920928: Object, 1785804922160: Object, 1785804922272: Object, 1785804922720: Object, 1785804970416: Object]}
(Thread-8) 190618_12:31:43.333 INFO client.py:88 REQUEST reqMatchingSymbols {'reqId': 200024, 'pattern': 'U'}
(Thread-8) 190618_12:31:43.333 INFO client.py:77 SENDING reqMatchingSymbols b'\x00\x00\x00\x0c81\x00200024\x00U\x00'
(MainThread) 190618_12:31:43.505 INFO wrapper.py:48 ANSWER symbolSamples {'reqId': 200024, 'contractDescriptions': [1785804816224: Object, 1785804920088: Object, 1785804920984: Object, 1785804920480: Object, 1785804920312: Object, 1785805121072: Object, 1785805120568: Object, 1785805123200: Object, 1785805122976: Object, 1785805122472: Object, 1785805122640: Object, 1785805121632: Object, 1785805122024: Object, 1785804971256: Object, 1785804971424: Object, 1785804968064: Object]}
(Thread-8) 190618_12:31:44.362 INFO client.py:88 REQUEST reqMatchingSymbols {'reqId': 200025, 'pattern': 'V'}
(Thread-8) 190618_12:31:44.372 INFO client.py:77 SENDING reqMatchingSymbols b'\x00\x00\x00\x0c81\x00200025\x00V\x00'
(MainThread) 190618_12:31:44.538 INFO wrapper.py:48 ANSWER symbolSamples {'reqId': 200025, 'contractDescriptions': [1785804815104: Object, 1785805122920: Object, 1785805123200: Object, 1785805120344: Object, 1785805121520: Object, 1785805120848: Object, 1785805122248: Object, 1785804919080: Object, 1785804922160: Object, 1785804922440: Object, 1785804922720: Object, 1785804971368: Object, 1785804969240: Object, 1785804970696: Object, 1785804970640: Object, 1785804970808: Object]}
(Thread-8) 190618_12:31:45.401 INFO client.py:88 REQUEST reqMatchingSymbols {'reqId': 200026, 'pattern': 'W'}
(Thread-8) 190618_12:31:45.401 INFO client.py:77 SENDING reqMatchingSymbols b'\x00\x00\x00\x0c81\x00200026\x00W\x00'
(MainThread) 190618_12:31:45.566 INFO wrapper.py:48 ANSWER symbolSamples {'reqId': 200026, 'contractDescriptions': [1785804921992: Object, 1785804922104: Object, 1785804921936: Object, 1785804922608: Object, 1785805123256: Object, 1785805123424: Object, 1785805120008: Object, 1785805122864: Object, 1785805119728: Object, 1785805121128: Object, 1785805122640: Object, 1785805123480: Object, 1785804971144: Object, 1785804968736: Object, 1785804968288: Object, 1785804969352: Object]}
(Thread-8) 190618_12:31:46.439 INFO client.py:88 REQUEST reqMatchingSymbols {'reqId': 200027, 'pattern': 'X'}
(Thread-8) 190618_12:31:46.439 INFO client.py:77 SENDING reqMatchingSymbols b'\x00\x00\x00\x0c81\x00200027\x00X\x00'
(MainThread) 190618_12:31:46.613 INFO wrapper.py:48 ANSWER symbolSamples {'reqId': 200027, 'contractDescriptions': [1785804815216: Object, 1785805121352: Object, 1785805121520: Object, 1785805120568: Object, 1785805120400: Object, 1785805122640: Object, 1785805122080: Object, 1785804919080: Object, 1785804921768: Object, 1785804920984: Object, 1785804920200: Object, 1785804921152: Object, 1785804922328: Object, 1785804968344: Object, 1785804968680: Object, 1785804968792: Object, 1785804971032: Object, 1785804971424: Object]}
(Thread-8) 190618_12:31:47.471 INFO client.py:88 REQUEST reqMatchingSymbols {'reqId': 200028, 'pattern': 'Y'}
(Thread-8) 190618_12:31:47.471 INFO client.py:77 SENDING reqMatchingSymbols b'\x00\x00\x00\x0c81\x00200028\x00Y\x00'
(MainThread) 190618_12:31:47.641 INFO wrapper.py:48 ANSWER symbolSamples {'reqId': 200028, 'contractDescriptions': [1785804921992: Object, 1785804922496: Object, 1785804921656: Object, 1785804920312: Object, 1785805122416: Object, 1785805121072: Object, 1785805121520: Object, 1785805120568: Object, 1785805123032: Object, 1785805122640: Object, 1785805122080: Object, 1785805121464: Object, 1785804969296: Object, 1785804971704: Object, 1785804968288: Object, 1785804968064: Object, 1785804969744: Object]}
(Thread-8) 190618_12:31:48.507 INFO client.py:88 REQUEST reqMatchingSymbols {'reqId': 200029, 'pattern': 'Z'}
(Thread-8) 190618_12:31:48.507 INFO client.py:77 SENDING reqMatchingSymbols b'\x00\x00\x00\x0c81\x00200029\x00Z\x00'
(MainThread) 190618_12:31:48.676 INFO wrapper.py:48 ANSWER symbolSamples {'reqId': 200029, 'contractDescriptions': [1785805121744: Object, 1785805123368: Object, 1785805120568: Object, 1785805120288: Object, 1785805123032: Object, 1785805121800: Object, 1785805122136: Object, 1785804921208: Object, 1785804922160: Object, 1785804921936: Object, 1785804921152: Object, 1785804968512: Object, 1785804971312: Object, 1785804970584: Object, 1785804969464: Object, 1785804968456: Object, 1785804970528: Object]}
(Thread-8) 190618_12:31:49.543 INFO client.py:88 REQUEST reqMatchingSymbols {'reqId': 200030, 'pattern': 'AA'}
(Thread-8) 190618_12:31:49.543 INFO client.py:77 SENDING reqMatchingSymbols b'\x00\x00\x00\r81\x00200030\x00AA\x00'
(MainThread) 190618_12:31:49.713 INFO wrapper.py:48 ANSWER symbolSamples {'reqId': 200030, 'contractDescriptions': [1785804921936: Object, 1785804920312: Object, 1785804922384: Object, 1785805121744: Object, 1785805123368: Object, 1785805121632: Object, 1785805120288: Object, 1785805123032: Object, 1785805120736: Object, 1785805122752: Object, 1785804969632: Object, 1785804969520: Object, 1785804971032: Object, 1785804968624: Object, 1785804971760: Object, 1785804971648: Object, 1785804968456: Object]}
(Thread-8) 190618_12:31:50.573 INFO client.py:88 REQUEST reqMatchingSymbols {'reqId': 200031, 'pattern': 'AB'}
(Thread-8) 190618_12:31:50.573 INFO client.py:77 SENDING reqMatchingSymbols b'\x00\x00\x00\r81\x00200031\x00AB\x00'
(MainThread) 190618_12:31:50.750 INFO wrapper.py:48 ANSWER symbolSamples {'reqId': 200031, 'contractDescriptions': [1785805120568: Object, 1785805120512: Object, 1785805120064: Object, 1785805121800: Object, 1785805119784: Object, 1785805121576: Object, 1785804921992: Object, 1785804922216: Object, 1785804920088: Object, 1785804920480: Object, 1785804969968: Object, 1785804971480: Object, 1785804970976: Object, 1785804968232: Object, 1785804968512: Object, 1785804969912: Object, 1785804970584: Object]}
(Thread-8) 190618_12:31:51.609 INFO client.py:88 REQUEST reqMatchingSymbols {'reqId': 200032, 'pattern': 'AC'}
(Thread-8) 190618_12:31:51.609 INFO client.py:77 SENDING reqMatchingSymbols b'\x00\x00\x00\r81\x00200032\x00AC\x00'
(MainThread) 190618_12:31:51.789 INFO wrapper.py:48 ANSWER symbolSamples {'reqId': 200032, 'contractDescriptions': [1785804922720: Object, 1785804919080: Object, 1785804922328: Object, 1785805120960: Object, 1785805123536: Object, 1785805121632: Object, 1785805122472: Object, 1785805122304: Object, 1785805123480: Object, 1785804969464: Object, 1785804968120: Object, 1785804968064: Object, 1785804968176: Object, 1785804971704: Object, 1785804969520: Object, 1785804968288: Object, 1785804969744: Object, 1785804971592: Object, 1785804971816: Object, 1785805181112: Object]}
(Thread-8) 190618_12:31:52.640 INFO client.py:88 REQUEST reqMatchingSymbols {'reqId': 200033, 'pattern': 'AD'}
(Thread-8) 190618_12:31:52.640 INFO client.py:77 SENDING reqMatchingSymbols b'\x00\x00\x00\r81\x00200033\x00AD\x00'
(MainThread) 190618_12:31:52.828 INFO wrapper.py:48 ANSWER symbolSamples {'reqId': 200033, 'contractDescriptions': [1785804972216: Object, 1785804974064: Object, 1785804815944: Object, 1785805121240: Object, 1785805120288: Object, 1785805121128: Object, 1785805122584: Object, 1785805122752: Object, 1785805121464: Object, 1785804970248: Object, 1785804970360: Object, 1785804970640: Object, 1785804971872: Object, 1785804970808: Object, 1785804969352: Object, 1785804971928: Object, 1785804970472: Object]}
(Thread-9) 190618_12:31:55.843 INFO client.py:88 REQUEST reqMatchingSymbols {'reqId': 200035, 'pattern': 'AE'}
(Thread-9) 190618_12:31:55.843 INFO client.py:77 SENDING reqMatchingSymbols b'\x00\x00\x00\r81\x00200035\x00AE\x00'
(MainThread) 190618_12:31:56.011 INFO wrapper.py:48 ANSWER symbolSamples {'reqId': 200035, 'contractDescriptions': [1785804972328: Object, 1785805122472: Object, 1785805122640: Object, 1785805123480: Object, 1785805121576: Object, 1785804971816: Object, 1785804970192: Object, 1785804971256: Object, 1785804969184: Object, 1785804969632: Object, 1785804971872: Object, 1785804970808: Object, 1785804969352: Object, 1785804971144: Object, 1785804969576: Object, 1785804922104: Object, 1785804922552: Object]}
(Thread-9) 190618_12:31:56.882 INFO client.py:88 REQUEST reqMatchingSymbols {'reqId': 200036, 'pattern': 'AF'}
(Thread-9) 190618_12:31:56.892 INFO client.py:77 SENDING reqMatchingSymbols b'\x00\x00\x00\r81\x00200036\x00AF\x00'
(MainThread) 190618_12:31:57.050 INFO wrapper.py:48 ANSWER symbolSamples {'reqId': 200036, 'contractDescriptions': [1785804973840: Object, 1785805121128: Object, 1785805121968: Object, 1785805122528: Object, 1785804971816: Object, 1785804970920: Object, 1785804971648: Object, 1785804969408: Object, 1785804970080: Object, 1785804971872: Object, 1785804969072: Object, 1785804971928: Object, 1785804969800: Object, 1785804968344: Object, 1785804920984: Object, 1785804922328: Object, 1785804922832: Object, 1785804921600: Object]}
(Thread-9) 190618_12:31:57.916 INFO client.py:88 REQUEST reqMatchingSymbols {'reqId': 200037, 'pattern': 'AG'}
(Thread-9) 190618_12:31:57.926 INFO client.py:77 SENDING reqMatchingSymbols b'\x00\x00\x00\r81\x00200037\x00AG\x00'
(MainThread) 190618_12:31:58.082 INFO wrapper.py:48 ANSWER symbolSamples {'reqId': 200037, 'contractDescriptions': [1785804972216: Object, 1785805122808: Object, 1785805122024: Object, 1785805120736: Object, 1785804971312: Object, 1785804969240: Object, 1785804969464: Object, 1785804970248: Object, 1785804968120: Object, 1785804969968: Object, 1785804971872: Object, 1785804971536: Object, 1785804970024: Object, 1785804971200: Object, 1785804922552: Object, 1785804922328: Object]}
(Thread-9) 190618_12:31:58.958 INFO client.py:88 REQUEST reqMatchingSymbols {'reqId': 200038, 'pattern': 'AH'}
(Thread-9) 190618_12:31:58.959 INFO client.py:77 SENDING reqMatchingSymbols b'\x00\x00\x00\r81\x00200038\x00AH\x00'
(MainThread) 190618_12:31:59.117 INFO wrapper.py:48 ANSWER symbolSamples {'reqId': 200038, 'contractDescriptions': [1785805122192: Object, 1785805122248: Object, 1785805122696: Object, 1785804970472: Object, 1785804971368: Object, 1785804968568: Object, 1785804968736: Object, 1785804970696: Object, 1785804969856: Object, 1785804971480: Object, 1785804971536: Object, 1785804969352: Object, 1785804968344: Object, 1785804971200: Object, 1785804920200: Object]}
(Thread-9) 190618_12:31:59.988 INFO client.py:88 REQUEST reqMatchingSymbols {'reqId': 200039, 'pattern': 'AI'}
(Thread-9) 190618_12:31:59.988 INFO client.py:77 SENDING reqMatchingSymbols b'\x00\x00\x00\r81\x00200039\x00AI\x00'
(MainThread) 190618_12:32:00.150 INFO wrapper.py:48 ANSWER symbolSamples {'reqId': 200039, 'contractDescriptions': [1785805122136: Object, 1785805120736: Object, 1785805123480: Object, 1785804970864: Object, 1785804970192: Object, 1785804968960: Object, 1785804970640: Object, 1785804971480: Object, 1785804969520: Object, 1785804969072: Object, 1785804969912: Object, 1785804971592: Object, 1785804919080: Object, 1785804920200: Object, 1785804922272: Object, 1785804921992: Object, 1785804973784: Object, 1785804973560: Object, 1785805246928: Object]}
(Thread-9) 190618_12:32:01.020 INFO client.py:88 REQUEST reqMatchingSymbols {'reqId': 200040, 'pattern': 'AJ'}
(Thread-9) 190618_12:32:01.020 INFO client.py:77 SENDING reqMatchingSymbols b'\x00\x00\x00\r81\x00200040\x00AJ\x00'
(MainThread) 190618_12:32:01.190 INFO wrapper.py:48 ANSWER symbolSamples {'reqId': 200040, 'contractDescriptions': [1785805122080: Object, 1785805122024: Object, 1785805122528: Object, 1785804969240: Object, 1785804971816: Object, 1785804970360: Object, 1785804970696: Object, 1785804969968: Object, 1785804968120: Object, 1785804969520: Object, 1785804970528: Object, 1785804971032: Object, 1785804969576: Object, 1785804922552: Object, 1785804922440: Object]}
(Thread-9) 190618_12:32:02.051 INFO client.py:88 REQUEST reqMatchingSymbols {'reqId': 200041, 'pattern': 'AK'}
(Thread-9) 190618_12:32:02.051 INFO client.py:77 SENDING reqMatchingSymbols b'\x00\x00\x00\r81\x00200041\x00AK\x00'
(MainThread) 190618_12:32:02.230 INFO wrapper.py:48 ANSWER symbolSamples {'reqId': 200041, 'contractDescriptions': [1785804969296: Object, 1785804969016: Object, 1785804969408: Object, 1785804970696: Object, 1785804969184: Object, 1785804968120: Object, 1785804971536: Object, 1785804971144: Object, 1785804968512: Object, 1785804971200: Object, 1785805121016: Object, 1785805120736: Object, 1785805122248: Object, 1785804920928: Object, 1785804920256: Object]}
(Thread-9) 190618_12:32:03.091 INFO client.py:88 REQUEST reqMatchingSymbols {'reqId': 200042, 'pattern': 'AL'}
(Thread-9) 190618_12:32:03.091 INFO client.py:77 SENDING reqMatchingSymbols b'\x00\x00\x00\r81\x00200042\x00AL\x00'
(MainThread) 190618_12:32:03.270 INFO wrapper.py:48 ANSWER symbolSamples {'reqId': 200042, 'contractDescriptions': [1785805122080: Object, 1785805122248: Object, 1785805121464: Object, 1785804920984: Object, 1785804922664: Object, 1785804922720: Object, 1785804970864: Object, 1785804970360: Object, 1785804969464: Object, 1785804969632: Object, 1785804968904: Object, 1785804969072: Object, 1785804971536: Object, 1785804971144: Object, 1785804968512: Object, 1785805258880: Object, 1785805259216: Object]}
(Thread-9) 190618_12:32:04.128 INFO client.py:88 REQUEST reqMatchingSymbols {'reqId': 200043, 'pattern': 'AM'}
(Thread-9) 190618_12:32:04.128 INFO client.py:77 SENDING reqMatchingSymbols b'\x00\x00\x00\r81\x00200043\x00AM\x00'
(MainThread) 190618_12:32:04.355 INFO wrapper.py:48 ANSWER symbolSamples {'reqId': 200043, 'contractDescriptions': [1785805121912: Object, 1785805122528: Object, 1785804921600: Object, 1785804922104: Object, 1785804922216: Object, 1785804968792: Object, 1785804971368: Object, 1785804968736: Object, 1785804970920: Object, 1785804968960: Object, 1785804968120: Object, 1785804969856: Object, 1785804968232: Object, 1785804971928: Object, 1785804971424: Object, 1785805246816: Object, 1785805247264: Object]}
(Thread-9) 190618_12:32:05.164 INFO client.py:88 REQUEST reqMatchingSymbols {'reqId': 200044, 'pattern': 'AN'}
(Thread-9) 190618_12:32:05.164 INFO client.py:77 SENDING reqMatchingSymbols b'\x00\x00\x00\r81\x00200044\x00AN\x00'
(MainThread) 190618_12:32:05.339 INFO wrapper.py:48 ANSWER symbolSamples {'reqId': 200044, 'contractDescriptions': [1785804815104: Object, 1785804974064: Object, 1785805121128: Object, 1785805120400: Object, 1785805122416: Object, 1785805120960: Object, 1785804921208: Object, 1785804922104: Object, 1785804922664: Object, 1785804922048: Object, 1785804970864: Object, 1785804970360: Object, 1785804971648: Object, 1785804968008: Object, 1785804968456: Object, 1785804970640: Object, 1785804970976: Object]}
(Thread-10) 190618_12:32:08.387 INFO client.py:88 REQUEST reqMatchingSymbols {'reqId': 200046, 'pattern': 'AO'}
(Thread-10) 190618_12:32:08.387 INFO client.py:77 SENDING reqMatchingSymbols b'\x00\x00\x00\r81\x00200046\x00AO\x00'
(MainThread) 190618_12:32:08.557 INFO wrapper.py:48 ANSWER symbolSamples {'reqId': 200046, 'contractDescriptions': [1785804922328: Object, 1785805120736: Object, 1785805120344: Object, 1785805122976: Object, 1785805123088: Object, 1785805122192: Object, 1785804971872: Object, 1785804968288: Object, 1785804969296: Object, 1785804971312: Object, 1785804969408: Object, 1785804969128: Object, 1785804970640: Object, 1785804969968: Object, 1785804971032: Object, 1785804968344: Object]}
(Thread-10) 190618_12:32:09.422 INFO client.py:88 REQUEST reqMatchingSymbols {'reqId': 200047, 'pattern': 'AP'}
(Thread-10) 190618_12:32:09.422 INFO client.py:77 SENDING reqMatchingSymbols b'\x00\x00\x00\r81\x00200047\x00AP\x00'
(MainThread) 190618_12:32:09.584 INFO wrapper.py:48 ANSWER symbolSamples {'reqId': 200047, 'contractDescriptions': [1785804922496: Object, 1785804971424: Object, 1785804971144: Object, 1785804968400: Object, 1785804968064: Object, 1785804969240: Object, 1785804968848: Object, 1785804969520: Object, 1785804970808: Object, 1785804971928: Object, 1785805120400: Object, 1785805121520: Object, 1785805121016: Object, 1785805122192: Object, 1785805239688: Object, 1785805238400: Object, 1785805238624: Object]}
(Thread-10) 190618_12:32:10.487 INFO client.py:88 REQUEST reqMatchingSymbols {'reqId': 200048, 'pattern': 'AQ'}
(Thread-10) 190618_12:32:10.487 INFO client.py:77 SENDING reqMatchingSymbols b'\x00\x00\x00\r81\x00200048\x00AQ\x00'
(MainThread) 190618_12:32:10.658 INFO wrapper.py:48 ANSWER symbolSamples {'reqId': 200048, 'contractDescriptions': [1785804971256: Object, 1785804970864: Object, 1785804968736: Object, 1785804970920: Object, 1785804968008: Object, 1785804970640: Object, 1785804969520: Object, 1785804970136: Object, 1785804968512: Object, 1785805123480: Object, 1785805120400: Object, 1785805122416: Object, 1785805119728: Object, 1785805121240: Object, 1785804921936: Object, 1785804921992: Object, 1785805241032: Object]}
(Thread-10) 190618_12:32:11.529 INFO client.py:88 REQUEST reqMatchingSymbols {'reqId': 200049, 'pattern': 'AR'}
(Thread-10) 190618_12:32:11.529 INFO client.py:77 SENDING reqMatchingSymbols b'\x00\x00\x00\r81\x00200049\x00AR\x00'
(MainThread) 190618_12:32:11.706 INFO wrapper.py:48 ANSWER symbolSamples {'reqId': 200049, 'contractDescriptions': [1785805123368: Object, 1785805121128: Object, 1785805121240: Object, 1785804920368: Object, 1785804922664: Object, 1785804971704: Object, 1785804971256: Object, 1785804968400: Object, 1785804971536: Object, 1785804969464: Object, 1785804968848: Object, 1785804970080: Object, 1785804970136: Object, 1785804968512: Object, 1785805240472: Object, 1785805239016: Object, 1785805239072: Object]}
(Thread-10) 190618_12:32:12.564 INFO client.py:88 REQUEST reqMatchingSymbols {'reqId': 200050, 'pattern': 'AS'}
(Thread-10) 190618_12:32:12.564 INFO client.py:77 SENDING reqMatchingSymbols b'\x00\x00\x00\r81\x00200050\x00AS\x00'
(MainThread) 190618_12:32:12.741 INFO wrapper.py:48 ANSWER symbolSamples {'reqId': 200050, 'contractDescriptions': [1785804970360: Object, 1785804970976: Object, 1785804968736: Object, 1785804971984: Object, 1785804969184: Object, 1785804969016: Object, 1785804969128: Object, 1785804969520: Object, 1785804971032: Object, 1785804971928: Object, 1785805123256: Object, 1785805121744: Object, 1785805123088: Object, 1785805121240: Object, 1785805240192: Object]}
(Thread-10) 190618_12:32:13.597 INFO client.py:88 REQUEST reqMatchingSymbols {'reqId': 200051, 'pattern': 'AT'}
(Thread-10) 190618_12:32:13.597 INFO client.py:77 SENDING reqMatchingSymbols b'\x00\x00\x00\r81\x00200051\x00AT\x00'
(MainThread) 190618_12:32:13.771 INFO wrapper.py:48 ANSWER symbolSamples {'reqId': 200051, 'contractDescriptions': [1785805120848: Object, 1785805120064: Object, 1785805123256: Object, 1785805120288: Object, 1785804971872: Object, 1785804968176: Object, 1785804971368: Object, 1785804969296: Object, 1785804969184: Object, 1785804969016: Object, 1785804968624: Object, 1785804968120: Object, 1785804971928: Object, 1785805241200: Object, 1785805238848: Object, 1785805240808: Object, 1785805238568: Object, 1785805239744: Object]}
(Thread-10) 190618_12:32:14.631 INFO client.py:88 REQUEST reqMatchingSymbols {'reqId': 200052, 'pattern': 'AU'}
(Thread-10) 190618_12:32:14.631 INFO client.py:77 SENDING reqMatchingSymbols b'\x00\x00\x00\r81\x00200052\x00AU\x00'
(MainThread) 190618_12:32:14.811 INFO wrapper.py:48 ANSWER symbolSamples {'reqId': 200052, 'contractDescriptions': [1785805120400: Object, 1785805122080: Object, 1785805123256: Object, 1785804971480: Object, 1785804971200: Object, 1785804971760: Object, 1785804970920: Object, 1785804971984: Object, 1785804969240: Object, 1785804968680: Object, 1785804968624: Object, 1785804968120: Object, 1785804970136: Object, 1785804922552: Object, 1785805259048: Object, 1785805259384: Object, 1785805259720: Object]}
(Thread-10) 190618_12:32:15.666 INFO client.py:88 REQUEST reqMatchingSymbols {'reqId': 200053, 'pattern': 'AV'}
(Thread-10) 190618_12:32:15.666 INFO client.py:77 SENDING reqMatchingSymbols b'\x00\x00\x00\r81\x00200053\x00AV\x00'
(MainThread) 190618_12:32:15.914 INFO wrapper.py:48 ANSWER symbolSamples {'reqId': 200053, 'contractDescriptions': [1785804970192: Object, 1785804970472: Object, 1785804971648: Object, 1785804971816: Object, 1785804968848: Object, 1785804970752: Object, 1785804971424: Object, 1785804969632: Object, 1785805120064: Object, 1785805121744: Object, 1785805121464: Object, 1785805120288: Object, 1785805261120: Object, 1785805261008: Object, 1785805260392: Object, 1785805259832: Object]}
(Thread-10) 190618_12:32:16.755 INFO client.py:88 REQUEST reqMatchingSymbols {'reqId': 200054, 'pattern': 'AW'}
(Thread-10) 190618_12:32:16.755 INFO client.py:77 SENDING reqMatchingSymbols b'\x00\x00\x00\r81\x00200054\x00AW\x00'
(MainThread) 190618_12:32:16.930 INFO wrapper.py:48 ANSWER symbolSamples {'reqId': 200054, 'contractDescriptions': [1785805120512: Object, 1785805122192: Object, 1785805121240: Object, 1785804971256: Object, 1785804971536: Object, 1785804968568: Object, 1785804968736: Object, 1785804968904: Object, 1785804968848: Object, 1785804968512: Object, 1785804971032: Object, 1785804970024: Object, 1785805261288: Object, 1785805260728: Object, 1785805259832: Object]}
(Thread-10) 190618_12:32:17.790 INFO client.py:88 REQUEST reqMatchingSymbols {'reqId': 200055, 'pattern': 'AX'}
(Thread-10) 190618_12:32:17.790 INFO client.py:77 SENDING reqMatchingSymbols b'\x00\x00\x00\r81\x00200055\x00AX\x00'
(MainThread) 190618_12:32:17.966 INFO wrapper.py:48 ANSWER symbolSamples {'reqId': 200055, 'contractDescriptions': [1785781114472: Object, 1785804972552: Object, 1785804922720: Object, 1785804922608: Object, 1785804969128: Object, 1785804971872: Object, 1785804969576: Object, 1785804968064: Object, 1785804968680: Object, 1785804969520: Object, 1785804969856: Object, 1785804970584: Object, 1785805120848: Object, 1785805122416: Object, 1785805120288: Object, 1785805122192: Object]}
(Thread-11) 190618_12:32:21.014 INFO client.py:88 REQUEST reqMatchingSymbols {'reqId': 200057, 'pattern': 'AY'}
(Thread-11) 190618_12:32:21.014 INFO client.py:77 SENDING reqMatchingSymbols b'\x00\x00\x00\r81\x00200057\x00AY\x00'
(MainThread) 190618_12:32:21.184 INFO wrapper.py:48 ANSWER symbolSamples {'reqId': 200057, 'contractDescriptions': [1785804922328: Object, 1785804970360: Object, 1785804970920: Object, 1785804970752: Object, 1785804970080: Object, 1785804969744: Object, 1785804970528: Object, 1785805121128: Object, 1785805123368: Object, 1785805122080: Object, 1785805120288: Object, 1785805120064: Object, 1785805295968: Object, 1785805296304: Object, 1785805296640: Object, 1785805296976: Object]}
(Thread-11) 190618_12:32:22.055 INFO client.py:88 REQUEST reqMatchingSymbols {'reqId': 200058, 'pattern': 'AZ'}
(Thread-11) 190618_12:32:22.055 INFO client.py:77 SENDING reqMatchingSymbols b'\x00\x00\x00\r81\x00200058\x00AZ\x00'
(MainThread) 190618_12:32:22.225 INFO wrapper.py:48 ANSWER symbolSamples {'reqId': 200058, 'contractDescriptions': [1785804920928: Object, 1785805121464: Object, 1785805120960: Object, 1785805123368: Object, 1785805122248: Object, 1785804971088: Object, 1785804968680: Object, 1785804969520: Object, 1785804969856: Object, 1785804970808: Object, 1785805298544: Object, 1785805297872: Object, 1785805297200: Object, 1785805295968: Object, 1785805296304: Object, 1785805296640: Object]}
(Thread-11) 190618_12:32:23.096 INFO client.py:88 REQUEST reqMatchingSymbols {'reqId': 200059, 'pattern': 'BA'}
(Thread-11) 190618_12:32:23.096 INFO client.py:77 SENDING reqMatchingSymbols b'\x00\x00\x00\r81\x00200059\x00BA\x00'
(MainThread) 190618_12:32:23.297 INFO wrapper.py:48 ANSWER symbolSamples {'reqId': 200059, 'contractDescriptions': [1785804921992: Object, 1785804968680: Object, 1785804968512: Object, 1785804968848: Object, 1785804969352: Object, 1785805122304: Object, 1785805122080: Object, 1785805123200: Object, 1785805120288: Object, 1785805120064: Object, 1785805300008: Object, 1785805300344: Object, 1785805300904: Object, 1785805301240: Object, 1785805301576: Object, 1785805302136: Object, 1785805302472: Object]}
(Thread-11) 190618_12:32:24.168 INFO client.py:88 REQUEST reqMatchingSymbols {'reqId': 200060, 'pattern': 'BB'}
(Thread-11) 190618_12:32:24.168 INFO client.py:77 SENDING reqMatchingSymbols b'\x00\x00\x00\r81\x00200060\x00BB\x00'
(MainThread) 190618_12:32:24.338 INFO wrapper.py:48 ANSWER symbolSamples {'reqId': 200060, 'contractDescriptions': [1785805120960: Object, 1785805123200: Object, 1785805122248: Object, 1785804968456: Object, 1785804971312: Object, 1785804971928: Object, 1785804970640: Object, 1785804971200: Object, 1785805316336: Object, 1785805316672: Object, 1785805317232: Object, 1785805317624: Object, 1785805318128: Object, 1785805318464: Object, 1785805318856: Object, 1785805319192: Object, 1785805319584: Object, 1785805319920: Object]}
(Thread-11) 190618_12:32:25.195 INFO client.py:88 REQUEST reqMatchingSymbols {'reqId': 200061, 'pattern': 'BC'}
(Thread-11) 190618_12:32:25.195 INFO client.py:77 SENDING reqMatchingSymbols b'\x00\x00\x00\r81\x00200061\x00BC\x00'
(MainThread) 190618_12:32:25.364 INFO wrapper.py:48 ANSWER symbolSamples {'reqId': 200061, 'contractDescriptions': [1785804970360: Object, 1785804970752: Object, 1785804969016: Object, 1785804970640: Object, 1785804970584: Object, 1785805123256: Object, 1785805122080: Object, 1785805120736: Object, 1785805122248: Object, 1785805313248: Object, 1785805313472: Object, 1785805313752: Object, 1785805312520: Object, 1785805312576: Object, 1785805313136: Object, 1785805314256: Object, 1785805314592: Object, 1785805314984: Object]}
(Thread-11) 190618_12:32:26.242 INFO client.py:88 REQUEST reqMatchingSymbols {'reqId': 200062, 'pattern': 'BD'}
(Thread-11) 190618_12:32:26.242 INFO client.py:77 SENDING reqMatchingSymbols b'\x00\x00\x00\r81\x00200062\x00BD\x00'
(MainThread) 190618_12:32:26.411 INFO wrapper.py:48 ANSWER symbolSamples {'reqId': 200062, 'contractDescriptions': [1785805121632: Object, 1785805122192: Object, 1785805122248: Object, 1785804968680: Object, 1785804971648: Object, 1785804969520: Object, 1785804971424: Object, 1785804969744: Object, 1785804969184: Object, 1785804921992: Object, 1785805316048: Object, 1785805314984: Object, 1785805313248: Object, 1785805312688: Object, 1785805312184: Object]}
(Thread-11) 190618_12:32:27.271 INFO client.py:88 REQUEST reqMatchingSymbols {'reqId': 200063, 'pattern': 'BE'}
(Thread-11) 190618_12:32:27.281 INFO client.py:77 SENDING reqMatchingSymbols b'\x00\x00\x00\r81\x00200063\x00BE\x00'
(MainThread) 190618_12:32:27.444 INFO wrapper.py:48 ANSWER symbolSamples {'reqId': 200063, 'contractDescriptions': [1785804970752: Object, 1785804970416: Object, 1785804968512: Object, 1785804969352: Object, 1785805122080: Object, 1785805120848: Object, 1785805120736: Object, 1785805122024: Object, 1785805295744: Object, 1785805296136: Object, 1785805296472: Object, 1785805296864: Object, 1785805297200: Object, 1785805297704: Object, 1785805298096: Object, 1785805298544: Object, 1785805298936: Object]}
(Thread-11) 190618_12:32:28.321 INFO client.py:88 REQUEST reqMatchingSymbols {'reqId': 200064, 'pattern': 'BF'}
(Thread-11) 190618_12:32:28.321 INFO client.py:77 SENDING reqMatchingSymbols b'\x00\x00\x00\r81\x00200064\x00BF\x00'
(MainThread) 190618_12:32:28.487 INFO wrapper.py:48 ANSWER symbolSamples {'reqId': 200064, 'contractDescriptions': [1785805121632: Object, 1785805122304: Object, 1785805122024: Object, 1785804970752: Object, 1785804970416: Object, 1785804968512: Object, 1785804971200: Object, 1785804970976: Object, 1785805300064: Object, 1785805300400: Object, 1785805300736: Object, 1785805301128: Object, 1785805301464: Object, 1785805301800: Object, 1785805302192: Object]}
(Thread-11) 190618_12:32:29.364 INFO client.py:88 REQUEST reqMatchingSymbols {'reqId': 200065, 'pattern': 'BG'}
(Thread-11) 190618_12:32:29.364 INFO client.py:77 SENDING reqMatchingSymbols b'\x00\x00\x00\r81\x00200065\x00BG\x00'
(MainThread) 190618_12:32:29.531 INFO wrapper.py:48 ANSWER symbolSamples {'reqId': 200065, 'contractDescriptions': [1785804971648: Object, 1785804968848: Object, 1785804970024: Object, 1785804971424: Object, 1785804970808: Object, 1785805120848: Object, 1785805121240: Object, 1785805122304: Object, 1785805122024: Object, 1785805303648: Object, 1785805302248: Object, 1785805299840: Object, 1785805300232: Object, 1785805300568: Object, 1785805300904: Object, 1785805301240: Object, 1785805301800: Object]}
(Thread-11) 190618_12:32:30.401 INFO client.py:88 REQUEST reqMatchingSymbols {'reqId': 200066, 'pattern': 'BH'}
(Thread-11) 190618_12:32:30.401 INFO client.py:77 SENDING reqMatchingSymbols b'\x00\x00\x00\r81\x00200066\x00BH\x00'
(MainThread) 190618_12:32:30.571 INFO wrapper.py:48 ANSWER symbolSamples {'reqId': 200066, 'contractDescriptions': [1785804973952: Object, 1785805120064: Object, 1785805122192: Object, 1785804921600: Object, 1785804971144: Object, 1785804968680: Object, 1785804970920: Object, 1785804971088: Object, 1785804969856: Object, 1785804968400: Object, 1785804970976: Object, 1785805312072: Object, 1785805312576: Object, 1785805312912: Object, 1785805313416: Object, 1785805313864: Object, 1785805314200: Object]}
(Thread-12) 190618_12:32:33.618 INFO client.py:88 REQUEST reqMatchingSymbols {'reqId': 200068, 'pattern': 'BI'}
(Thread-12) 190618_12:32:33.618 INFO client.py:77 SENDING reqMatchingSymbols b'\x00\x00\x00\r81\x00200068\x00BI\x00'
(MainThread) 190618_12:32:33.788 INFO wrapper.py:48 ANSWER symbolSamples {'reqId': 200068, 'contractDescriptions': [1785804922384: Object, 1785804970024: Object, 1785804968456: Object, 1785804969632: Object, 1785805122416: Object, 1785805121240: Object, 1785805300008: Object, 1785805300512: Object, 1785805300904: Object, 1785805301240: Object, 1785805301576: Object, 1785805302080: Object, 1785805302640: Object, 1785805303032: Object, 1785805303480: Object]}
(Thread-12) 190618_12:32:34.645 INFO client.py:88 REQUEST reqMatchingSymbols {'reqId': 200069, 'pattern': 'BJ'}
(Thread-12) 190618_12:32:34.645 INFO client.py:77 SENDING reqMatchingSymbols b'\x00\x00\x00\r81\x00200069\x00BJ\x00'
(MainThread) 190618_12:32:34.823 INFO wrapper.py:48 ANSWER symbolSamples {'reqId': 200069, 'contractDescriptions': [1785793770832: Object, 1785805121520: Object, 1785805123256: Object, 1785804970472: Object, 1785804970528: Object, 1785804968400: Object, 1785804968064: Object, 1785804969632: Object, 1785804971256: Object, 1785805332832: Object, 1785805333224: Object, 1785805333560: Object, 1785805333896: Object, 1785805334288: Object, 1785805334624: Object, 1785805334960: Object]}
(Thread-12) 190618_12:32:35.683 INFO client.py:88 REQUEST reqMatchingSymbols {'reqId': 200070, 'pattern': 'BK'}
(Thread-12) 190618_12:32:35.683 INFO client.py:77 SENDING reqMatchingSymbols b'\x00\x00\x00\r81\x00200070\x00BK\x00'
(MainThread) 190618_12:32:35.853 INFO wrapper.py:48 ANSWER symbolSamples {'reqId': 200070, 'contractDescriptions': [1785793771336: Object, 1785804968400: Object, 1785804971200: Object, 1785804971424: Object, 1785804970416: Object, 1785805121016: Object, 1785805123480: Object, 1785805121072: Object, 1785805312352: Object, 1785805312688: Object, 1785805313080: Object, 1785805313416: Object, 1785805313752: Object, 1785805314256: Object, 1785805314760: Object, 1785805315096: Object, 1785805315656: Object, 1785805315992: Object]}
(Thread-12) 190618_12:32:36.729 INFO client.py:88 REQUEST reqMatchingSymbols {'reqId': 200071, 'pattern': 'BL'}
(Thread-12) 190618_12:32:36.729 INFO client.py:77 SENDING reqMatchingSymbols b'\x00\x00\x00\r81\x00200071\x00BL\x00'
(MainThread) 190618_12:32:36.896 INFO wrapper.py:48 ANSWER symbolSamples {'reqId': 200071, 'contractDescriptions': [1785805120064: Object, 1785805122976: Object, 1785804968904: Object, 1785804970920: Object, 1785804970192: Object, 1785804968456: Object, 1785804969856: Object, 1785805312184: Object, 1785805312520: Object, 1785805312856: Object, 1785805313304: Object, 1785805313640: Object, 1785805314144: Object, 1785805314480: Object, 1785805314816: Object, 1785805315152: Object]}
(Thread-12) 190618_12:32:37.774 INFO client.py:88 REQUEST reqMatchingSymbols {'reqId': 200072, 'pattern': 'BM'}
(Thread-12) 190618_12:32:37.774 INFO client.py:77 SENDING reqMatchingSymbols b'\x00\x00\x00\r81\x00200072\x00BM\x00'
(MainThread) 190618_12:32:37.944 INFO wrapper.py:48 ANSWER symbolSamples {'reqId': 200072, 'contractDescriptions': [1785805121520: Object, 1785804970136: Object, 1785804970080: Object, 1785804968120: Object, 1785804969184: Object, 1785804969632: Object, 1785804969856: Object, 1785805332832: Object, 1785805333168: Object, 1785805333672: Object, 1785805334120: Object, 1785805334456: Object, 1785805334960: Object, 1785805335296: Object, 1785805335632: Object]}
(Thread-12) 190618_12:32:38.813 INFO client.py:88 REQUEST reqMatchingSymbols {'reqId': 200073, 'pattern': 'BN'}
(Thread-12) 190618_12:32:38.814 INFO client.py:77 SENDING reqMatchingSymbols b'\x00\x00\x00\r81\x00200073\x00BN\x00'
(MainThread) 190618_12:32:38.976 INFO wrapper.py:48 ANSWER symbolSamples {'reqId': 200073, 'contractDescriptions': [1785805123256: Object, 1785804968904: Object, 1785804970976: Object, 1785804968064: Object, 1785804968456: Object, 1785804969744: Object, 1785805312072: Object, 1785805312520: Object, 1785805312856: Object, 1785805313360: Object, 1785805313696: Object, 1785805314032: Object, 1785805314480: Object, 1785805314872: Object, 1785805315208: Object, 1785805315656: Object]}
(Thread-12) 190618_12:32:39.847 INFO client.py:88 REQUEST reqMatchingSymbols {'reqId': 200074, 'pattern': 'BO'}
(Thread-12) 190618_12:32:39.847 INFO client.py:77 SENDING reqMatchingSymbols b'\x00\x00\x00\r81\x00200074\x00BO\x00'
(MainThread) 190618_12:32:40.010 INFO wrapper.py:48 ANSWER symbolSamples {'reqId': 200074, 'contractDescriptions': [1785804968288: Object, 1785804970136: Object, 1785804971256: Object, 1785804970024: Object, 1785804971368: Object, 1785805122304: Object, 1785805121016: Object, 1785805312128: Object, 1785805312464: Object, 1785805313024: Object, 1785805313360: Object, 1785805313864: Object, 1785805314368: Object, 1785805314704: Object, 1785805315264: Object, 1785805315768: Object]}
